Learning rate: 0.0001
Epoch: 0, [-0.68386215 -0.70025077 -0.91719633 -0.57434891 -0.68976499 -0.45124309
 -0.77902883]
Epoch: 1, [-0.68133804 -0.69586405 -0.91141907 -0.57158966 -0.68650256 -0.44955279
 -0.77488551]
Epoch: 2, [-0.67886985 -0.69155551 -0.9057416  -0.56888598 -0.6833043  -0.44789989
 -0.7708194 ]
Epoch: 3, [-0.67645587 -0.68732286 -0.90016095 -0.56623623 -0.6801683  -0.44628326
 -0.76682817]
Epoch: 4, [-0.67409448 -0.6831639  -0.89467425 -0.56363883 -0.67709269 -0.44470182
 -0.76290961]
Epoch: 5, [-0.6717841  -0.67907652 -0.88927877 -0.56109229 -0.67407569 -0.44315453
 -0.75906159]
Epoch: 6, [-0.66952323 -0.6750587  -0.88397187 -0.55859515 -0.67111562 -0.44164041
 -0.75528205]
Epoch: 7, [-0.66731042 -0.6711085  -0.87875103 -0.55614603 -0.66821081 -0.44015849
 -0.75156905]
Epoch: 8, [-0.66514429 -0.66722404 -0.87361381 -0.55374359 -0.66535971 -0.43870787
 -0.74792069]
Epoch: 9, [-0.6630235  -0.66340353 -0.86855789 -0.55138654 -0.6625608  -0.43728766
 -0.74433516]
Epoch: 10, [-0.66094677 -0.65964524 -0.863581   -0.54907366 -0.65981263 -0.43589701
 -0.74081072]
Epoch: 11, [-0.65891288 -0.65594751 -0.85868101 -0.54680375 -0.65711379 -0.43453512
 -0.73734568]
Epoch: 12, [-0.65692062 -0.65230875 -0.85385581 -0.54457568 -0.65446294 -0.4332012
 -0.73393843]
Epoch: 13, [-0.65496887 -0.64872741 -0.84910341 -0.54238835 -0.65185879 -0.4318945
 -0.73058743]
Epoch: 14, [-0.65305651 -0.645202   -0.84442188 -0.54024069 -0.64930008 -0.43061429
 -0.72729116]
Epoch: 15, [-0.6511825  -0.64173111 -0.83980935 -0.53813169 -0.64678562 -0.42935989
 -0.72404819]
Epoch: 16, [-0.64934581 -0.63831334 -0.83526404 -0.53606036 -0.64431424 -0.4281306
 -0.72085712]
Epoch: 17, [-0.64754546 -0.63494737 -0.83078421 -0.53402576 -0.64188482 -0.42692579
 -0.71771662]
Epoch: 18, [-0.64578049 -0.63163192 -0.8263682  -0.53202696 -0.63949629 -0.42574483
 -0.71462538]
Epoch: 19, [-0.64405    -0.62836575 -0.82201438 -0.5300631  -0.63714761 -0.42458712
 -0.71158216]
Epoch: 20, [-0.64235309 -0.62514767 -0.81772121 -0.52813332 -0.63483776 -0.42345208
 -0.70858575]
Epoch: 21, [-0.64068892 -0.62197651 -0.81348718 -0.52623679 -0.63256579 -0.42233915
 -0.70563499]
Epoch: 22, [-0.63905666 -0.61885117 -0.80931083 -0.52437272 -0.63033075 -0.42124777
 -0.70272875]
Epoch: 23, [-0.63745551 -0.61577057 -0.80519078 -0.52254035 -0.62813173 -0.42017744
 -0.69986594]
Epoch: 24, [-0.6358847  -0.61273367 -0.80112565 -0.52073893 -0.62596786 -0.41912765
 -0.6970455 ]
Epoch: 25, [-0.63434349 -0.60973945 -0.79711413 -0.51896774 -0.6238383  -0.4180979
 -0.69426643]
Epoch: 26, [-0.63283116 -0.60678695 -0.79315496 -0.5172261  -0.62174222 -0.41708772
 -0.69152774]
Epoch: 27, [-0.63134702 -0.60387521 -0.7892469  -0.51551332 -0.61967883 -0.41609667
 -0.68882847]
Epoch: 28, [-0.62989038 -0.60100334 -0.78538876 -0.51382877 -0.61764737 -0.41512428
 -0.68616771]
Epoch: 29, [-0.6284606  -0.59817044 -0.78157939 -0.51217181 -0.61564708 -0.41417015
 -0.68354455]
Epoch: 30, [-0.62705705 -0.59537566 -0.77781768 -0.51054184 -0.61367726 -0.41323385
 -0.68095814]
Epoch: 31, [-0.62567911 -0.59261817 -0.77410254 -0.50893826 -0.6117372  -0.41231499
 -0.67840764]
Epoch: 32, [-0.62432619 -0.58989716 -0.77043292 -0.5073605  -0.60982622 -0.41141317
 -0.67589224]
Epoch: 33, [-0.62299771 -0.58721186 -0.76680781 -0.50580801 -0.60794369 -0.41052802
 -0.67341114]
Epoch: 34, [-0.62169313 -0.58456151 -0.76322621 -0.50428026 -0.60608895 -0.40965918
 -0.67096358]
Epoch: 35, [-0.62041189 -0.58194538 -0.75968718 -0.50277672 -0.60426139 -0.40880629
 -0.66854883]
Epoch: 36, [-0.61915348 -0.57936276 -0.75618978 -0.50129689 -0.60246042 -0.40796901
 -0.66616616]
Epoch: 37, [-0.61791739 -0.57681296 -0.75273312 -0.49984029 -0.60068546 -0.40714701
 -0.66381489]
Epoch: 38, [-0.61670312 -0.57429531 -0.74931631 -0.49840642 -0.59893594 -0.40633997
 -0.66149432]
Epoch: 39, [-0.61551019 -0.57180915 -0.74593851 -0.49699484 -0.59721131 -0.40554758
 -0.65920381]
Epoch: 40, [-0.61433815 -0.56935387 -0.74259889 -0.4956051  -0.59551105 -0.40476953
 -0.65694271]
Epoch: 41, [-0.61318653 -0.56692885 -0.73929665 -0.49423676 -0.59383465 -0.40400552
 -0.65471041]
Epoch: 42, [-0.61205491 -0.56453348 -0.73603102 -0.4928894  -0.59218159 -0.40325529
 -0.6525063 ]
Epoch: 43, [-0.61094285 -0.56216721 -0.73280123 -0.49156261 -0.5905514  -0.40251853
 -0.6503298 ]
Epoch: 44, [-0.60984994 -0.55982945 -0.72960655 -0.490256   -0.5889436  -0.401795
 -0.64818034]
Epoch: 45, [-0.60877578 -0.55751967 -0.72644626 -0.48896917 -0.58735773 -0.40108442
 -0.64605736]
Epoch: 46, [-0.60771997 -0.55523733 -0.72331967 -0.48770174 -0.58579335 -0.40038655
 -0.64396033]
Epoch: 47, [-0.60668214 -0.55298192 -0.7202261  -0.48645336 -0.58425001 -0.39970113
 -0.64188872]
Epoch: 48, [-0.60566191 -0.55075293 -0.71716488 -0.48522367 -0.5827273  -0.39902792
 -0.63984202]
Epoch: 49, [-0.60465893 -0.54854988 -0.71413538 -0.48401232 -0.5812248  -0.3983667
 -0.63781974]
Epoch: 50, [-0.60367285 -0.54637229 -0.71113697 -0.48281897 -0.57974212 -0.39771724
 -0.63582139]
Epoch: 51, [-0.60270331 -0.5442197  -0.70816905 -0.4816433  -0.57827886 -0.39707931
 -0.63384651]
Epoch: 52, [-0.60175    -0.54209165 -0.70523101 -0.48048499 -0.57683464 -0.3964527
 -0.63189463]
Epoch: 53, [-0.60081258 -0.53998771 -0.70232229 -0.47934372 -0.57540909 -0.3958372
 -0.62996531]
Epoch: 54, [-0.59989075 -0.53790745 -0.69944232 -0.4782192  -0.57400186 -0.39523261
 -0.62805811]
Epoch: 55, [-0.59898419 -0.53585045 -0.69659055 -0.47711112 -0.57261258 -0.39463873
 -0.62617262]
Epoch: 56, [-0.5980926  -0.53381631 -0.69376645 -0.47601922 -0.57124092 -0.39405537
 -0.62430841]
Epoch: 57, [-0.5972157  -0.53180463 -0.6909695  -0.47494319 -0.56988655 -0.39348233
 -0.62246509]
Epoch: 58, [-0.5963532  -0.52981502 -0.68819918 -0.47388278 -0.56854914 -0.39291945
 -0.62064226]
Epoch: 59, [-0.59550481 -0.52784712 -0.68545501 -0.47283771 -0.56722836 -0.39236654
 -0.61883955]
Epoch: 60, [-0.59467029 -0.52590055 -0.68273649 -0.47180773 -0.56592392 -0.39182343
 -0.61705657]
Epoch: 61, [-0.59384934 -0.52397495 -0.68004316 -0.47079258 -0.56463551 -0.39128994
 -0.61529296]
Epoch: 62, [-0.59304173 -0.52206999 -0.67737456 -0.46979203 -0.56336283 -0.39076592
 -0.61354837]
Epoch: 63, [-0.5922472  -0.52018531 -0.67473024 -0.46880582 -0.5621056  -0.3902512
 -0.61182246]
Epoch: 64, [-0.5914655  -0.5183206  -0.67210976 -0.46783373 -0.56086354 -0.38974563
 -0.61011488]
Epoch: 65, [-0.5906964  -0.51647551 -0.66951269 -0.46687553 -0.55963637 -0.38924905
 -0.6084253 ]
Epoch: 66, [-0.58993967 -0.51464975 -0.66693861 -0.46593099 -0.55842383 -0.38876132
 -0.6067534 ]
Epoch: 67, [-0.58919506 -0.51284299 -0.66438712 -0.46499991 -0.55722565 -0.3882823
 -0.60509886]
Epoch: 68, [-0.58846237 -0.51105495 -0.66185781 -0.46408206 -0.55604158 -0.38781183
 -0.60346138]
Epoch: 69, [-0.58774137 -0.50928532 -0.6593503  -0.46317723 -0.55487137 -0.38734979
 -0.60184066]
Epoch: 70, [-0.58703186 -0.50753382 -0.65686421 -0.46228524 -0.55371478 -0.38689604
 -0.6002364 ]
Epoch: 71, [-0.58633362 -0.50580017 -0.65439915 -0.46140588 -0.55257156 -0.38645044
 -0.59864832]
Epoch: 72, [-0.58564645 -0.50408409 -0.65195478 -0.46053895 -0.5514415  -0.38601287
 -0.59707613]
Epoch: 73, [-0.58497015 -0.50238533 -0.64953073 -0.45968428 -0.55032435 -0.38558321
 -0.59551956]
Epoch: 74, [-0.58430454 -0.50070361 -0.64712665 -0.45884167 -0.5492199  -0.38516133
 -0.59397834]
Epoch: 75, [-0.58364941 -0.49903869 -0.64474221 -0.45801095 -0.54812793 -0.38474712
 -0.59245221]
Epoch: 76, [-0.5830046  -0.49739031 -0.64237707 -0.45719194 -0.54704822 -0.38434045
 -0.59094091]
Epoch: 77, [-0.5823699  -0.49575823 -0.64003091 -0.45638447 -0.54598058 -0.38394121
 -0.5894442 ]
Epoch: 78, [-0.58174515 -0.49414221 -0.6377034  -0.45558837 -0.54492479 -0.3835493
 -0.58796182]
Epoch: 79, [-0.58113018 -0.49254202 -0.63539425 -0.45480348 -0.54388066 -0.38316461
 -0.58649354]
Epoch: 80, [-0.58052481 -0.49095744 -0.63310313 -0.45402964 -0.54284799 -0.38278702
 -0.58503911]
Epoch: 81, [-0.57992888 -0.48938823 -0.63082975 -0.45326669 -0.54182659 -0.38241644
 -0.58359832]
Epoch: 82, [-0.57934223 -0.48783418 -0.62857383 -0.45251449 -0.54081628 -0.38205277
 -0.58217094]
Epoch: 83, [-0.57876469 -0.48629509 -0.62633507 -0.45177287 -0.53981687 -0.3816959
 -0.58075673]
Epoch: 84, [-0.57819612 -0.48477073 -0.62411319 -0.4510417  -0.53882819 -0.38134574
 -0.5793555 ]
Epoch: 85, [-0.57763635 -0.48326091 -0.62190793 -0.45032083 -0.53785005 -0.3810022
 -0.57796702]
Epoch: 86, [-0.57708524 -0.48176542 -0.619719   -0.44961012 -0.53688229 -0.38066518
 -0.57659109]
Epoch: 87, [-0.57654264 -0.48028408 -0.61754615 -0.44890943 -0.53592474 -0.3803346
 -0.57522751]
Epoch: 88, [-0.57600842 -0.47881669 -0.61538912 -0.44821864 -0.53497724 -0.38001036
 -0.57387608]
Epoch: 89, [-0.57548242 -0.47736306 -0.61324765 -0.4475376  -0.53403962 -0.37969238
 -0.5725366 ]
Epoch: 90, [-0.57496452 -0.47592301 -0.6111215  -0.4468662  -0.53311173 -0.37938058
 -0.57120888]
Epoch: 91, [-0.57445457 -0.47449637 -0.60901043 -0.4462043  -0.53219341 -0.37907487
 -0.56989273]
Epoch: 92, [-0.57395245 -0.47308295 -0.60691419 -0.44555179 -0.5312845  -0.37877518
 -0.56858797]
Epoch: 93, [-0.57345802 -0.47168259 -0.60483256 -0.44490853 -0.53038487 -0.37848142
 -0.56729443]
Epoch: 94, [-0.57297117 -0.47029511 -0.6027653  -0.44427442 -0.52949437 -0.37819352
 -0.56601192]
Epoch: 95, [-0.57249175 -0.46892035 -0.60071219 -0.44364934 -0.52861284 -0.3779114
 -0.56474027]
Epoch: 96, [-0.57201966 -0.46755816 -0.59867301 -0.44303318 -0.52774016 -0.37763499
 -0.56347931]
Epoch: 97, [-0.57155477 -0.46620836 -0.59664754 -0.44242583 -0.52687617 -0.37736422
 -0.56222888]
Epoch: 98, [-0.57109697 -0.46487082 -0.59463557 -0.44182717 -0.52602076 -0.37709902
 -0.5609888 ]
Epoch: 99, [-0.57064614 -0.46354537 -0.5926369  -0.4412371  -0.52517379 -0.37683931
 -0.55975893]
Epoch: 100, [-0.57020216 -0.46223187 -0.59065131 -0.44065552 -0.52433512 -0.37658503
 -0.55853911]
Epoch: 101, [-0.56976493 -0.46093017 -0.58867862 -0.44008232 -0.52350463 -0.37633612
 -0.55732917]
Epoch: 102, [-0.56933433 -0.45964012 -0.58671861 -0.43951742 -0.52268219 -0.37609251
 -0.55612897]
Epoch: 103, [-0.56891026 -0.4583616  -0.5847711  -0.4389607  -0.52186769 -0.37585413
 -0.55493836]
Epoch: 104, [-0.56849262 -0.45709446 -0.5828359  -0.43841207 -0.52106099 -0.37562093
 -0.55375719]
Epoch: 105, [-0.5680813  -0.45583856 -0.58091283 -0.43787144 -0.52026199 -0.37539284
 -0.55258533]
Epoch: 106, [-0.56767621 -0.45459379 -0.57900169 -0.43733872 -0.51947056 -0.37516981
 -0.55142262]
Epoch: 107, [-0.56727723 -0.45335999 -0.57710232 -0.43681382 -0.51868659 -0.37495177
 -0.55026893]
Epoch: 108, [-0.56688427 -0.45213706 -0.57521453 -0.43629664 -0.51790998 -0.37473868
 -0.54912413]
Epoch: 109, [-0.56649725 -0.45092487 -0.57333815 -0.43578711 -0.5171406  -0.37453046
 -0.54798808]
Epoch: 110, [-0.56611606 -0.44972328 -0.57147302 -0.43528513 -0.51637835 -0.37432708
 -0.54686065]
Epoch: 111, [-0.56574061 -0.44853219 -0.56961895 -0.43479063 -0.51562313 -0.37412847
 -0.54574172]
Epoch: 112, [-0.5653708  -0.44735148 -0.5677758  -0.43430352 -0.51487483 -0.37393459
 -0.54463114]
Epoch: 113, [-0.56500656 -0.44618103 -0.56594339 -0.43382372 -0.51413334 -0.37374537
 -0.54352881]
Epoch: 114, [-0.5646478  -0.44502073 -0.56412158 -0.43335115 -0.51339857 -0.37356078
 -0.5424346 ]
Epoch: 115, [-0.56429442 -0.44387047 -0.5623102  -0.43288574 -0.51267042 -0.37338077
 -0.54134838]
Epoch: 116, [-0.56394634 -0.44273014 -0.5605091  -0.43242741 -0.51194879 -0.37320528
 -0.54027005]
Epoch: 117, [-0.56360348 -0.44159964 -0.55871812 -0.43197609 -0.51123358 -0.37303426
 -0.53919947]
Epoch: 118, [-0.56326576 -0.44047885 -0.55693713 -0.43153171 -0.5105247  -0.37286768
 -0.53813655]
Epoch: 119, [-0.56293309 -0.43936768 -0.55516598 -0.43109418 -0.50982206 -0.37270549
 -0.53708117]
Epoch: 120, [-0.5626054  -0.43826603 -0.55340451 -0.43066345 -0.50912556 -0.37254764
 -0.53603321]
Epoch: 121, [-0.5622826  -0.43717379 -0.5516526  -0.43023945 -0.50843512 -0.37239408
 -0.53499257]
Epoch: 122, [-0.56196463 -0.43609088 -0.5499101  -0.4298221  -0.50775065 -0.37224479
 -0.53395914]
Epoch: 123, [-0.56165141 -0.43501719 -0.54817687 -0.42941134 -0.50707205 -0.3720997
 -0.53293281]
Epoch: 124, [-0.56134285 -0.43395263 -0.54645278 -0.42900711 -0.50639926 -0.37195879
 -0.53191349]
Epoch: 125, [-0.56103889 -0.43289712 -0.54473771 -0.42860935 -0.50573217 -0.37182202
 -0.53090107]
Epoch: 126, [-0.56073946 -0.43185055 -0.54303151 -0.42821798 -0.50507071 -0.37168934
 -0.52989544]
Epoch: 127, [-0.56044449 -0.43081285 -0.54133406 -0.42783295 -0.5044148  -0.37156072
 -0.52889652]
Epoch: 128, [-0.5601539  -0.42978393 -0.53964524 -0.42745421 -0.50376436 -0.37143611
 -0.5279042 ]
Epoch: 129, [-0.55986762 -0.42876369 -0.53796492 -0.42708168 -0.5031193  -0.37131549
 -0.52691839]
Epoch: 130, [-0.5595856  -0.42775206 -0.53629298 -0.42671532 -0.50247955 -0.37119881
 -0.525939  ]
Epoch: 131, [-0.55930776 -0.42674896 -0.53462929 -0.42635506 -0.50184504 -0.37108605
 -0.52496592]
Epoch: 132, [-0.55903403 -0.42575431 -0.53297375 -0.42600085 -0.50121569 -0.37097716
 -0.52399908]
Epoch: 133, [-0.55876436 -0.42476802 -0.53132623 -0.42565264 -0.50059141 -0.37087211
 -0.52303837]
Epoch: 134, [-0.55849867 -0.42379002 -0.52968661 -0.42531037 -0.49997215 -0.37077087
 -0.52208372]
Epoch: 135, [-0.55823691 -0.42282023 -0.52805479 -0.42497399 -0.49935783 -0.3706734
 -0.52113503]
Epoch: 136, [-0.55797901 -0.42185857 -0.52643066 -0.42464344 -0.49874838 -0.37057968
 -0.52019221]
Epoch: 137, [-0.55772492 -0.42090498 -0.5248141  -0.42431869 -0.49814373 -0.37048968
 -0.51925519]
Epoch: 138, [-0.55747457 -0.41995939 -0.523205   -0.42399966 -0.4975438  -0.37040335
 -0.51832388]
Epoch: 139, [-0.5572279  -0.41902171 -0.52160326 -0.42368633 -0.49694854 -0.37032068
 -0.51739819]
Epoch: 140, [-0.55698485 -0.41809188 -0.52000877 -0.42337863 -0.49635786 -0.37024162
 -0.51647806]
Epoch: 141, [-0.55674537 -0.41716984 -0.51842144 -0.42307653 -0.49577172 -0.37016617
 -0.51556338]
Epoch: 142, [-0.55650941 -0.41625551 -0.51684115 -0.42277997 -0.49519004 -0.37009427
 -0.51465409]
Epoch: 143, [-0.55627689 -0.41534882 -0.51526781 -0.42248892 -0.49461276 -0.37002592
 -0.51375012]
Epoch: 144, [-0.55604778 -0.41444973 -0.51370132 -0.42220331 -0.49403982 -0.36996107
 -0.51285137]
Epoch: 145, [-0.55582201 -0.41355815 -0.51214158 -0.42192312 -0.49347115 -0.36989971
 -0.51195778]
Epoch: 146, [-0.55559954 -0.41267403 -0.51058849 -0.4216483  -0.49290669 -0.3698418
 -0.51106927]
Epoch: 147, [-0.5553803  -0.4117973  -0.50904196 -0.4213788  -0.49234638 -0.36978733
 -0.51018577]
Epoch: 148, [-0.55516424 -0.41092792 -0.50750189 -0.42111459 -0.49179016 -0.36973627
 -0.50930721]
Epoch: 149, [-0.55495132 -0.4100658  -0.50596819 -0.42085562 -0.49123798 -0.36968858
 -0.50843351]
Epoch: 150, [-0.55474149 -0.40921091 -0.50444078 -0.42060186 -0.49068976 -0.36964426
 -0.5075646 ]
Epoch: 151, [-0.55453468 -0.40836317 -0.50291956 -0.42035325 -0.49014547 -0.36960327
 -0.50670042]
Epoch: 152, [-0.55433086 -0.40752254 -0.50140443 -0.42010977 -0.48960504 -0.36956559
 -0.50584089]
Epoch: 153, [-0.55412998 -0.40668896 -0.49989532 -0.41987138 -0.4890684  -0.3695312
 -0.50498595]
Epoch: 154, [-0.55393197 -0.40586237 -0.49839214 -0.41963804 -0.48853552 -0.36950008
 -0.50413553]
Epoch: 155, [-0.55373681 -0.40504272 -0.4968948  -0.41940971 -0.48800633 -0.3694722
 -0.50328956]
Epoch: 156, [-0.55354444 -0.40422996 -0.49540322 -0.41918636 -0.48748079 -0.36944755
 -0.50244799]
Epoch: 157, [-0.55335481 -0.40342403 -0.49391731 -0.41896795 -0.48695882 -0.3694261
 -0.50161073]
Epoch: 158, [-0.55316788 -0.4026249  -0.49243699 -0.41875444 -0.4864404  -0.36940783
 -0.50077774]
Epoch: 159, [-0.55298361 -0.40183249 -0.49096219 -0.41854581 -0.48592545 -0.36939272
 -0.49994894]
Epoch: 160, [-0.55280194 -0.40104678 -0.48949281 -0.41834201 -0.48541394 -0.36938076
 -0.49912428]
Epoch: 161, [-0.55262283 -0.4002677  -0.48802879 -0.41814302 -0.4849058  -0.36937192
 -0.49830369]
Epoch: 162, [-0.55244625 -0.39949521 -0.48657004 -0.4179488  -0.484401   -0.36936619
 -0.49748712]
Epoch: 163, [-0.55227214 -0.39872927 -0.48511649 -0.41775933 -0.48389948 -0.36936355
 -0.4966745 ]
Epoch: 164, [-0.55210046 -0.39796983 -0.48366805 -0.41757456 -0.48340119 -0.36936397
 -0.49586577]
Epoch: 165, [-0.55193118 -0.39721684 -0.48222467 -0.41739448 -0.48290608 -0.36936744
 -0.49506088]
Epoch: 166, [-0.55176424 -0.39647026 -0.48078625 -0.41721904 -0.48241412 -0.36937395
 -0.49425977]
Epoch: 167, [-0.55159961 -0.39573005 -0.47935273 -0.41704822 -0.48192524 -0.36938348
 -0.49346238]
Epoch: 168, [-0.55143725 -0.39499616 -0.47792403 -0.41688199 -0.4814394  -0.369396
 -0.49266865]
Epoch: 169, [-0.55127712 -0.39426855 -0.47650009 -0.41672032 -0.48095656 -0.36941151
 -0.49187853]
Epoch: 170, [-0.55111917 -0.39354718 -0.47508083 -0.41656319 -0.48047667 -0.36942999
 -0.49109197]
Epoch: 171, [-0.55096336 -0.39283202 -0.47366618 -0.41641056 -0.47999969 -0.36945143
 -0.4903089 ]
Epoch: 172, [-0.55080966 -0.39212301 -0.47225608 -0.41626241 -0.47952556 -0.3694758
 -0.48952928]
Epoch: 173, [-0.55065804 -0.39142013 -0.47085045 -0.41611872 -0.47905426 -0.36950309
 -0.48875305]
Epoch: 174, [-0.55050844 -0.39072333 -0.46944922 -0.41597944 -0.47858573 -0.36953329
 -0.48798017]
Epoch: 175, [-0.55036083 -0.39003257 -0.46805234 -0.41584457 -0.47811993 -0.36956639
 -0.48721056]
Epoch: 176, [-0.55021518 -0.38934782 -0.46665973 -0.41571407 -0.47765682 -0.36960237
 -0.4864442 ]
Epoch: 177, [-0.55007144 -0.38866905 -0.46527133 -0.41558793 -0.47719635 -0.36964121
 -0.48568101]
Epoch: 178, [-0.54992959 -0.3879962  -0.46388707 -0.4154661  -0.47673849 -0.36968291
 -0.48492097]
Epoch: 179, [-0.54978958 -0.38732926 -0.46250689 -0.41534858 -0.47628319 -0.36972745
 -0.484164  ]
Epoch: 180, [-0.54965137 -0.38666819 -0.46113072 -0.41523534 -0.47583042 -0.36977481
 -0.48341007]
Epoch: 181, [-0.54951494 -0.38601295 -0.45975851 -0.41512635 -0.47538012 -0.369825
 -0.48265913]
Epoch: 182, [-0.54938024 -0.38536351 -0.4583902  -0.41502159 -0.47493227 -0.36987798
 -0.48191112]
Epoch: 183, [-0.54924725 -0.38471983 -0.45702571 -0.41492104 -0.47448682 -0.36993376
 -0.481166  ]
Epoch: 184, [-0.54911592 -0.38408189 -0.45566499 -0.41482468 -0.47404373 -0.36999232
 -0.48042373]
Epoch: 185, [-0.54898622 -0.38344964 -0.45430798 -0.41473249 -0.47360297 -0.37005364
 -0.47968425]
Epoch: 186, [-0.54885812 -0.38282307 -0.45295463 -0.41464444 -0.47316449 -0.37011773
 -0.47894751]
Epoch: 187, [-0.54873158 -0.38220214 -0.45160486 -0.41456051 -0.47272825 -0.37018456
 -0.47821348]
Epoch: 188, [-0.54860657 -0.38158682 -0.45025863 -0.41448069 -0.47229423 -0.37025412
 -0.47748211]
Epoch: 189, [-0.54848306 -0.38097708 -0.44891587 -0.41440495 -0.47186238 -0.37032642
 -0.47675334]
Epoch: 190, [-0.54836101 -0.38037289 -0.44757654 -0.41433328 -0.47143266 -0.37040143
 -0.47602715]
Epoch: 191, [-0.54824039 -0.37977423 -0.44624056 -0.41426565 -0.47100504 -0.37047914
 -0.47530347]
Epoch: 192, [-0.54812117 -0.37918106 -0.44490789 -0.41420204 -0.47057949 -0.37055955
 -0.47458228]
Epoch: 193, [-0.54800332 -0.37859335 -0.44357848 -0.41414244 -0.47015595 -0.37064265
 -0.47386351]
Epoch: 194, [-0.5478868  -0.37801109 -0.44225226 -0.41408683 -0.46973441 -0.37072843
 -0.47314714]
Epoch: 195, [-0.54777159 -0.37743424 -0.44092918 -0.41403519 -0.46931482 -0.37081687
 -0.47243312]
Epoch: 196, [-0.54765764 -0.37686278 -0.43960919 -0.4139875  -0.46889715 -0.37090798
 -0.47172141]
Epoch: 197, [-0.54754493 -0.37629669 -0.43829224 -0.41394375 -0.46848137 -0.37100174
 -0.47101196]
Epoch: 198, [-0.54743344 -0.37573592 -0.43697827 -0.41390392 -0.46806743 -0.37109814
 -0.47030473]
Epoch: 199, [-0.54732312 -0.37518048 -0.43566723 -0.41386799 -0.46765531 -0.37119718
 -0.46959968]
Epoch: 200, [-0.54721395 -0.37463032 -0.43435906 -0.41383594 -0.46724497 -0.37129884
 -0.46889678]
Epoch: 201, [-0.54710589 -0.37408542 -0.43305373 -0.41380776 -0.46683638 -0.37140313
 -0.46819597]
Epoch: 202, [-0.54699893 -0.37354577 -0.43175117 -0.41378343 -0.4664295  -0.37151003
 -0.46749723]
Epoch: 203, [-0.54689302 -0.37301133 -0.43045134 -0.41376294 -0.4660243  -0.37161954
 -0.4668005 ]
Epoch: 204, [-0.54678814 -0.37248209 -0.42915418 -0.41374628 -0.46562075 -0.37173164
 -0.46610576]
Epoch: 205, [-0.54668425 -0.37195803 -0.42785965 -0.41373342 -0.46521882 -0.37184633
 -0.46541295]
Epoch: 206, [-0.54658134 -0.37143911 -0.4265677  -0.41372435 -0.46481846 -0.37196362
 -0.46472205]
Epoch: 207, [-0.54647936 -0.37092533 -0.42527828 -0.41371906 -0.46441966 -0.37208347
 -0.46403301]
Epoch: 208, [-0.5463783  -0.37041665 -0.42399133 -0.41371753 -0.46402238 -0.37220591
 -0.4633458 ]
Epoch: 209, [-0.54627812 -0.36991307 -0.42270682 -0.41371976 -0.46362658 -0.3723309
 -0.46266037]
Epoch: 210, [-0.54617879 -0.36941455 -0.4214247  -0.41372571 -0.46323224 -0.37245846
 -0.46197669]
Epoch: 211, [-0.54608029 -0.36892109 -0.42014491 -0.41373539 -0.46283932 -0.37258858
 -0.46129473]
Epoch: 212, [-0.54598258 -0.36843265 -0.41886742 -0.41374878 -0.46244779 -0.37272124
 -0.46061443]
Epoch: 213, [-0.54588565 -0.36794922 -0.41759217 -0.41376587 -0.46205763 -0.37285644
 -0.45993578]
Epoch: 214, [-0.54578945 -0.36747079 -0.41631912 -0.41378664 -0.46166879 -0.37299419
 -0.45925873]
Epoch: 215, [-0.54569397 -0.36699733 -0.41504822 -0.41381108 -0.46128126 -0.37313446
 -0.45858324]
Epoch: 216, [-0.54559918 -0.36652883 -0.41377943 -0.41383918 -0.460895   -0.37327727
 -0.45790927]
Epoch: 217, [-0.54550504 -0.36606526 -0.41251271 -0.41387092 -0.46050997 -0.3734226
 -0.4572368 ]
Epoch: 218, [-0.54541153 -0.36560662 -0.411248   -0.4139063  -0.46012616 -0.37357045
 -0.45656579]
Epoch: 219, [-0.54531863 -0.36515287 -0.40998527 -0.4139453  -0.45974353 -0.37372081
 -0.4558962 ]
Epoch: 220, [-0.54522631 -0.36470402 -0.40872448 -0.41398792 -0.45936205 -0.37387368
 -0.45522799]
Epoch: 221, [-0.54513454 -0.36426004 -0.40746557 -0.41403413 -0.45898169 -0.37402906
 -0.45456113]
Epoch: 222, [-0.54504329 -0.36382091 -0.4062085  -0.41408394 -0.45860242 -0.37418694
 -0.45389559]
Epoch: 223, [-0.54495253 -0.36338662 -0.40495324 -0.41413732 -0.45822422 -0.37434731
 -0.45323133]
Epoch: 224, [-0.54486225 -0.36295716 -0.40369973 -0.41419427 -0.45784705 -0.37451019
 -0.45256832]
Epoch: 225, [-0.54477241 -0.3625325  -0.40244795 -0.41425478 -0.45747088 -0.37467555
 -0.45190652]
Epoch: 226, [-0.54468299 -0.36211264 -0.40119784 -0.41431883 -0.4570957  -0.3748434
 -0.4512459 ]
Epoch: 227, [-0.54459396 -0.36169756 -0.39994936 -0.41438643 -0.45672146 -0.37501373
 -0.45058642]
Epoch: 228, [-0.5445053  -0.36128725 -0.39870247 -0.41445755 -0.45634814 -0.37518654
 -0.44992806]
Epoch: 229, [-0.54441698 -0.36088168 -0.39745714 -0.41453219 -0.45597572 -0.37536183
 -0.44927077]
Epoch: 230, [-0.54432897 -0.36048086 -0.39621331 -0.41461034 -0.45560416 -0.37553959
 -0.44861453]
Epoch: 231, [-0.54424125 -0.36008476 -0.39497096 -0.41469198 -0.45523343 -0.37571982
 -0.4479593 ]
Epoch: 232, [-0.54415379 -0.35969337 -0.39373004 -0.41477712 -0.45486352 -0.37590253
 -0.44730505]
Epoch: 233, [-0.54406657 -0.35930668 -0.3924905  -0.41486574 -0.45449438 -0.3760877
 -0.44665175]
Epoch: 234, [-0.54397956 -0.35892468 -0.39125232 -0.41495783 -0.454126   -0.37627533
 -0.44599936]
Epoch: 235, [-0.54389273 -0.35854735 -0.39001544 -0.41505339 -0.45375835 -0.37646542
 -0.44534785]
Epoch: 236, [-0.54380607 -0.35817469 -0.38877984 -0.4151524  -0.4533914  -0.37665797
 -0.44469719]
Epoch: 237, [-0.54371954 -0.35780667 -0.38754547 -0.41525486 -0.45302511 -0.37685297
 -0.44404735]
Epoch: 238, [-0.54363312 -0.3574433  -0.38631229 -0.41536075 -0.45265948 -0.37705043
 -0.44339829]
Epoch: 239, [-0.54354678 -0.35708455 -0.38508027 -0.41547008 -0.45229446 -0.37725035
 -0.44274999]
Epoch: 240, [-0.54346051 -0.35673043 -0.38384937 -0.41558283 -0.45193003 -0.37745271
 -0.44210242]
Epoch: 241, [-0.54337427 -0.3563809  -0.38261954 -0.415699   -0.45156617 -0.37765752
 -0.44145553]
Epoch: 242, [-0.54328804 -0.35603598 -0.38139076 -0.41581858 -0.45120285 -0.37786478
 -0.4408093 ]
Epoch: 243, [-0.54320179 -0.35569564 -0.38016298 -0.41594155 -0.45084004 -0.37807448
 -0.44016371]
Epoch: 244, [-0.54311551 -0.35535987 -0.37893616 -0.41606792 -0.45047771 -0.37828662
 -0.43951871]
Epoch: 245, [-0.54302916 -0.35502867 -0.37771028 -0.41619768 -0.45011584 -0.37850121
 -0.43887427]
Epoch: 246, [-0.54294272 -0.35470203 -0.37648529 -0.41633081 -0.44975441 -0.37871824
 -0.43823038]
Epoch: 247, [-0.54285617 -0.35437994 -0.37526115 -0.41646732 -0.44939338 -0.3789377
 -0.43758699]
Epoch: 248, [-0.54276947 -0.35406238 -0.37403783 -0.41660719 -0.44903273 -0.37915961
 -0.43694407]
Epoch: 249, [-0.54268262 -0.35374935 -0.37281529 -0.41675042 -0.44867244 -0.37938395
 -0.43630161]
Epoch: 250, [-0.54259558 -0.35344085 -0.37159351 -0.41689701 -0.44831248 -0.37961073
 -0.43565955]
Epoch: 251, [-0.54250832 -0.35313685 -0.37037243 -0.41704694 -0.44795282 -0.37983994
 -0.43501788]
Epoch: 252, [-0.54242083 -0.35283736 -0.36915202 -0.41720021 -0.44759344 -0.38007158
 -0.43437657]
Epoch: 253, [-0.54233308 -0.35254237 -0.36793226 -0.41735681 -0.44723431 -0.38030566
 -0.43373558]
Epoch: 254, [-0.54224504 -0.35225186 -0.3667131  -0.41751675 -0.4468754  -0.38054217
 -0.43309488]
Epoch: 255, [-0.54215669 -0.35196584 -0.36549451 -0.41768    -0.4465167  -0.38078112
 -0.43245446]
Epoch: 256, [-0.54206801 -0.35168428 -0.36427645 -0.41784657 -0.44615817 -0.38102249
 -0.43181426]
Epoch: 257, [-0.54197896 -0.35140719 -0.36305889 -0.41801645 -0.44579979 -0.38126629
 -0.43117428]
Epoch: 258, [-0.54188954 -0.35113456 -0.3618418  -0.41818963 -0.44544153 -0.38151253
 -0.43053447]
Epoch: 259, [-0.5417997  -0.35086638 -0.36062513 -0.41836611 -0.44508338 -0.38176119
 -0.42989481]
Epoch: 260, [-0.54170944 -0.35060265 -0.35940887 -0.41854589 -0.4447253  -0.38201228
 -0.42925527]
Epoch: 261, [-0.54161871 -0.35034336 -0.35819296 -0.41872895 -0.44436726 -0.38226581
 -0.42861581]
Epoch: 262, [-0.54152751 -0.35008849 -0.35697738 -0.41891529 -0.44400925 -0.38252176
 -0.42797642]
Epoch: 263, [-0.5414358  -0.34983805 -0.35576209 -0.41910492 -0.44365124 -0.38278013
 -0.42733706]
Epoch: 264, [-0.54134357 -0.34959203 -0.35454707 -0.41929781 -0.4432932  -0.38304094
 -0.4266977 ]
Epoch: 265, [-0.54125078 -0.34935043 -0.35333227 -0.41949397 -0.44293511 -0.38330417
 -0.42605832]
Epoch: 266, [-0.54115741 -0.34911323 -0.35211766 -0.4196934  -0.44257694 -0.38356984
 -0.42541888]
Epoch: 267, [-0.54106343 -0.34888044 -0.35090322 -0.41989608 -0.44221868 -0.38383793
 -0.42477936]
Epoch: 268, [-0.54096884 -0.34865204 -0.3496889  -0.42010201 -0.44186028 -0.38410844
 -0.42413972]
Epoch: 269, [-0.54087359 -0.34842803 -0.34847467 -0.4203112  -0.44150173 -0.38438139
 -0.42349995]
Epoch: 270, [-0.54077766 -0.34820841 -0.34726051 -0.42052362 -0.44114301 -0.38465676
 -0.42286   ]
Epoch: 271, [-0.54068104 -0.34799317 -0.34604637 -0.42073928 -0.44078408 -0.38493456
 -0.42221986]
Epoch: 272, [-0.54058369 -0.34778231 -0.34483223 -0.42095818 -0.44042493 -0.38521479
 -0.42157949]
Epoch: 273, [-0.54048559 -0.34757582 -0.34361806 -0.42118031 -0.44006553 -0.38549745
 -0.42093887]
Epoch: 274, [-0.54038672 -0.3473737  -0.34240381 -0.42140566 -0.43970585 -0.38578254
 -0.42029797]
Epoch: 275, [-0.54028706 -0.34717594 -0.34118947 -0.42163423 -0.43934587 -0.38607005
 -0.41965675]
Epoch: 276, [-0.54018657 -0.34698254 -0.33997499 -0.42186602 -0.43898557 -0.38636
 -0.4190152 ]
Epoch: 277, [-0.54008523 -0.3467935  -0.33876035 -0.42210101 -0.43862491 -0.38665237
 -0.41837328]
Epoch: 278, [-0.53998303 -0.34660881 -0.33754551 -0.42233922 -0.43826389 -0.38694717
 -0.41773097]
Epoch: 279, [-0.53987992 -0.34642846 -0.33633045 -0.42258063 -0.43790246 -0.38724441
 -0.41708823]
Epoch: 280, [-0.5397759  -0.34625246 -0.33511512 -0.42282524 -0.43754061 -0.38754407
 -0.41644505]
Epoch: 281, [-0.53967094 -0.34608079 -0.33389951 -0.42307304 -0.4371783  -0.38784616
 -0.41580138]
Epoch: 282, [-0.539565   -0.34591347 -0.33268357 -0.42332403 -0.43681553 -0.38815069
 -0.41515721]
Epoch: 283, [-0.53945807 -0.34575047 -0.33146728 -0.42357821 -0.43645226 -0.38845765
 -0.41451251]
Epoch: 284, [-0.53935012 -0.34559181 -0.33025061 -0.42383558 -0.43608846 -0.38876703
 -0.41386724]
Epoch: 285, [-0.53924113 -0.34543747 -0.32903352 -0.42409612 -0.43572412 -0.38907885
 -0.41322139]
Epoch: 286, [-0.53913107 -0.34528745 -0.32781599 -0.42435983 -0.4353592  -0.38939311
 -0.41257492]
Epoch: 287, [-0.53901992 -0.34514176 -0.32659798 -0.42462672 -0.43499369 -0.38970979
 -0.4119278 ]
Epoch: 288, [-0.53890764 -0.34500038 -0.32537946 -0.42489677 -0.43462756 -0.39002891
 -0.41128001]
Epoch: 289, [-0.53879423 -0.34486332 -0.32416041 -0.42516999 -0.43426078 -0.39035046
 -0.41063152]
Epoch: 290, [-0.53867965 -0.34473057 -0.32294079 -0.42544636 -0.43389333 -0.39067445
 -0.40998231]
Epoch: 291, [-0.53856387 -0.34460213 -0.32172058 -0.42572589 -0.43352518 -0.39100087
 -0.40933234]
Epoch: 292, [-0.53844687 -0.344478   -0.32049973 -0.42600857 -0.43315631 -0.39132972
 -0.40868158]
Epoch: 293, [-0.53832864 -0.34435817 -0.31927823 -0.4262944  -0.4327867  -0.39166101
 -0.40803002]
Epoch: 294, [-0.53820913 -0.34424264 -0.31805605 -0.42658337 -0.43241632 -0.39199474
 -0.40737762]
Epoch: 295, [-0.53808833 -0.34413142 -0.31683314 -0.42687548 -0.43204514 -0.3923309
 -0.40672436]
Epoch: 296, [-0.53796621 -0.34402449 -0.31560949 -0.42717072 -0.43167315 -0.3926695
 -0.4060702 ]
Epoch: 297, [-0.53784274 -0.34392186 -0.31438507 -0.42746909 -0.43130031 -0.39301053
 -0.40541513]
Epoch: 298, [-0.5377179  -0.34382352 -0.31315983 -0.42777059 -0.4309266  -0.393354
 -0.40475911]
Epoch: 299, [-0.53759167 -0.34372948 -0.31193377 -0.42807522 -0.430552   -0.39369991
 -0.40410211]
Epoch: 300, [-0.53746402 -0.34363973 -0.31070684 -0.42838296 -0.43017648 -0.39404825
 -0.40344411]
Epoch: 301, [-0.53733492 -0.34355426 -0.30947902 -0.42869382 -0.42980001 -0.39439903
 -0.40278509]
Epoch: 302, [-0.53720434 -0.34347308 -0.30825027 -0.42900779 -0.42942258 -0.39475225
 -0.40212501]
Epoch: 303, [-0.53707227 -0.34339619 -0.30702057 -0.42932487 -0.42904415 -0.39510791
 -0.40146384]
Epoch: 304, [-0.53693867 -0.34332359 -0.3057899  -0.42964505 -0.42866471 -0.395466
 -0.40080157]
Epoch: 305, [-0.53680352 -0.34325526 -0.30455822 -0.42996834 -0.42828422 -0.39582653
 -0.40013816]
Epoch: 306, [-0.5366668  -0.34319122 -0.3033255  -0.43029471 -0.42790266 -0.3961895
 -0.39947358]
Epoch: 307, [-0.53652847 -0.34313145 -0.30209171 -0.43062418 -0.42752001 -0.3965549
 -0.39880782]
Epoch: 308, [-0.53638851 -0.34307597 -0.30085683 -0.43095673 -0.42713625 -0.39692274
 -0.39814083]
Epoch: 309, [-0.5362469  -0.34302476 -0.29962083 -0.43129237 -0.42675134 -0.39729302
 -0.39747259]
Epoch: 310, [-0.53610361 -0.34297783 -0.29838368 -0.43163108 -0.42636526 -0.39766574
 -0.39680309]
Epoch: 311, [-0.5359586  -0.34293517 -0.29714535 -0.43197287 -0.42597798 -0.39804089
 -0.39613228]
Epoch: 312, [-0.53581186 -0.34289678 -0.29590581 -0.43231773 -0.42558949 -0.39841848
 -0.39546015]
Epoch: 313, [-0.53566336 -0.34286267 -0.29466504 -0.43266566 -0.42519975 -0.3987985
 -0.39478666]
Epoch: 314, [-0.53551308 -0.34283283 -0.29342301 -0.43301664 -0.42480875 -0.39918096
 -0.39411178]
Epoch: 315, [-0.53536097 -0.34280726 -0.29217969 -0.43337068 -0.42441645 -0.39956586
 -0.3934355 ]
Epoch: 316, [-0.53520703 -0.34278596 -0.29093505 -0.43372778 -0.42402283 -0.39995319
 -0.39275778]
Epoch: 317, [-0.53505121 -0.34276892 -0.28968907 -0.43408792 -0.42362786 -0.40034295
 -0.3920786 ]
Epoch: 318, [-0.5348935  -0.34275616 -0.28844171 -0.4344511  -0.42323153 -0.40073515
 -0.39139793]
Epoch: 319, [-0.53473387 -0.34274766 -0.28719296 -0.43481732 -0.42283379 -0.40112978
 -0.39071574]
Epoch: 320, [-0.53457228 -0.34274342 -0.28594278 -0.43518658 -0.42243464 -0.40152684
 -0.39003201]
Epoch: 321, [-0.53440872 -0.34274345 -0.28469114 -0.43555886 -0.42203404 -0.40192633
 -0.3893467 ]
Epoch: 322, [-0.53424315 -0.34274775 -0.28343803 -0.43593416 -0.42163196 -0.40232825
 -0.3886598 ]
Epoch: 323, [-0.53407555 -0.3427563  -0.2821834  -0.43631249 -0.42122839 -0.4027326
 -0.38797126]
Epoch: 324, [-0.53390589 -0.34276912 -0.28092725 -0.43669382 -0.42082329 -0.40313937
 -0.38728108]
Epoch: 325, [-0.53373414 -0.3427862  -0.27966953 -0.43707817 -0.42041664 -0.40354857
 -0.38658922]
Epoch: 326, [-0.53356027 -0.34280754 -0.27841023 -0.43746551 -0.42000842 -0.4039602
 -0.38589564]
Epoch: 327, [-0.53338426 -0.34283313 -0.27714931 -0.43785586 -0.4195986  -0.40437425
 -0.38520034]
Epoch: 328, [-0.53320607 -0.34286299 -0.27588675 -0.43824919 -0.41918715 -0.40479072
 -0.38450327]
Epoch: 329, [-0.53302569 -0.3428971  -0.27462253 -0.43864551 -0.41877404 -0.40520961
 -0.38380441]
Epoch: 330, [-0.53284308 -0.34293547 -0.27335661 -0.43904481 -0.41835926 -0.40563091
 -0.38310374]
Epoch: 331, [-0.53265821 -0.34297809 -0.27208898 -0.43944709 -0.41794277 -0.40605464
 -0.38240122]
Epoch: 332, [-0.53247105 -0.34302497 -0.2708196  -0.43985233 -0.41752455 -0.40648077
 -0.38169684]
Epoch: 333, [-0.53228158 -0.3430761  -0.26954845 -0.44026054 -0.41710457 -0.40690932
 -0.38099056]
Epoch: 334, [-0.53208977 -0.34313149 -0.26827551 -0.4406717  -0.41668281 -0.40734028
 -0.38028235]
Epoch: 335, [-0.53189558 -0.34319112 -0.26700074 -0.44108582 -0.41625924 -0.40777365
 -0.37957219]
Epoch: 336, [-0.53169899 -0.343255   -0.26572413 -0.44150287 -0.41583383 -0.40820942
 -0.37886006]
Epoch: 337, [-0.53149998 -0.34332314 -0.26444565 -0.44192287 -0.41540656 -0.4086476
 -0.37814592]
Epoch: 338, [-0.5312985  -0.34339552 -0.26316527 -0.44234579 -0.41497741 -0.40908817
 -0.37742975]
Epoch: 339, [-0.53109454 -0.34347215 -0.26188297 -0.44277164 -0.41454634 -0.40953114
 -0.37671151]
Epoch: 340, [-0.53088806 -0.34355302 -0.26059872 -0.44320041 -0.41411332 -0.40997651
 -0.3759912 ]
Epoch: 341, [-0.53067903 -0.34363814 -0.2593125  -0.44363208 -0.41367835 -0.41042426
 -0.37526876]
Epoch: 342, [-0.53046743 -0.3437275  -0.25802428 -0.44406666 -0.41324137 -0.41087441
 -0.37454419]
Epoch: 343, [-0.53025322 -0.3438211  -0.25673405 -0.44450414 -0.41280238 -0.41132693
 -0.37381745]
Epoch: 344, [-0.53003637 -0.34391894 -0.25544177 -0.4449445  -0.41236134 -0.41178184
 -0.37308852]
Epoch: 345, [-0.52981686 -0.34402102 -0.25414742 -0.44538774 -0.41191822 -0.41223912
 -0.37235737]
Epoch: 346, [-0.52959465 -0.34412734 -0.25285097 -0.44583386 -0.411473   -0.41269878
 -0.37162396]
Epoch: 347, [-0.52936972 -0.34423789 -0.25155241 -0.44628284 -0.41102566 -0.41316081
 -0.37088829]
Epoch: 348, [-0.52914203 -0.34435268 -0.25025171 -0.44673468 -0.41057616 -0.4136252
 -0.37015031]
Epoch: 349, [-0.52891155 -0.3444717  -0.24894884 -0.44718936 -0.41012449 -0.41409195
 -0.36941   ]
Epoch: 350, [-0.52867826 -0.34459495 -0.24764378 -0.44764689 -0.4096706  -0.41456106
 -0.36866733]
Epoch: 351, [-0.52844212 -0.34472243 -0.24633651 -0.44810724 -0.40921448 -0.41503252
 -0.36792228]
Epoch: 352, [-0.5282031  -0.34485413 -0.245027   -0.44857042 -0.4087561  -0.41550633
 -0.36717483]
Epoch: 353, [-0.52796118 -0.34499006 -0.24371524 -0.44903642 -0.40829543 -0.41598248
 -0.36642493]
Epoch: 354, [-0.52771631 -0.34513021 -0.2424012  -0.44950522 -0.40783244 -0.41646096
 -0.36567258]
Epoch: 355, [-0.52746847 -0.34527458 -0.24108485 -0.44997681 -0.40736711 -0.41694178
 -0.36491773]
Epoch: 356, [-0.52721763 -0.34542317 -0.23976617 -0.45045119 -0.40689941 -0.41742492
 -0.36416036]
Epoch: 357, [-0.52696376 -0.34557597 -0.23844515 -0.45092835 -0.40642932 -0.41791038
 -0.36340045]
Epoch: 358, [-0.52670682 -0.34573299 -0.23712175 -0.45140827 -0.40595679 -0.41839816
 -0.36263798]
Epoch: 359, [-0.52644679 -0.34589421 -0.23579596 -0.45189095 -0.40548182 -0.41888824
 -0.3618729 ]
Epoch: 360, [-0.52618363 -0.34605964 -0.23446775 -0.45237638 -0.40500437 -0.41938063
 -0.3611052 ]
Epoch: 361, [-0.52591731 -0.34622928 -0.2331371  -0.45286454 -0.40452442 -0.41987531
 -0.36033485]
Epoch: 362, [-0.5256478  -0.34640312 -0.231804   -0.45335542 -0.40404192 -0.42037228
 -0.35956182]
Epoch: 363, [-0.52537506 -0.34658116 -0.23046841 -0.45384902 -0.40355687 -0.42087154
 -0.35878609]
Epoch: 364, [-0.52509908 -0.34676339 -0.22913032 -0.45434533 -0.40306923 -0.42137306
 -0.35800762]
Epoch: 365, [-0.5248198  -0.34694981 -0.22778971 -0.45484432 -0.40257898 -0.42187686
 -0.3572264 ]
Epoch: 366, [-0.52453721 -0.34714042 -0.22644656 -0.455346   -0.40208608 -0.42238291
 -0.3564424 ]
Epoch: 367, [-0.52425127 -0.34733522 -0.22510083 -0.45585034 -0.40159051 -0.42289122
 -0.35565559]
Epoch: 368, [-0.52396194 -0.34753419 -0.22375253 -0.45635734 -0.40109224 -0.42340177
 -0.35486594]
Epoch: 369, [-0.5236692  -0.34773735 -0.22240161 -0.45686699 -0.40059125 -0.42391456
 -0.35407343]
Epoch: 370, [-0.52337301 -0.34794467 -0.22104808 -0.45737926 -0.4000875  -0.42442958
 -0.35327803]
Epoch: 371, [-0.52307333 -0.34815617 -0.21969189 -0.45789416 -0.39958097 -0.42494681
 -0.35247971]
Epoch: 372, [-0.52277015 -0.34837183 -0.21833304 -0.45841166 -0.39907164 -0.42546626
 -0.35167846]
Epoch: 373, [-0.52246342 -0.34859165 -0.2169715  -0.45893175 -0.39855946 -0.4259879
 -0.35087423]
Epoch: 374, [-0.52215311 -0.34881562 -0.21560726 -0.45945443 -0.39804443 -0.42651174
 -0.35006702]
Epoch: 375, [-0.52183918 -0.34904374 -0.21424029 -0.45997967 -0.3975265  -0.42703776
 -0.34925678]
Epoch: 376, [-0.52152161 -0.34927602 -0.21287058 -0.46050746 -0.39700565 -0.42756596
 -0.3484435 ]
Epoch: 377, [-0.52120037 -0.34951243 -0.21149811 -0.46103779 -0.39648186 -0.42809631
 -0.34762714]
Epoch: 378, [-0.52087541 -0.34975297 -0.21012286 -0.46157064 -0.39595509 -0.42862882
 -0.34680769]
Epoch: 379, [-0.5205467  -0.34999765 -0.20874481 -0.462106   -0.39542531 -0.42916347
 -0.34598512]
Epoch: 380, [-0.52021422 -0.35024645 -0.20736395 -0.46264385 -0.39489251 -0.42970025
 -0.34515939]
Epoch: 381, [-0.51987792 -0.35049936 -0.20598025 -0.46318418 -0.39435665 -0.43023915
 -0.3443305 ]
Epoch: 382, [-0.51953778 -0.35075639 -0.2045937  -0.46372697 -0.3938177  -0.43078016
 -0.3434984 ]
Epoch: 383, [-0.51919376 -0.35101753 -0.20320428 -0.46427221 -0.39327564 -0.43132327
 -0.34266308]
Epoch: 384, [-0.51884583 -0.35128276 -0.20181198 -0.46481988 -0.39273044 -0.43186846
 -0.34182451]
Epoch: 385, [-0.51849395 -0.35155209 -0.20041677 -0.46536997 -0.39218207 -0.43241572
 -0.34098266]
Epoch: 386, [-0.51813809 -0.3518255  -0.19901864 -0.46592245 -0.3916305  -0.43296504
 -0.34013751]
Epoch: 387, [-0.51777821 -0.35210299 -0.19761758 -0.46647731 -0.39107571 -0.43351641
 -0.33928904]
Epoch: 388, [-0.51741429 -0.35238455 -0.19621357 -0.46703454 -0.39051767 -0.43406982
 -0.33843722]
Epoch: 389, [-0.51704628 -0.35267018 -0.19480659 -0.46759411 -0.38995634 -0.43462524
 -0.33758201]
Epoch: 390, [-0.51667416 -0.35295986 -0.19339663 -0.468156   -0.38939171 -0.43518268
 -0.33672341]
Epoch: 391, [-0.51629788 -0.35325359 -0.19198367 -0.46872021 -0.38882375 -0.4357421
 -0.33586139]
Epoch: 392, [-0.51591742 -0.35355136 -0.1905677  -0.4692867  -0.38825242 -0.43630351
 -0.33499591]
Epoch: 393, [-0.51553274 -0.35385316 -0.18914871 -0.46985547 -0.3876777  -0.43686688
 -0.33412696]
Epoch: 394, [-0.51514381 -0.35415899 -0.18772667 -0.47042649 -0.38709956 -0.4374322
 -0.33325452]
Epoch: 395, [-0.51475059 -0.35446883 -0.18630158 -0.47099975 -0.38651798 -0.43799946
 -0.33237855]
Epoch: 396, [-0.51435305 -0.35478267 -0.18487341 -0.47157521 -0.38593293 -0.43856863
 -0.33149903]
Epoch: 397, [-0.51395115 -0.35510051 -0.18344217 -0.47215287 -0.38534437 -0.43913971
 -0.33061594]
Epoch: 398, [-0.51354486 -0.35542234 -0.18200784 -0.4727327  -0.38475229 -0.43971268
 -0.32972926]
Epoch: 399, [-0.51313415 -0.35574814 -0.18057039 -0.47331469 -0.38415665 -0.44028752
 -0.32883897]
Epoch: 400, [-0.51271897 -0.35607791 -0.17912983 -0.4738988  -0.38355743 -0.44086421
 -0.32794503]
Epoch: 401, [-0.5122993  -0.35641164 -0.17768613 -0.47448503 -0.38295461 -0.44144274
 -0.32704742]
Epoch: 402, [-0.5118751  -0.35674931 -0.17623929 -0.47507334 -0.38234814 -0.44202309
 -0.32614613]
Epoch: 403, [-0.51144634 -0.35709092 -0.1747893  -0.47566371 -0.38173801 -0.44260524
 -0.32524113]
Epoch: 404, [-0.51101298 -0.35743644 -0.17333614 -0.47625613 -0.38112419 -0.44318918
 -0.3243324 ]
Epoch: 405, [-0.51057499 -0.35778588 -0.17187981 -0.47685057 -0.38050666 -0.44377489
 -0.32341991]
Epoch: 406, [-0.51013233 -0.35813922 -0.17042028 -0.477447   -0.37988538 -0.44436234
 -0.32250364]
Epoch: 407, [-0.50968497 -0.35849645 -0.16895757 -0.4780454  -0.37926033 -0.44495152
 -0.32158357]
Epoch: 408, [-0.50923288 -0.35885756 -0.16749164 -0.47864576 -0.37863148 -0.44554241
 -0.32065968]
Epoch: 409, [-0.50877601 -0.35922253 -0.1660225  -0.47924804 -0.3779988  -0.44613499
 -0.31973195]
Epoch: 410, [-0.50831434 -0.35959134 -0.16455014 -0.47985222 -0.37736228 -0.44672924
 -0.31880034]
Epoch: 411, [-0.50784783 -0.359964   -0.16307454 -0.48045827 -0.37672188 -0.44732514
 -0.31786485]
Epoch: 412, [-0.50737645 -0.36034048 -0.16159571 -0.48106617 -0.37607757 -0.44792266
 -0.31692545]
Epoch: 413, [-0.50690016 -0.36072077 -0.16011363 -0.4816759  -0.37542934 -0.4485218
 -0.31598212]
Epoch: 414, [-0.50641893 -0.36110485 -0.15862829 -0.48228742 -0.37477714 -0.44912252
 -0.31503484]
Epoch: 415, [-0.50593272 -0.36149272 -0.15713969 -0.48290072 -0.37412097 -0.4497248
 -0.31408359]
Epoch: 416, [-0.5054415  -0.36188435 -0.15564782 -0.48351575 -0.37346079 -0.45032862
 -0.31312835]
Epoch: 417, [-0.50494524 -0.36227973 -0.15415268 -0.48413251 -0.37279658 -0.45093397
 -0.31216909]
Epoch: 418, [-0.5044439  -0.36267885 -0.15265425 -0.48475095 -0.3721283  -0.45154081
 -0.3112058 ]
Epoch: 419, [-0.50393745 -0.36308169 -0.15115255 -0.48537106 -0.37145595 -0.45214913
 -0.31023846]
Epoch: 420, [-0.50342585 -0.36348824 -0.14964755 -0.48599279 -0.37077948 -0.45275889
 -0.30926705]
Epoch: 421, [-0.50290907 -0.36389847 -0.14813926 -0.48661613 -0.37009888 -0.45337008
 -0.30829155]
Epoch: 422, [-0.50238707 -0.36431238 -0.14662767 -0.48724105 -0.36941412 -0.45398267
 -0.30731193]
Epoch: 423, [-0.50185983 -0.36472993 -0.14511278 -0.48786751 -0.36872517 -0.45459664
 -0.30632819]
Epoch: 424, [-0.50132731 -0.36515113 -0.14359459 -0.48849548 -0.36803202 -0.45521195
 -0.30534031]
Epoch: 425, [-0.50078947 -0.36557595 -0.14207309 -0.48912494 -0.36733463 -0.4558286
 -0.30434825]
Epoch: 426, [-0.50024628 -0.36600436 -0.14054829 -0.48975585 -0.36663298 -0.45644654
 -0.30335202]
Epoch: 427, [-0.49969772 -0.36643636 -0.13902017 -0.49038819 -0.36592705 -0.45706576
 -0.30235159]
Epoch: 428, [-0.49914374 -0.36687193 -0.13748875 -0.49102191 -0.36521682 -0.45768622
 -0.30134693]
Epoch: 429, [-0.49858431 -0.36731104 -0.13595401 -0.491657   -0.36450226 -0.45830791
 -0.30033805]
Epoch: 430, [-0.49801941 -0.36775367 -0.13441597 -0.49229341 -0.36378334 -0.45893079
 -0.29932491]
Epoch: 431, [-0.49744899 -0.36819981 -0.13287461 -0.49293111 -0.36306005 -0.45955483
 -0.29830751]
Epoch: 432, [-0.49687303 -0.36864944 -0.13132994 -0.49357008 -0.36233235 -0.46018001
 -0.29728582]
Epoch: 433, [-0.49629149 -0.36910253 -0.12978197 -0.49421027 -0.36160024 -0.46080629
 -0.29625983]
Epoch: 434, [-0.49570434 -0.36955907 -0.12823069 -0.49485166 -0.36086368 -0.46143366
 -0.29522953]
Epoch: 435, [-0.49511155 -0.37001902 -0.12667611 -0.4954942  -0.36012265 -0.46206207
 -0.2941949 ]
Epoch: 436, [-0.49451309 -0.37048238 -0.12511823 -0.49613787 -0.35937713 -0.46269151
 -0.29315593]
Epoch: 437, [-0.49390893 -0.37094912 -0.12355705 -0.49678263 -0.35862711 -0.46332194
 -0.2921126 ]
Epoch: 438, [-0.49329903 -0.37141922 -0.12199258 -0.49742844 -0.35787254 -0.46395332
 -0.29106489]
Epoch: 439, [-0.49268336 -0.37189264 -0.12042482 -0.49807527 -0.35711343 -0.46458564
 -0.2900128 ]
Epoch: 440, [-0.4920619  -0.37236938 -0.11885378 -0.49872308 -0.35634974 -0.46521885
 -0.28895632]
Epoch: 441, [-0.4914346  -0.37284941 -0.11727947 -0.49937183 -0.35558145 -0.46585293
 -0.28789542]
Epoch: 442, [-0.49080145 -0.3733327  -0.11570188 -0.50002149 -0.35480854 -0.46648784
 -0.28683009]
Epoch: 443, [-0.49016242 -0.37381923 -0.11412104 -0.50067202 -0.354031   -0.46712355
 -0.28576034]
Epoch: 444, [-0.48951746 -0.37430897 -0.11253694 -0.50132339 -0.3532488  -0.46776003
 -0.28468613]
Epoch: 445, [-0.48886655 -0.3748019  -0.11094959 -0.50197554 -0.35246193 -0.46839725
 -0.28360746]
Epoch: 446, [-0.48820967 -0.37529799 -0.109359   -0.50262845 -0.35167035 -0.46903517
 -0.28252433]
Epoch: 447, [-0.48754678 -0.37579722 -0.10776518 -0.50328208 -0.35087407 -0.46967376
 -0.28143672]
Epoch: 448, [-0.48687786 -0.37629956 -0.10616815 -0.50393638 -0.35007305 -0.47031298
 -0.28034461]
Epoch: 449, [-0.48620287 -0.37680499 -0.10456791 -0.50459132 -0.34926727 -0.47095281
 -0.27924801]
Epoch: 450, [-0.4855218  -0.37731347 -0.10296447 -0.50524686 -0.34845673 -0.47159319
 -0.2781469 ]
Epoch: 451, [-0.4848346  -0.37782499 -0.10135784 -0.50590295 -0.3476414  -0.47223411
 -0.27704128]
Epoch: 452, [-0.48414125 -0.3783395  -0.09974804 -0.50655955 -0.34682126 -0.47287552
 -0.27593112]
Epoch: 453, [-0.48344173 -0.37885699 -0.09813508 -0.50721663 -0.3459963  -0.47351738
 -0.27481644]
Epoch: 454, [-0.48273601 -0.37937742 -0.09651898 -0.50787414 -0.3451665  -0.47415967
 -0.27369722]
Epoch: 455, [-0.48202406 -0.37990077 -0.09489974 -0.50853204 -0.34433184 -0.47480234
 -0.27257345]
Epoch: 456, [-0.48130586 -0.380427   -0.09327739 -0.50919028 -0.34349232 -0.47544535
 -0.27144513]
Epoch: 457, [-0.48058138 -0.38095609 -0.09165193 -0.50984883 -0.34264791 -0.47608868
 -0.27031225]
Epoch: 458, [-0.4798506  -0.38148801 -0.09002339 -0.51050764 -0.34179859 -0.47673227
 -0.26917481]
Epoch: 459, [-0.47911348 -0.38202272 -0.08839178 -0.51116666 -0.34094437 -0.4773761
 -0.2680328 ]
Epoch: 460, [-0.47837001 -0.3825602  -0.08675711 -0.51182586 -0.34008521 -0.47802012
 -0.26688621]
Epoch: 461, [-0.47762016 -0.38310041 -0.08511942 -0.51248518 -0.3392211  -0.4786643
 -0.26573506]
Epoch: 462, [-0.47686392 -0.38364331 -0.08347871 -0.51314459 -0.33835204 -0.47930859
 -0.26457932]
Epoch: 463, [-0.47610124 -0.38418889 -0.081835   -0.51380404 -0.33747801 -0.47995296
 -0.263419  ]
Epoch: 464, [-0.47533212 -0.3847371  -0.08018832 -0.51446348 -0.336599   -0.48059736
 -0.2622541 ]
Epoch: 465, [-0.47455653 -0.38528792 -0.07853869 -0.51512287 -0.33571499 -0.48124176
 -0.26108461]
Epoch: 466, [-0.47377444 -0.3858413  -0.07688612 -0.51578216 -0.33482597 -0.48188612
 -0.25991054]
Epoch: 467, [-0.47298584 -0.38639722 -0.07523064 -0.51644131 -0.33393194 -0.48253039
 -0.25873188]
Epoch: 468, [-0.47219071 -0.38695564 -0.07357227 -0.51710027 -0.33303288 -0.48317453
 -0.25754864]
Epoch: 469, [-0.47138903 -0.38751652 -0.07191104 -0.51775898 -0.33212878 -0.4838185
 -0.25636081]
Epoch: 470, [-0.47058076 -0.38807983 -0.07024697 -0.51841741 -0.33121963 -0.48446226
 -0.25516839]
Epoch: 471, [-0.46976591 -0.38864554 -0.06858009 -0.51907551 -0.33030543 -0.48510576
 -0.2539714 ]
Epoch: 472, [-0.46894444 -0.38921361 -0.06691041 -0.51973322 -0.32938616 -0.48574897
 -0.25276982]
Epoch: 473, [-0.46811634 -0.38978401 -0.06523797 -0.52039051 -0.32846182 -0.48639184
 -0.25156367]
Epoch: 474, [-0.46728159 -0.39035669 -0.0635628  -0.52104732 -0.3275324  -0.48703433
 -0.25035295]
Epoch: 475, [-0.46644018 -0.39093161 -0.06188491 -0.5217036  -0.32659789 -0.4876764
 -0.24913766]
Epoch: 476, [-0.46559208 -0.39150875 -0.06020435 -0.52235931 -0.32565828 -0.48831799
 -0.2479178 ]
Epoch: 477, [-0.46473729 -0.39208807 -0.05852113 -0.52301439 -0.32471358 -0.48895907
 -0.24669339]
Epoch: 478, [-0.46387578 -0.39266952 -0.0568353  -0.52366879 -0.32376376 -0.48959959
 -0.24546443]
Epoch: 479, [-0.46300754 -0.39325307 -0.05514687 -0.52432247 -0.32280884 -0.49023952
 -0.24423092]
Epoch: 480, [-0.46213256 -0.39383867 -0.05345588 -0.52497538 -0.32184881 -0.49087879
 -0.24299288]
Epoch: 481, [-0.46125082 -0.3944263  -0.05176237 -0.52562746 -0.32088365 -0.49151737
 -0.2417503 ]
Epoch: 482, [-0.46036232 -0.39501591 -0.05006636 -0.52627866 -0.31991337 -0.49215522
 -0.24050321]
Epoch: 483, [-0.45946703 -0.39560745 -0.04836788 -0.52692894 -0.31893797 -0.49279228
 -0.23925161]
Epoch: 484, [-0.45856494 -0.3962009  -0.04666698 -0.52757824 -0.31795745 -0.49342851
 -0.2379955 ]
Epoch: 485, [-0.45765606 -0.3967962  -0.04496369 -0.52822652 -0.31697179 -0.49406387
 -0.23673491]
Epoch: 486, [-0.45674035 -0.39739332 -0.04325804 -0.52887371 -0.31598101 -0.49469831
 -0.23546984]
Epoch: 487, [-0.45581783 -0.39799222 -0.04155007 -0.52951977 -0.3149851  -0.49533179
 -0.2342003 ]
Epoch: 488, [-0.45488847 -0.39859285 -0.03983981 -0.53016465 -0.31398406 -0.49596425
 -0.23292631]
Epoch: 489, [-0.45395227 -0.39919517 -0.03812731 -0.53080829 -0.3129779  -0.49659564
 -0.23164789]
Epoch: 490, [-0.45300922 -0.39979915 -0.03641259 -0.53145064 -0.31196661 -0.49722594
 -0.23036503]
Epoch: 491, [-0.45205931 -0.40040473 -0.03469571 -0.53209166 -0.31095021 -0.49785507
 -0.22907777]
Epoch: 492, [-0.45110254 -0.40101187 -0.0329767  -0.53273128 -0.30992868 -0.49848301
 -0.22778611]
Epoch: 493, [-0.45013891 -0.40162054 -0.0312556  -0.53336946 -0.30890204 -0.4991097
 -0.22649008]
Epoch: 494, [-0.4491684  -0.40223068 -0.02953245 -0.53400614 -0.30787029 -0.49973509
 -0.22518968]
Epoch: 495, [-0.44819102 -0.40284226 -0.02780729 -0.53464127 -0.30683343 -0.50035914
 -0.22388494]
Epoch: 496, [-0.44720676 -0.40345523 -0.02608017 -0.53527479 -0.30579147 -0.50098179
 -0.22257588]
Epoch: 497, [-0.44621561 -0.40406954 -0.02435113 -0.53590666 -0.30474442 -0.50160301
 -0.22126251]
Epoch: 498, [-0.44521759 -0.40468515 -0.02262021 -0.53653682 -0.30369229 -0.50222274
 -0.21994485]
Epoch: 499, [-0.44421268 -0.40530201 -0.02088746 -0.53716522 -0.30263508 -0.50284093
 -0.21862293]
Epoch: 500, [-0.44320089 -0.40592009 -0.01915292 -0.53779181 -0.3015728  -0.50345754
 -0.21729677]
Epoch: 501, [-0.44218222 -0.40653933 -0.01741664 -0.53841652 -0.30050546 -0.50407252
 -0.21596638]
Epoch: 502, [-0.44115667 -0.40715969 -0.01567867 -0.53903931 -0.29943307 -0.50468581
 -0.2146318 ]
Epoch: 503, [-0.44012424 -0.40778112 -0.01393904 -0.53966013 -0.29835565 -0.50529738
 -0.21329304]
Epoch: 504, [-0.43908494 -0.40840357 -0.01219783 -0.54027892 -0.29727319 -0.50590717
 -0.21195013]
Epoch: 505, [-0.43803876 -0.40902701 -0.01045506 -0.54089562 -0.29618572 -0.50651513
 -0.21060309]
Epoch: 506, [-0.43698573 -0.40965137 -0.00871078 -0.54151019 -0.29509325 -0.50712122
 -0.20925196]
Epoch: 507, [-0.43592583 -0.41027663 -0.00696506 -0.54212257 -0.29399579 -0.50772539
 -0.20789675]
Epoch: 508, [-0.43485908 -0.41090272 -0.00521794 -0.54273271 -0.29289335 -0.50832758
 -0.2065375 ]
Epoch: 509, [-0.43378549 -0.4115296  -0.00346947 -0.54334055 -0.29178596 -0.50892776
 -0.20517423]
Epoch: 510, [-0.43270507 -0.41215722 -0.0017197  -0.54394605 -0.29067363 -0.50952586
 -0.20380697]
Epoch: 511, [-4.31617817e-01 -4.12785540e-01  3.13176594e-05 -5.44549143e-01
 -2.89556363e-01 -5.10121850e-01 -2.02435745e-01]
Epoch: 512, [-0.43052375 -0.41341451  0.00178352 -0.54514978 -0.28843419 -0.51071567
 -0.2010606 ]
Epoch: 513, [-0.42942288 -0.41404407  0.00353687 -0.54574791 -0.28730713 -0.51130728
 -0.19968155]
Epoch: 514, [-0.42831522 -0.41467419  0.0052913  -0.54634348 -0.28617519 -0.51189663
 -0.19829863]
Epoch: 515, [-0.42720078 -0.41530481  0.00704675 -0.54693644 -0.28503841 -0.51248367
 -0.19691188]
Epoch: 516, [-0.42607958 -0.41593588  0.00880318 -0.54752673 -0.28389679 -0.51306835
 -0.19552133]
Epoch: 517, [-0.42495163 -0.41656736  0.01056053 -0.5481143  -0.28275036 -0.51365062
 -0.19412701]
Epoch: 518, [-0.42381694 -0.41719919  0.01231873 -0.54869911 -0.28159914 -0.51423044
 -0.19272897]
Epoch: 519, [-0.42267554 -0.41783133  0.01407774 -0.54928108 -0.28044316 -0.51480776
 -0.19132722]
Epoch: 520, [-0.42152745 -0.41846373  0.01583749 -0.54986019 -0.27928243 -0.51538253
 -0.18992181]
Epoch: 521, [-0.42037267 -0.41909634  0.01759793 -0.55043637 -0.27811698 -0.5159547
 -0.18851278]
Epoch: 522, [-0.41921123 -0.41972911  0.019359   -0.55100957 -0.27694684 -0.51652422
 -0.18710016]
Epoch: 523, [-0.41804315 -0.42036199  0.02112063 -0.55157974 -0.27577203 -0.51709106
 -0.185684  ]
Epoch: 524, [-0.41686846 -0.42099493  0.02288278 -0.55214683 -0.27459258 -0.51765515
 -0.18426432]
Epoch: 525, [-0.41568717 -0.42162789  0.02464536 -0.55271079 -0.27340852 -0.51821646
 -0.18284118]
Epoch: 526, [-0.41449931 -0.4222608   0.02640834 -0.55327157 -0.27221987 -0.51877494
 -0.18141461]
Epoch: 527, [-0.4133049  -0.42289363  0.02817164 -0.55382911 -0.27102667 -0.51933055
 -0.17998465]
Epoch: 528, [-0.41210397 -0.42352633  0.0299352  -0.55438338 -0.26982893 -0.51988322
 -0.17855134]
Epoch: 529, [-0.41089655 -0.42415883  0.03169897 -0.55493431 -0.2686267  -0.52043293
 -0.17711473]
Epoch: 530, [-0.40968266 -0.4247911   0.03346287 -0.55548186 -0.26742001 -0.52097962
 -0.17567487]
Epoch: 531, [-0.40846233 -0.42542309  0.03522684 -0.55602598 -0.26620888 -0.52152325
 -0.17423178]
Epoch: 532, [-0.40723559 -0.42605474  0.03699082 -0.55656662 -0.26499334 -0.52206378
 -0.17278553]
Epoch: 533, [-0.40600247 -0.42668601  0.03875475 -0.55710374 -0.26377344 -0.52260116
 -0.17133615]
Epoch: 534, [-0.40476301 -0.42731685  0.04051856 -0.55763728 -0.26254921 -0.52313534
 -0.16988369]
Epoch: 535, [-0.40351723 -0.4279472   0.04228219 -0.5581672  -0.26132068 -0.52366628
 -0.1684282 ]
Epoch: 536, [-0.40226516 -0.42857702  0.04404556 -0.55869345 -0.26008788 -0.52419394
 -0.16696972]
Epoch: 537, [-0.40100685 -0.42920626  0.04580862 -0.55921598 -0.25885086 -0.52471827
 -0.16550831]
Epoch: 538, [-0.39974233 -0.42983487  0.0475713  -0.55973475 -0.25760965 -0.52523924
 -0.16404401]
Epoch: 539, [-0.39847162 -0.4304628   0.04933353 -0.56024971 -0.25636428 -0.52575679
 -0.16257686]
Epoch: 540, [-0.39719478 -0.43109     0.05109525 -0.56076081 -0.2551148  -0.5262709
 -0.16110693]
Epoch: 541, [-0.39591184 -0.43171643  0.05285638 -0.56126802 -0.25386125 -0.5267815
 -0.15963426]
Epoch: 542, [-0.39462283 -0.43234203  0.05461686 -0.56177128 -0.25260367 -0.52728857
 -0.15815891]
Epoch: 543, [-0.3933278  -0.43296676  0.05637663 -0.56227056 -0.25134209 -0.52779206
 -0.15668091]
Epoch: 544, [-0.39202679 -0.43359057  0.05813561 -0.5627658  -0.25007656 -0.52829193
 -0.15520034]
Epoch: 545, [-0.39071984 -0.4342134   0.05989373 -0.56325697 -0.24880713 -0.52878815
 -0.15371723]
Epoch: 546, [-0.38940699 -0.43483522  0.06165094 -0.56374403 -0.24753382 -0.52928067
 -0.15223165]
Epoch: 547, [-0.38808829 -0.43545597  0.06340715 -0.56422693 -0.2462567  -0.52976945
 -0.15074364]
Epoch: 548, [-0.38676378 -0.43607561  0.0651623  -0.56470562 -0.24497579 -0.53025445
 -0.14925327]
Epoch: 549, [-0.38543351 -0.43669409  0.06691632 -0.56518008 -0.24369116 -0.53073564
 -0.14776059]
Epoch: 550, [-0.38409752 -0.43731136  0.06866914 -0.56565025 -0.24240283 -0.53121298
 -0.14626565]
Epoch: 551, [-0.38275587 -0.43792737  0.07042069 -0.56611611 -0.24111087 -0.53168643
 -0.1447685 ]
Epoch: 552, [-0.38140859 -0.43854209  0.07217091 -0.5665776  -0.23981531 -0.53215596
 -0.14326922]
Epoch: 553, [-0.38005574 -0.43915545  0.07391971 -0.5670347  -0.23851621 -0.53262152
 -0.14176785]
Epoch: 554, [-0.37869737 -0.43976743  0.07566704 -0.56748736 -0.23721361 -0.53308309
 -0.14026445]
Epoch: 555, [-0.37733353 -0.44037796  0.07741282 -0.56793555 -0.23590755 -0.53354062
 -0.13875908]
Epoch: 556, [-0.37596427 -0.44098701  0.07915698 -0.56837923 -0.2345981  -0.53399409
 -0.1372518 ]
Epoch: 557, [-0.37458965 -0.44159452  0.08089945 -0.56881836 -0.23328531 -0.53444346
 -0.13574267]
Epoch: 558, [-0.37320971 -0.44220046  0.08264016 -0.56925292 -0.23196921 -0.5348887
 -0.13423175]
Epoch: 559, [-0.37182452 -0.44280479  0.08437904 -0.56968286 -0.23064987 -0.53532977
 -0.1327191 ]
Epoch: 560, [-0.37043413 -0.44340744  0.08611602 -0.57010815 -0.22932733 -0.53576664
 -0.13120478]
Epoch: 561, [-0.36903859 -0.44400839  0.08785103 -0.57052875 -0.22800165 -0.53619928
 -0.12968885]
Epoch: 562, [-0.36763796 -0.44460759  0.089584   -0.57094465 -0.22667288 -0.53662766
 -0.12817136]
Epoch: 563, [-0.36623231 -0.44520499  0.09131486 -0.5713558  -0.22534108 -0.53705176
 -0.1266524 ]
Epoch: 564, [-0.36482168 -0.44580056  0.09304354 -0.57176217 -0.2240063  -0.53747153
 -0.12513201]
Epoch: 565, [-0.36340614 -0.44639424  0.09476997 -0.57216373 -0.22266859 -0.53788695
 -0.12361026]
Epoch: 566, [-0.36198575 -0.446986    0.09649407 -0.57256046 -0.22132801 -0.538298
 -0.12208721]
Epoch: 567, [-0.36056056 -0.4475758   0.09821578 -0.57295232 -0.21998462 -0.53870465
 -0.12056292]
Epoch: 568, [-0.35913065 -0.44816359  0.09993503 -0.57333929 -0.21863846 -0.53910686
 -0.11903747]
Epoch: 569, [-0.35769608 -0.44874934  0.10165175 -0.57372134 -0.21728961 -0.53950462
 -0.11751091]
Epoch: 570, [-0.3562569  -0.449333    0.10336586 -0.57409844 -0.21593812 -0.53989789
 -0.1159833 ]
Epoch: 571, [-0.35481318 -0.44991454  0.10507731 -0.57447057 -0.21458404 -0.54028666
 -0.11445472]
Epoch: 572, [-0.35336498 -0.45049391  0.10678601 -0.5748377  -0.21322743 -0.54067089
 -0.11292522]
Epoch: 573, [-0.35191238 -0.45107107  0.1084919  -0.57519981 -0.21186835 -0.54105057
 -0.11139488]
Epoch: 574, [-0.35045544 -0.45164599  0.11019492 -0.57555687 -0.21050686 -0.54142568
 -0.10986375]
Epoch: 575, [-0.34899422 -0.45221863  0.11189498 -0.57590887 -0.20914303 -0.54179618
 -0.1083319 ]
Epoch: 576, [-0.34752879 -0.45278896  0.11359204 -0.57625577 -0.2077769  -0.54216206
 -0.1067994 ]
Epoch: 577, [-0.34605922 -0.45335692  0.115286   -0.57659757 -0.20640855 -0.54252331
 -0.10526632]
Epoch: 578, [-0.34458558 -0.4539225   0.11697682 -0.57693423 -0.20503803 -0.54287989
 -0.10373271]
Epoch: 579, [-0.34310794 -0.45448564  0.11866441 -0.57726575 -0.2036654  -0.5432318
 -0.10219865]
Epoch: 580, [-0.34162637 -0.45504632  0.12034872 -0.5775921  -0.20229072 -0.54357901
 -0.10066421]
Epoch: 581, [-0.34014093 -0.45560451  0.12202967 -0.57791326 -0.20091406 -0.5439215
 -0.09912944]
Epoch: 582, [-0.33865171 -0.45616016  0.1237072  -0.57822922 -0.19953548 -0.54425926
 -0.09759442]
Epoch: 583, [-0.33715876 -0.45671324  0.12538124 -0.57853997 -0.19815504 -0.54459228
 -0.09605921]
Epoch: 584, [-0.33566217 -0.45726372  0.12705173 -0.57884548 -0.1967728  -0.54492053
 -0.09452388]
Epoch: 585, [-0.33416201 -0.45781157  0.1287186  -0.57914574 -0.19538883 -0.54524401
 -0.0929885 ]
Epoch: 586, [-0.33265835 -0.45835675  0.13038179 -0.57944074 -0.1940032  -0.54556269
 -0.09145313]
Epoch: 587, [-0.33115125 -0.45889923  0.13204122 -0.57973047 -0.19261595 -0.54587658
 -0.08991784]
Epoch: 588, [-0.32964081 -0.45943899  0.13369685 -0.58001491 -0.19122716 -0.54618564
 -0.0883827 ]
Epoch: 589, [-0.32812709 -0.45997599  0.13534859 -0.58029406 -0.1898369  -0.54648989
 -0.08684778]
Epoch: 590, [-0.32661016 -0.4605102   0.1369964  -0.58056791 -0.18844522 -0.54678929
 -0.08531313]
Epoch: 591, [-0.32509011 -0.46104159  0.1386402  -0.58083644 -0.18705219 -0.54708385
 -0.08377883]
Epoch: 592, [-0.32356701 -0.46157013  0.14027993 -0.58109964 -0.18565788 -0.54737356
 -0.08224495]
Epoch: 593, [-0.32204093 -0.46209579  0.14191554 -0.58135752 -0.18426234 -0.5476584
 -0.08071155]
Epoch: 594, [-0.32051195 -0.46261856  0.14354696 -0.58161006 -0.18286565 -0.54793837
 -0.07917871]
Epoch: 595, [-0.31898015 -0.46313839  0.14517412 -0.58185726 -0.18146788 -0.54821346
 -0.07764647]
Epoch: 596, [-0.3174456  -0.46365527  0.14679698 -0.58209911 -0.18006907 -0.54848367
 -0.07611492]
Epoch: 597, [-0.31590839 -0.46416916  0.14841546 -0.58233561 -0.17866931 -0.548749
 -0.07458412]
Epoch: 598, [-0.31436859 -0.46468005  0.15002952 -0.58256676 -0.17726866 -0.54900943
 -0.07305414]
Epoch: 599, [-0.31282628 -0.4651879   0.15163908 -0.58279255 -0.17586717 -0.54926496
 -0.07152504]
Epoch: 600, [-0.31128154 -0.4656927   0.1532441  -0.58301298 -0.17446493 -0.5495156
 -0.06999688]
Epoch: 601, [-0.30973444 -0.46619442  0.15484452 -0.58322806 -0.17306198 -0.54976133
 -0.06846974]
Epoch: 602, [-0.30818507 -0.46669304  0.15644027 -0.58343778 -0.17165841 -0.55000217
 -0.06694368]
Epoch: 603, [-0.3066335  -0.46718854  0.15803131 -0.58364214 -0.17025427 -0.5502381
 -0.06541877]
Epoch: 604, [-0.30507982 -0.46768089  0.15961757 -0.58384115 -0.16884963 -0.55046914
 -0.06389506]
Epoch: 605, [-0.3035241  -0.46817007  0.161199   -0.5840348  -0.16744455 -0.55069527
 -0.06237264]
Epoch: 606, [-0.30196642 -0.46865607  0.16277556 -0.58422311 -0.16603911 -0.55091651
 -0.06085155]
Epoch: 607, [-0.30040687 -0.46913886  0.16434718 -0.58440608 -0.16463336 -0.55113285
 -0.05933187]
Epoch: 608, [-0.29884551 -0.46961843  0.16591381 -0.58458371 -0.16322738 -0.5513443
 -0.05781366]
Epoch: 609, [-0.29728244 -0.47009475  0.1674754  -0.584756   -0.16182122 -0.55155086
 -0.05629699]
Epoch: 610, [-0.29571774 -0.47056782  0.16903189 -0.58492297 -0.16041495 -0.55175254
 -0.05478191]
Epoch: 611, [-0.29415147 -0.47103761  0.17058325 -0.58508463 -0.15900865 -0.55194934
 -0.05326849]
Epoch: 612, [-0.29258373 -0.4715041   0.17212941 -0.58524097 -0.15760236 -0.55214127
 -0.0517568 ]
Epoch: 613, [-0.29101459 -0.47196729  0.17367033 -0.58539202 -0.15619617 -0.55232834
 -0.05024689]
Epoch: 614, [-0.28944413 -0.47242715  0.17520596 -0.58553778 -0.15479013 -0.55251055
 -0.04873884]
Epoch: 615, [-0.28787243 -0.47288368  0.17673625 -0.58567826 -0.1533843  -0.55268792
 -0.0472327 ]
Epoch: 616, [-0.28629958 -0.47333685  0.17826115 -0.58581347 -0.15197876 -0.55286045
 -0.04572853]
Epoch: 617, [-0.28472565 -0.47378665  0.17978063 -0.58594344 -0.15057357 -0.55302815
 -0.04422639]
Epoch: 618, [-0.28315073 -0.47423308  0.18129462 -0.58606816 -0.14916878 -0.55319104
 -0.04272635]
Epoch: 619, [-0.28157488 -0.47467612  0.18280309 -0.58618765 -0.14776447 -0.55334912
 -0.04122847]
Epoch: 620, [-0.2799982  -0.47511576  0.184306   -0.58630193 -0.1463607  -0.55350241
 -0.03973281]
Epoch: 621, [-0.27842076 -0.47555199  0.1858033  -0.58641102 -0.14495753 -0.55365092
 -0.03823942]
Epoch: 622, [-0.27684265 -0.4759848   0.18729495 -0.58651492 -0.14355503 -0.55379467
 -0.03674836]
Epoch: 623, [-0.27526393 -0.47641417  0.1887809  -0.58661367 -0.14215325 -0.55393366
 -0.0352597 ]
Epoch: 624, [-0.2736847  -0.47684011  0.19026112 -0.58670727 -0.14075226 -0.55406791
 -0.03377349]
Epoch: 625, [-0.27210502 -0.4772626   0.19173557 -0.58679574 -0.13935213 -0.55419744
 -0.03228979]
Epoch: 626, [-0.27052498 -0.47768164  0.1932042  -0.5868791  -0.13795291 -0.55432227
 -0.03080866]
Epoch: 627, [-0.26894466 -0.47809721  0.19466699 -0.58695737 -0.13655467 -0.55444241
 -0.02933016]
Epoch: 628, [-0.26736413 -0.47850932  0.19612388 -0.58703058 -0.13515747 -0.55455787
 -0.02785433]
Epoch: 629, [-0.26578348 -0.47891795  0.19757485 -0.58709874 -0.13376136 -0.55466868
 -0.02638124]
Epoch: 630, [-0.26420278 -0.4793231   0.19901986 -0.58716187 -0.13236641 -0.55477486
 -0.02491094]
Epoch: 631, [-0.2626221  -0.47972478  0.20045887 -0.58722    -0.13097269 -0.55487642
 -0.02344349]
Epoch: 632, [-0.26104153 -0.48012296  0.20189186 -0.58727316 -0.12958024 -0.55497339
 -0.02197893]
Epoch: 633, [-0.25946114 -0.48051766  0.20331878 -0.58732135 -0.12818914 -0.55506578
 -0.02051733]
Epoch: 634, [-0.25788102 -0.48090886  0.2047396  -0.58736462 -0.12679943 -0.55515361
 -0.01905874]
Epoch: 635, [-0.25630122 -0.48129657  0.2061543  -0.58740297 -0.12541118 -0.55523692
 -0.01760321]
Epoch: 636, [-0.25472184 -0.48168078  0.20756284 -0.58743645 -0.12402444 -0.55531571
 -0.01615078]
Epoch: 637, [-0.25314295 -0.48206149  0.20896519 -0.58746507 -0.12263928 -0.55539001
 -0.01470152]
Epoch: 638, [-0.25156461 -0.48243871  0.21036132 -0.58748886 -0.12125575 -0.55545985
 -0.01325548]
Epoch: 639, [-0.24998691 -0.48281243  0.21175121 -0.58750785 -0.11987391 -0.55552524
 -0.01181269]
Epoch: 640, [-0.24840993 -0.48318265  0.21313483 -0.58752206 -0.11849382 -0.55558622
 -0.01037322]
Epoch: 641, [-0.24683372 -0.48354938  0.21451215 -0.58753153 -0.11711552 -0.55564281
 -0.00893711]
Epoch: 642, [-0.24525838 -0.48391261  0.21588314 -0.58753628 -0.11573908 -0.55569503
 -0.00750441]
Epoch: 643, [-0.24368396 -0.48427236  0.21724779 -0.58753634 -0.11436455 -0.5557429
 -0.00607517]
Epoch: 644, [-0.24211055 -0.48462861  0.21860606 -0.58753175 -0.11299199 -0.55578647
 -0.00464943]
Epoch: 645, [-0.24053822 -0.48498138  0.21995794 -0.58752252 -0.11162145 -0.55582574
 -0.00322724]
Epoch: 646, [-0.23896703 -0.48533067  0.22130339 -0.5875087  -0.11025298 -0.55586075
 -0.00180865]
Epoch: 647, [-2.37397054e-01 -4.85676479e-01  2.22642411e-01 -5.87490318e-01
 -1.08886643e-01 -5.55891523e-01 -3.93694219e-04]
Epoch: 648, [-0.23582837 -0.48601882  0.22397497 -0.5874674  -0.10752248 -0.55591809
  0.00101757]
Epoch: 649, [-0.23426104 -0.48635769  0.22530104 -0.58743998 -0.10616056 -0.55594048
  0.00242511]
Epoch: 650, [-0.23269515 -0.4866931   0.22662062 -0.58740808 -0.10480091 -0.55595872
  0.00382887]
Epoch: 651, [-0.23113074 -0.48702506  0.22793368 -0.58737175 -0.1034436  -0.55597284
  0.00522882]
Epoch: 652, [-0.2295679  -0.48735357  0.22924021 -0.58733102 -0.10208868 -0.55598287
  0.00662491]
Epoch: 653, [-0.2280067  -0.48767865  0.23054019 -0.58728592 -0.10073619 -0.55598884
  0.00801711]
Epoch: 654, [-0.22644719 -0.48800029  0.23183359 -0.58723648 -0.09938618 -0.55599078
  0.00940536]
Epoch: 655, [-0.22488945 -0.4883185   0.23312042 -0.58718275 -0.09803871 -0.55598872
  0.01078964]
Epoch: 656, [-0.22333355 -0.4886333   0.23440066 -0.58712474 -0.09669381 -0.55598269
  0.01216991]
Epoch: 657, [-0.22177953 -0.4889447   0.23567428 -0.58706251 -0.09535155 -0.55597272
  0.01354611]
Epoch: 658, [-0.22022749 -0.48925269  0.23694129 -0.58699608 -0.09401196 -0.55595885
  0.01491823]
Epoch: 659, [-0.21867746 -0.48955731  0.23820166 -0.58692549 -0.0926751  -0.5559411
  0.01628621]
Epoch: 660, [-0.21712953 -0.48985854  0.23945539 -0.58685078 -0.091341   -0.55591951
  0.01765003]
Epoch: 661, [-0.21558375 -0.49015641  0.24070247 -0.58677198 -0.09000972 -0.55589411
  0.01900965]
Epoch: 662, [-0.21404019 -0.49045093  0.24194289 -0.58668913 -0.08868129 -0.55586493
  0.02036503]
Epoch: 663, [-0.2124989  -0.4907421   0.24317663 -0.58660227 -0.08735576 -0.55583201
  0.02171614]
Epoch: 664, [-0.21095995 -0.49102994  0.2444037  -0.58651144 -0.08603319 -0.55579538
  0.02306294]
Epoch: 665, [-0.2094234  -0.49131446  0.24562409 -0.58641666 -0.0847136  -0.55575507
  0.02440541]
Epoch: 666, [-0.2078893  -0.49159568  0.24683778 -0.58631799 -0.08339704 -0.55571112
  0.02574351]
Epoch: 667, [-0.20635772 -0.49187361  0.24804478 -0.58621545 -0.08208355 -0.55566356
  0.02707721]
Epoch: 668, [-0.20482872 -0.49214826  0.24924508 -0.58610909 -0.08077317 -0.55561243
  0.02840648]
Epoch: 669, [-0.20330234 -0.49241964  0.25043868 -0.58599895 -0.07946595 -0.55555776
  0.02973128]
Epoch: 670, [-0.20177866 -0.49268777  0.25162556 -0.58588506 -0.07816192 -0.55549958
  0.0310516 ]
Epoch: 671, [-0.20025772 -0.49295266  0.25280574 -0.58576746 -0.07686113 -0.55543793
  0.03236739]
Epoch: 672, [-0.19873958 -0.49321433  0.25397921 -0.5856462  -0.0755636  -0.55537284
  0.03367864]
Epoch: 673, [-0.19722429 -0.4934728   0.25514596 -0.5855213  -0.07426938 -0.55530436
  0.03498531]
Epoch: 674, [-0.19571192 -0.49372807  0.25630601 -0.58539282 -0.07297851 -0.5552325
  0.03628739]
Epoch: 675, [-0.1942025  -0.49398017  0.25745934 -0.58526078 -0.07169102 -0.55515732
  0.03758483]
Epoch: 676, [-0.1926961  -0.49422911  0.25860596 -0.58512523 -0.07040695 -0.55507885
  0.03887762]
Epoch: 677, [-0.19119277 -0.4944749   0.25974587 -0.58498622 -0.06912634 -0.55499712
  0.04016574]
Epoch: 678, [-0.18969256 -0.49471757  0.26087908 -0.58484377 -0.06784921 -0.55491216
  0.04144915]
Epoch: 679, [-0.18819551 -0.49495713  0.26200559 -0.58469793 -0.0665756  -0.55482402
  0.04272784]
Epoch: 680, [-0.18670168 -0.49519359  0.26312539 -0.58454874 -0.06530555 -0.55473272
  0.04400178]
Epoch: 681, [-0.18521112 -0.49542698  0.26423851 -0.58439624 -0.06403909 -0.55463831
  0.04527095]
Epoch: 682, [-0.18372388 -0.49565731  0.26534493 -0.58424047 -0.06277625 -0.55454083
  0.04653534]
Epoch: 683, [-0.18223999 -0.4958846   0.26644467 -0.58408147 -0.06151706 -0.5544403
  0.04779491]
Epoch: 684, [-0.18075952 -0.49610887  0.26753773 -0.58391928 -0.06026155 -0.55433676
  0.04904965]
Epoch: 685, [-0.1792825  -0.49633013  0.26862413 -0.58375393 -0.05900976 -0.55423026
  0.05029954]
Epoch: 686, [-0.17780898 -0.49654841  0.26970386 -0.58358548 -0.05776171 -0.55412082
  0.05154457]
Epoch: 687, [-0.17633901 -0.49676372  0.27077694 -0.58341396 -0.05651743 -0.55400849
  0.0527847 ]
Epoch: 688, [-0.17487263 -0.49697608  0.27184338 -0.58323941 -0.05527696 -0.55389329
  0.05401994]
Epoch: 689, [-0.17340987 -0.49718551  0.27290318 -0.58306188 -0.05404031 -0.55377528
  0.05525025]
Epoch: 690, [-0.1719508  -0.49739203  0.27395635 -0.58288139 -0.05280751 -0.55365447
  0.05647563]
Epoch: 691, [-0.17049544 -0.49759567  0.27500291 -0.582698   -0.0515786  -0.55353091
  0.05769605]
Epoch: 692, [-0.16904383 -0.49779643  0.27604287 -0.58251174 -0.0503536  -0.55340464
  0.05891151]
Epoch: 693, [-0.16759603 -0.49799434  0.27707623 -0.58232265 -0.04913253 -0.55327569
  0.06012199]
Epoch: 694, [-0.16615205 -0.49818942  0.27810302 -0.58213078 -0.04791542 -0.5531441
  0.06132748]
Epoch: 695, [-0.16471196 -0.49838169  0.27912324 -0.58193616 -0.04670229 -0.55300991
  0.06252795]
Epoch: 696, [-0.16327578 -0.49857116  0.28013691 -0.58173884 -0.04549316 -0.55287314
  0.06372341]
Epoch: 697, [-0.16184354 -0.49875787  0.28114404 -0.58153884 -0.04428806 -0.55273384
  0.06491384]
Epoch: 698, [-0.1604153  -0.49894182  0.28214464 -0.58133623 -0.04308701 -0.55259205
  0.06609922]
Epoch: 699, [-0.15899107 -0.49912305  0.28313874 -0.58113102 -0.04189004 -0.55244779
  0.06727955]
Epoch: 700, [-0.15757091 -0.49930157  0.28412634 -0.58092327 -0.04069716 -0.55230111
  0.06845482]
Epoch: 701, [-0.15615483 -0.4994774   0.28510746 -0.58071302 -0.03950839 -0.55215204
  0.06962502]
Epoch: 702, [-0.15474288 -0.49965056  0.28608212 -0.58050029 -0.03832375 -0.55200062
  0.07079014]
Epoch: 703, [-0.15333509 -0.49982107  0.28705033 -0.58028514 -0.03714327 -0.55184689
  0.07195017]
Epoch: 704, [-0.15193149 -0.49998896  0.28801211 -0.58006761 -0.03596696 -0.55169087
  0.0731051 ]
Epoch: 705, [-0.1505321  -0.50015425  0.28896749 -0.57984772 -0.03479483 -0.55153261
  0.07425492]
Epoch: 706, [-0.14913698 -0.50031695  0.28991647 -0.57962552 -0.03362692 -0.55137213
  0.07539964]
Epoch: 707, [-0.14774613 -0.50047709  0.29085907 -0.57940105 -0.03246323 -0.55120948
  0.07653924]
Epoch: 708, [-0.1463596  -0.5006347   0.29179532 -0.57917436 -0.03130378 -0.5510447
  0.07767372]
Epoch: 709, [-0.1449774  -0.50078978  0.29272524 -0.57894546 -0.03014858 -0.55087781
  0.07880307]
Epoch: 710, [-0.14359957 -0.50094237  0.29364884 -0.57871442 -0.02899766 -0.55070884
  0.07992729]
Epoch: 711, [-0.14222614 -0.50109248  0.29456614 -0.57848125 -0.02785102 -0.55053785
  0.08104638]
Epoch: 712, [-0.14085713 -0.50124013  0.29547717 -0.57824601 -0.02670869 -0.55036486
  0.08216033]
Epoch: 713, [-0.13949257 -0.50138536  0.29638194 -0.57800873 -0.02557066 -0.5501899
  0.08326913]
Epoch: 714, [-0.13813248 -0.50152817  0.29728047 -0.57776945 -0.02443697 -0.550013
  0.0843728 ]
Epoch: 715, [-0.13677689 -0.50166859  0.2981728  -0.57752821 -0.02330761 -0.54983422
  0.08547132]
Epoch: 716, [-0.13542582 -0.50180665  0.29905893 -0.57728503 -0.02218261 -0.54965357
  0.08656469]
Epoch: 717, [-0.13407929 -0.50194236  0.2999389  -0.57703997 -0.02106197 -0.54947109
  0.08765291]
Epoch: 718, [-0.13273733 -0.50207575  0.30081272 -0.57679306 -0.0199457  -0.54928682
  0.08873599]
Epoch: 719, [-0.13139996 -0.50220683  0.30168042 -0.57654432 -0.01883382 -0.54910078
  0.08981392]
Epoch: 720, [-0.13006719 -0.50233564  0.30254202 -0.57629381 -0.01772634 -0.54891302
  0.0908867 ]
Epoch: 721, [-0.12873906 -0.50246218  0.30339754 -0.57604156 -0.01662326 -0.54872357
  0.09195433]
Epoch: 722, [-0.12741558 -0.50258649  0.30424701 -0.5757876  -0.01552459 -0.54853245
  0.09301682]
Epoch: 723, [-0.12609677 -0.50270859  0.30509046 -0.57553198 -0.01443034 -0.5483397
  0.09407417]
Epoch: 724, [-0.12478264 -0.50282849  0.3059279  -0.57527471 -0.01334053 -0.54814536
  0.09512638]
Epoch: 725, [-0.12347322 -0.50294621  0.30675936 -0.57501585 -0.01225515 -0.54794945
  0.09617345]
Epoch: 726, [-0.12216853 -0.50306179  0.30758486 -0.57475543 -0.01117422 -0.54775201
  0.09721538]
Epoch: 727, [-0.12086857 -0.50317524  0.30840444 -0.57449347 -0.01009773 -0.54755307
  0.09825219]
Epoch: 728, [-0.11957337 -0.50328658  0.30921811 -0.57423002 -0.00902571 -0.54735266
  0.09928386]
Epoch: 729, [-0.11828295 -0.50339584  0.3100259  -0.57396512 -0.00795815 -0.54715082
  0.10031042]
Epoch: 730, [-0.11699731 -0.50350303  0.31082785 -0.57369878 -0.00689505 -0.54694757
  0.10133185]
Epoch: 731, [-0.11571647 -0.50360818  0.31162396 -0.57343106 -0.00583643 -0.54674294
  0.10234818]
Epoch: 732, [-0.11444044 -0.5037113   0.31241428 -0.57316198 -0.00478229 -0.54653698
  0.1033594 ]
Epoch: 733, [-0.11316925 -0.50381243  0.31319882 -0.57289158 -0.00373262 -0.54632969
  0.10436551]
Epoch: 734, [-0.1119029  -0.50391158  0.31397761 -0.57261989 -0.00268745 -0.54612113
  0.10536654]
Epoch: 735, [-0.1106414  -0.50400877  0.31475069 -0.57234694 -0.00164676 -0.54591132
  0.10636247]
Epoch: 736, [-0.10938476 -0.50410402  0.31551807 -0.57207276 -0.00061055 -0.54570028
  0.10735332]
Epoch: 737, [-1.08132999e-01 -5.04197363e-01  3.16279786e-01 -5.71797398e-01
  4.21154296e-04 -5.45488049e-01  1.08339106e-01]
Epoch: 738, [-0.10688612 -0.50428881  0.31703586 -0.57152087  0.00144837 -0.54527466
  0.10931982]
Epoch: 739, [-0.10564415 -0.50437838  0.31778633 -0.57124322  0.00247109 -0.54506013
  0.11029548]
Epoch: 740, [-0.10440707 -0.5044661   0.31853121 -0.57096447  0.00348931 -0.5448445
  0.11126609]
Epoch: 741, [-0.10317491 -0.50455199  0.31927054 -0.57068466  0.00450304 -0.54462779
  0.11223166]
Epoch: 742, [-0.10194768 -0.50463606  0.32000434 -0.57040381  0.00551226 -0.54441003
  0.1131922 ]
Epoch: 743, [-0.10072537 -0.50471835  0.32073264 -0.57012197  0.006517   -0.54419125
  0.11414772]
Epoch: 744, [-0.099508   -0.50479886  0.32145547 -0.56983915  0.00751723 -0.54397149
  0.11509823]
Epoch: 745, [-0.09829557 -0.50487763  0.32217286 -0.56955539  0.00851297 -0.54375075
  0.11604373]
Epoch: 746, [-0.0970881  -0.50495467  0.32288483 -0.56927071  0.00950422 -0.54352909
  0.11698425]
Epoch: 747, [-0.09588558 -0.50503     0.32359142 -0.56898516  0.01049097 -0.54330651
  0.11791978]
Epoch: 748, [-0.09468802 -0.50510364  0.32429265 -0.56869876  0.01147323 -0.54308305
  0.11885035]
Epoch: 749, [-0.09349543 -0.50517561  0.32498856 -0.56841153  0.01245101 -0.54285873
  0.11977596]
Epoch: 750, [-0.09230781 -0.50524593  0.32567916 -0.5681235   0.0134243  -0.54263359
  0.12069662]
Epoch: 751, [-0.09112516 -0.50531462  0.32636449 -0.56783472  0.01439311 -0.54240764
  0.12161234]
Epoch: 752, [-0.08994749 -0.50538171  0.32704459 -0.56754519  0.01535743 -0.54218091
  0.12252315]
Epoch: 753, [-0.0887748  -0.5054472   0.32771947 -0.56725496  0.01631729 -0.54195344
  0.12342904]
Epoch: 754, [-0.0876071  -0.50551113  0.32838916 -0.56696404  0.01727267 -0.54172524
  0.12433003]
Epoch: 755, [-0.08644438 -0.5055735   0.32905371 -0.56667247  0.01822358 -0.54149633
  0.12522614]
Epoch: 756, [-0.08528665 -0.50563434  0.32971313 -0.56638027  0.01917004 -0.54126675
  0.12611738]
Epoch: 757, [-0.0841339  -0.50569367  0.33036745 -0.56608748  0.02011203 -0.54103652
  0.12700375]
Epoch: 758, [-0.08298614 -0.50575151  0.33101671 -0.56579411  0.02104958 -0.54080567
  0.12788529]
Epoch: 759, [-0.08184338 -0.50580787  0.33166094 -0.56550019  0.02198268 -0.54057421
  0.12876199]
Epoch: 760, [-0.0807056  -0.50586278  0.33230015 -0.56520576  0.02291133 -0.54034217
  0.12963387]
Epoch: 761, [-0.07957281 -0.50591625  0.3329344  -0.56491082  0.02383556 -0.54010958
  0.13050095]
Epoch: 762, [-0.07844501 -0.5059683   0.33356369 -0.56461542  0.02475535 -0.53987645
  0.13136324]
Epoch: 763, [-0.07732219 -0.50601896  0.33418806 -0.56431957  0.02567073 -0.53964281
  0.13222075]
Epoch: 764, [-0.07620436 -0.50606823  0.33480755 -0.56402331  0.02658168 -0.53940869
  0.13307351]
Epoch: 765, [-0.07509151 -0.50611613  0.33542218 -0.56372664  0.02748824 -0.53917411
  0.13392152]
Epoch: 766, [-0.07398365 -0.5061627   0.33603198 -0.56342961  0.02839039 -0.53893908
  0.1347648 ]
Epoch: 767, [-0.07288076 -0.50620793  0.33663698 -0.56313223  0.02928815 -0.53870364
  0.13560336]
Epoch: 768, [-0.07178284 -0.50625186  0.3372372  -0.56283453  0.03018153 -0.53846779
  0.13643723]
Epoch: 769, [-0.0706899  -0.50629449  0.33783269 -0.56253652  0.03107053 -0.53823157
  0.13726641]
Epoch: 770, [-0.06960192 -0.50633585  0.33842347 -0.56223824  0.03195516 -0.537995
  0.13809092]
Epoch: 771, [-0.06851891 -0.50637595  0.33900957 -0.56193971  0.03283544 -0.53775809
  0.13891078]
Epoch: 772, [-0.06744085 -0.50641481  0.33959101 -0.56164094  0.03371136 -0.53752087
  0.13972601]
Epoch: 773, [-0.06636775 -0.50645245  0.34016784 -0.56134197  0.03458295 -0.53728336
  0.14053662]
Epoch: 774, [-0.06529959 -0.50648888  0.34074007 -0.56104281  0.0354502  -0.53704557
  0.14134262]
Epoch: 775, [-0.06423638 -0.50652413  0.34130773 -0.56074348  0.03631313 -0.53680753
  0.14214404]
Epoch: 776, [-0.06317811 -0.5065582   0.34187087 -0.56044401  0.03717175 -0.53656926
  0.14294089]
Epoch: 777, [-0.06212476 -0.50659112  0.3424295  -0.56014441  0.03802607 -0.53633077
  0.14373318]
Epoch: 778, [-0.06107635 -0.5066229   0.34298365 -0.55984472  0.0388761  -0.5360921
  0.14452094]
Epoch: 779, [-0.06003285 -0.50665355  0.34353336 -0.55954494  0.03972184 -0.53585324
  0.14530418]
Epoch: 780, [-0.05899426 -0.5066831   0.34407865 -0.5592451   0.04056332 -0.53561423
  0.14608292]
Epoch: 781, [-0.05796057 -0.50671156  0.34461955 -0.55894522  0.04140053 -0.53537508
  0.14685718]
Epoch: 782, [-0.05693178 -0.50673894  0.3451561  -0.55864532  0.0422335  -0.53513582
  0.14762697]
Epoch: 783, [-0.05590788 -0.50676526  0.34568832 -0.55834541  0.04306222 -0.53489645
  0.14839231]
Epoch: 784, [-0.05488885 -0.50679054  0.34621624 -0.55804553  0.04388672 -0.53465699
  0.14915321]
Epoch: 785, [-0.0538747  -0.50681479  0.34673988 -0.55774568  0.04470701 -0.53441747
  0.14990971]
Epoch: 786, [-0.05286541 -0.50683803  0.34725929 -0.55744588  0.04552309 -0.5341779
  0.1506618 ]
Epoch: 787, [-0.05186098 -0.50686028  0.34777448 -0.55714616  0.04633498 -0.5339383
  0.15140952]
Epoch: 788, [-0.05086139 -0.50688153  0.34828548 -0.55684653  0.04714269 -0.53369868
  0.15215288]
Epoch: 789, [-0.04986663 -0.50690183  0.34879233 -0.55654701  0.04794623 -0.53345906
  0.1528919 ]
Epoch: 790, [-0.04887671 -0.50692116  0.34929505 -0.55624762  0.04874562 -0.53321946
  0.15362659]
Epoch: 791, [-0.04789159 -0.50693956  0.34979368 -0.55594837  0.04954086 -0.5329799
  0.15435698]
Epoch: 792, [-0.04691129 -0.50695704  0.35028823 -0.55564929  0.05033198 -0.53274038
  0.15508308]
Epoch: 793, [-0.04593577 -0.50697361  0.35077874 -0.55535038  0.05111897 -0.53250093
  0.15580492]
Epoch: 794, [-0.04496505 -0.50698928  0.35126524 -0.55505167  0.05190186 -0.53226155
  0.1565225 ]
Epoch: 795, [-0.04399909 -0.50700407  0.35174775 -0.55475316  0.05268066 -0.53202228
  0.15723585]
Epoch: 796, [-0.0430379  -0.50701799  0.35222631 -0.55445489  0.05345537 -0.53178311
  0.15794499]
Epoch: 797, [-0.04208147 -0.50703106  0.35270094 -0.55415686  0.05422603 -0.53154407
  0.15864993]
Epoch: 798, [-0.04112977 -0.50704329  0.35317166 -0.55385909  0.05499262 -0.53130516
  0.15935069]
Epoch: 799, [-0.0401828  -0.5070547   0.35363851 -0.55356159  0.05575518 -0.53106641
  0.1600473 ]
Epoch: 800, [-0.03924055 -0.50706529  0.35410151 -0.55326439  0.05651372 -0.53082783
  0.16073978]
Epoch: 801, [-0.038303   -0.50707508  0.3545607  -0.55296748  0.05726824 -0.53058942
  0.16142813]
Epoch: 802, [-0.03737015 -0.50708408  0.35501609 -0.5526709   0.05801876 -0.53035121
  0.16211238]
Epoch: 803, [-0.03644197 -0.50709231  0.35546772 -0.55237465  0.0587653  -0.53011321
  0.16279255]
Epoch: 804, [-0.03551847 -0.50709978  0.35591562 -0.55207875  0.05950787 -0.52987543
  0.16346866]
Epoch: 805, [-0.03459962 -0.5071065   0.3563598  -0.55178321  0.06024648 -0.52963789
  0.16414072]
Epoch: 806, [-0.03368541 -0.50711249  0.35680031 -0.55148804  0.06098114 -0.52940059
  0.16480876]
Epoch: 807, [-0.03277584 -0.50711775  0.35723715 -0.55119326  0.06171188 -0.52916355
  0.16547279]
Epoch: 808, [-0.03187088 -0.5071223   0.35767037 -0.55089889  0.06243871 -0.52892678
  0.16613284]
Epoch: 809, [-0.03097052 -0.50712615  0.35809999 -0.55060493  0.06316163 -0.52869029
  0.16678892]
Epoch: 810, [-0.03007475 -0.50712931  0.35852603 -0.55031139  0.06388067 -0.5284541
  0.16744105]
Epoch: 811, [-0.02918356 -0.5071318   0.35894853 -0.5500183   0.06459584 -0.52821822
  0.16808925]
Epoch: 812, [-0.02829694 -0.50713363  0.3593675  -0.54972566  0.06530715 -0.52798265
  0.16873354]
Epoch: 813, [-0.02741486 -0.50713481  0.35978297 -0.54943349  0.06601462 -0.52774742
  0.16937394]
Epoch: 814, [-0.02653731 -0.50713534  0.36019498 -0.54914179  0.06671827 -0.52751252
  0.17001047]
Epoch: 815, [-0.02566429 -0.50713524  0.36060354 -0.54885058  0.0674181  -0.52727798
  0.17064314]
Epoch: 816, [-0.02479577 -0.50713453  0.36100868 -0.54855987  0.06811413 -0.5270438
  0.17127198]
Epoch: 817, [-0.02393174 -0.50713321  0.36141043 -0.54826967  0.06880638 -0.52680999
  0.17189701]
Epoch: 818, [-0.02307219 -0.5071313   0.36180882 -0.54797999  0.06949487 -0.52657656
  0.17251824]
Epoch: 819, [-0.02221711 -0.5071288   0.36220386 -0.54769084  0.0701796  -0.52634353
  0.17313569]
Epoch: 820, [-0.02136647 -0.50712572  0.36259559 -0.54740224  0.07086059 -0.5261109
  0.17374939]
Epoch: 821, [-0.02052027 -0.50712209  0.36298402 -0.5471142   0.07153786 -0.52587868
  0.17435935]
Epoch: 822, [-0.01967848 -0.5071179   0.36336919 -0.54682671  0.07221143 -0.52564688
  0.17496559]
Epoch: 823, [-0.0188411  -0.50711316  0.36375112 -0.54653981  0.0728813  -0.52541552
  0.17556813]
Epoch: 824, [-0.0180081  -0.5071079   0.36412984 -0.54625348  0.0735475  -0.5251846
  0.17616699]
Epoch: 825, [-0.01717948 -0.50710211  0.36450536 -0.54596775  0.07421003 -0.52495412
  0.17676219]
Epoch: 826, [-0.01635522 -0.50709581  0.36487772 -0.54568262  0.07486892 -0.52472411
  0.17735374]
Epoch: 827, [-0.0155353  -0.507089    0.36524693 -0.54539811  0.07552418 -0.52449456
  0.17794167]
Epoch: 828, [-0.0147197  -0.50708171  0.36561303 -0.54511421  0.07617582 -0.52426549
  0.178526  ]
Epoch: 829, [-0.01390842 -0.50707393  0.36597603 -0.54483095  0.07682387 -0.5240369
  0.17910674]
Epoch: 830, [-0.01310143 -0.50706567  0.36633596 -0.54454833  0.07746833 -0.52380881
  0.17968391]
Epoch: 831, [-0.01229872 -0.50705695  0.36669285 -0.54426635  0.07810921 -0.52358121
  0.18025754]
Epoch: 832, [-0.01150028 -0.50704778  0.36704671 -0.54398503  0.07874655 -0.52335412
  0.18082763]
Epoch: 833, [-0.01070608 -0.50703816  0.36739758 -0.54370438  0.07938035 -0.52312755
  0.18139422]
Epoch: 834, [-0.00991611 -0.5070281   0.36774547 -0.54342439  0.08001062 -0.5229015
  0.18195732]
Epoch: 835, [-0.00913037 -0.50701762  0.36809041 -0.54314509  0.08063739 -0.52267598
  0.18251694]
Epoch: 836, [-0.00834882 -0.50700671  0.36843242 -0.54286647  0.08126067 -0.522451
  0.18307311]
Epoch: 837, [-0.00757146 -0.50699539  0.36877153 -0.54258855  0.08188047 -0.52222657
  0.18362584]
Epoch: 838, [-0.00679826 -0.50698367  0.36910776 -0.54231134  0.08249681 -0.52200268
  0.18417516]
Epoch: 839, [-0.00602922 -0.50697156  0.36944112 -0.54203483  0.0831097  -0.52177936
  0.18472108]
Epoch: 840, [-0.00526431 -0.50695906  0.36977165 -0.54175903  0.08371917 -0.52155659
  0.18526362]
Epoch: 841, [-0.00450352 -0.50694619  0.37009936 -0.54148397  0.08432522 -0.5213344
  0.1858028 ]
Epoch: 842, [-0.00374683 -0.50693294  0.37042428 -0.54120963  0.08492788 -0.52111279
  0.18633864]
Epoch: 843, [-0.00299423 -0.50691934  0.37074643 -0.54093603  0.08552715 -0.52089176
  0.18687116]
Epoch: 844, [-0.0022457  -0.50690538  0.37106584 -0.54066317  0.08612306 -0.52067132
  0.18740037]
Epoch: 845, [-0.00150123 -0.50689108  0.37138252 -0.54039106  0.08671561 -0.52045148
  0.18792629]
Epoch: 846, [-0.00076079 -0.50687643  0.37169649 -0.5401197   0.08730483 -0.52023223
  0.18844894]
Epoch: 847, [-2.43701771e-05 -5.06861461e-01  3.72007782e-01 -5.39849106e-01
  8.78907308e-02 -5.20013595e-01  1.88968347e-01]
Epoch: 848, [ 0.00070804 -0.50684617  0.37231641 -0.53957928  0.08847333 -0.51979557
  0.18948452]
Epoch: 849, [ 0.00143647 -0.50683056  0.37262241 -0.53931022  0.08905263 -0.51957816
  0.18999748]
Epoch: 850, [ 0.00216093 -0.50681464  0.37292578 -0.53904194  0.08962866 -0.51936138
  0.19050724]
Epoch: 851, [ 0.00288143 -0.50679842  0.37322656 -0.53877445  0.09020144 -0.51914522
  0.19101383]
Epoch: 852, [ 0.003598   -0.5067819   0.37352476 -0.53850774  0.09077097 -0.51892969
  0.19151725]
Epoch: 853, [ 0.00431064 -0.5067651   0.37382041 -0.53824183  0.09133728 -0.5187148
  0.19201754]
Epoch: 854, [ 0.00501938 -0.50674802  0.37411352 -0.53797671  0.09190037 -0.51850056
  0.1925147 ]
Epoch: 855, [ 0.00572424 -0.50673067  0.37440412 -0.5377124   0.09246027 -0.51828696
  0.19300876]
Epoch: 856, [ 0.00642522 -0.50671305  0.37469222 -0.53744889  0.09301699 -0.51807401
  0.19349972]
Epoch: 857, [ 0.00712235 -0.50669517  0.37497786 -0.5371862   0.09357055 -0.51786171
  0.19398762]
Epoch: 858, [ 0.00781565 -0.50667704  0.37526104 -0.53692432  0.09412095 -0.51765008
  0.19447246]
Epoch: 859, [ 0.00850512 -0.50665866  0.37554178 -0.53666326  0.09466823 -0.5174391
  0.19495427]
Epoch: 860, [ 0.00919079 -0.50664004  0.37582012 -0.53640303  0.09521238 -0.5172288
  0.19543307]
Epoch: 861, [ 0.00987267 -0.50662119  0.37609606 -0.53614362  0.09575343 -0.51701916
  0.19590886]
Epoch: 862, [ 0.01055079 -0.50660211  0.37636963 -0.53588505  0.09629139 -0.5168102
  0.19638167]
Epoch: 863, [ 0.01122515 -0.5065828   0.37664084 -0.53562731  0.09682628 -0.51660192
  0.19685151]
Epoch: 864, [ 0.01189577 -0.50656328  0.37690972 -0.53537041  0.09735812 -0.51639432
  0.19731841]
Epoch: 865, [ 0.01256268 -0.50654355  0.37717628 -0.53511436  0.09788691 -0.5161874
  0.19778238]
Epoch: 866, [ 0.01322588 -0.50652362  0.37744055 -0.53485915  0.09841267 -0.51598117
  0.19824343]
Epoch: 867, [ 0.0138854  -0.50650348  0.37770254 -0.53460479  0.09893543 -0.51577563
  0.19870158]
Epoch: 868, [ 0.01454124 -0.50648316  0.37796227 -0.53435128  0.09945519 -0.51557079
  0.19915686]
Epoch: 869, [ 0.01519344 -0.50646264  0.37821976 -0.53409863  0.09997196 -0.51536664
  0.19960928]
Epoch: 870, [ 0.015842   -0.50644194  0.37847503 -0.53384683  0.10048577 -0.5151632
  0.20005885]
Epoch: 871, [ 0.01648694 -0.50642107  0.3787281  -0.5335959   0.10099663 -0.51496045
  0.20050559]
Epoch: 872, [ 0.01712828 -0.50640003  0.37897898 -0.53334583  0.10150456 -0.51475842
  0.20094952]
Epoch: 873, [ 0.01776604 -0.50637881  0.37922769 -0.53309663  0.10200956 -0.51455708
  0.20139065]
Epoch: 874, [ 0.01840022 -0.50635744  0.37947426 -0.53284829  0.10251166 -0.51435646
  0.201829  ]
Epoch: 875, [ 0.01903086 -0.50633591  0.3797187  -0.53260083  0.10301087 -0.51415656
  0.2022646 ]
Epoch: 876, [ 0.01965796 -0.50631423  0.37996102 -0.53235424  0.1035072  -0.51395736
  0.20269745]
Epoch: 877, [ 0.02028154 -0.50629241  0.38020125 -0.53210852  0.10400067 -0.51375889
  0.20312756]
Epoch: 878, [ 0.02090162 -0.50627044  0.3804394  -0.53186369  0.1044913  -0.51356113
  0.20355497]
Epoch: 879, [ 0.02151821 -0.50624834  0.38067549 -0.53161973  0.10497909 -0.51336409
  0.20397968]
Epoch: 880, [ 0.02213133 -0.5062261   0.38090953 -0.53137666  0.10546407 -0.51316778
  0.20440171]
Epoch: 881, [ 0.02274101 -0.50620374  0.38114155 -0.53113446  0.10594624 -0.51297219
  0.20482108]
Epoch: 882, [ 0.02334724 -0.50618125  0.38137156 -0.53089315  0.10642563 -0.51277733
  0.20523779]
Epoch: 883, [ 0.02395006 -0.50615865  0.38159958 -0.53065273  0.10690224 -0.51258319
  0.20565188]
Epoch: 884, [ 0.02454948 -0.50613593  0.38182562 -0.5304132   0.1073761  -0.51238979
  0.20606335]
Epoch: 885, [ 0.02514551 -0.5061131   0.38204971 -0.53017456  0.10784721 -0.51219711
  0.20647222]
Epoch: 886, [ 0.02573817 -0.50609017  0.38227185 -0.5299368   0.1083156  -0.51200517
  0.2068785 ]
Epoch: 887, [ 0.02632748 -0.50606714  0.38249206 -0.52969994  0.10878127 -0.51181396
  0.20728222]
Epoch: 888, [ 0.02691345 -0.50604401  0.38271037 -0.52946397  0.10924424 -0.51162349
  0.20768338]
Epoch: 889, [ 0.0274961  -0.50602078  0.38292678 -0.5292289   0.10970452 -0.51143375
  0.20808201]
Epoch: 890, [ 0.02807544 -0.50599747  0.38314131 -0.52899472  0.11016213 -0.51124475
  0.20847811]
Epoch: 891, [ 0.0286515  -0.50597407  0.38335398 -0.52876143  0.11061709 -0.51105649
  0.20887171]
Epoch: 892, [ 0.02922429 -0.50595059  0.38356481 -0.52852904  0.1110694  -0.51086896
  0.20926282]
Epoch: 893, [ 0.02979382 -0.50592703  0.3837738  -0.52829755  0.11151908 -0.51068218
  0.20965144]
Epoch: 894, [ 0.03036011 -0.5059034   0.38398098 -0.52806696  0.11196615 -0.51049613
  0.21003761]
Epoch: 895, [ 0.03092318 -0.5058797   0.38418636 -0.52783727  0.11241062 -0.51031083
  0.21042134]
Epoch: 896, [ 0.03148304 -0.50585593  0.38438996 -0.52760847  0.1128525  -0.51012627
  0.21080263]
Epoch: 897, [ 0.03203971 -0.5058321   0.38459178 -0.52738058  0.11329181 -0.50994245
  0.2111815 ]
Epoch: 898, [ 0.03259321 -0.50580821  0.38479185 -0.52715358  0.11372856 -0.50975938
  0.21155798]
Epoch: 899, [ 0.03314355 -0.50578426  0.38499018 -0.52692749  0.11416277 -0.50957705
  0.21193207]
Epoch: 900, [ 0.03369074 -0.50576026  0.38518679 -0.52670229  0.11459444 -0.50939546
  0.21230378]
Epoch: 901, [ 0.03423481 -0.50573621  0.38538169 -0.526478    0.1150236  -0.50921461
  0.21267314]
Epoch: 902, [ 0.03477577 -0.50571212  0.38557489 -0.5262546   0.11545025 -0.50903451
  0.21304016]
Epoch: 903, [ 0.03531363 -0.50568798  0.38576641 -0.52603211  0.11587441 -0.50885516
  0.21340485]
Epoch: 904, [ 0.03584841 -0.5056638   0.38595626 -0.52581052  0.1162961  -0.50867655
  0.21376723]
Epoch: 905, [ 0.03638012 -0.50563959  0.38614446 -0.52558983  0.11671532 -0.50849868
  0.21412731]
Epoch: 906, [ 0.03690879 -0.50561534  0.38633102 -0.52537003  0.1171321  -0.50832156
  0.2144851 ]
Epoch: 907, [ 0.03743443 -0.50559106  0.38651596 -0.52515114  0.11754644 -0.50814519
  0.21484063]
Epoch: 908, [ 0.03795705 -0.50556675  0.38669929 -0.52493315  0.11795835 -0.50796955
  0.21519389]
Epoch: 909, [ 0.03847667 -0.50554242  0.38688102 -0.52471606  0.11836786 -0.50779467
  0.21554492]
Epoch: 910, [ 0.0389933  -0.50551806  0.38706116 -0.52449986  0.11877497 -0.50762052
  0.21589372]
Epoch: 911, [ 0.03950696 -0.50549369  0.38723974 -0.52428457  0.1191797  -0.50744712
  0.2162403 ]
Epoch: 912, [ 0.04001767 -0.5054693   0.38741676 -0.52407017  0.11958206 -0.50727447
  0.21658468]
Epoch: 913, [ 0.04052543 -0.50544489  0.38759224 -0.52385667  0.11998207 -0.50710256
  0.21692688]
Epoch: 914, [ 0.04103027 -0.50542048  0.38776619 -0.52364407  0.12037973 -0.50693139
  0.2172669 ]
Epoch: 915, [ 0.04153221 -0.50539605  0.38793862 -0.52343236  0.12077506 -0.50676096
  0.21760476]
Epoch: 916, [ 0.04203125 -0.50537162  0.38810955 -0.52322155  0.12116808 -0.50659127
  0.21794048]
Epoch: 917, [ 0.04252741 -0.50534718  0.38827899 -0.52301163  0.12155879 -0.50642233
  0.21827407]
Epoch: 918, [ 0.0430207  -0.50532274  0.38844695 -0.52280261  0.1219472  -0.50625413
  0.21860553]
Epoch: 919, [ 0.04351115 -0.50529831  0.38861344 -0.52259448  0.12233334 -0.50608666
  0.21893489]
Epoch: 920, [ 0.04399876 -0.50527387  0.38877848 -0.52238724  0.12271722 -0.50591994
  0.21926216]
Epoch: 921, [ 0.04448356 -0.50524945  0.38894209 -0.52218089  0.12309884 -0.50575395
  0.21958735]
Epoch: 922, [ 0.04496555 -0.50522503  0.38910426 -0.52197543  0.12347822 -0.50558871
  0.21991047]
Epoch: 923, [ 0.04544475 -0.50520062  0.38926502 -0.52177086  0.12385537 -0.5054242
  0.22023154]
Epoch: 924, [ 0.04592118 -0.50517622  0.38942438 -0.52156717  0.12423031 -0.50526042
  0.22055057]
Epoch: 925, [ 0.04639485 -0.50515183  0.38958234 -0.52136438  0.12460305 -0.50509738
  0.22086757]
Epoch: 926, [ 0.04686577 -0.50512746  0.38973893 -0.52116246  0.12497359 -0.50493508
  0.22118256]
Epoch: 927, [ 0.04733396 -0.50510312  0.38989414 -0.52096144  0.12534196 -0.5047735
  0.22149554]
Epoch: 928, [ 0.04779944 -0.50507879  0.39004801 -0.52076129  0.12570816 -0.50461267
  0.22180654]
Epoch: 929, [ 0.04826222 -0.50505448  0.39020053 -0.52056202  0.1260722  -0.50445256
  0.22211556]
Epoch: 930, [ 0.04872231 -0.5050302   0.39035171 -0.52036364  0.12643411 -0.50429318
  0.22242262]
Epoch: 931, [ 0.04917973 -0.50500594  0.39050158 -0.52016613  0.12679389 -0.50413453
  0.22272772]
Epoch: 932, [ 0.04963449 -0.50498171  0.39065014 -0.5199695   0.12715155 -0.50397661
  0.22303088]
Epoch: 933, [ 0.0500866  -0.50495751  0.3907974  -0.51977375  0.1275071  -0.50381941
  0.22333212]
Epoch: 934, [ 0.05053609 -0.50493334  0.39094337 -0.51957887  0.12786056 -0.50366294
  0.22363145]
Epoch: 935, [ 0.05098296 -0.50490921  0.39108807 -0.51938486  0.12821194 -0.5035072
  0.22392887]
Epoch: 936, [ 0.05142723 -0.50488511  0.3912315  -0.51919172  0.12856125 -0.50335217
  0.2242244 ]
Epoch: 937, [ 0.05186892 -0.50486104  0.39137368 -0.51899945  0.1289085  -0.50319787
  0.22451805]
Epoch: 938, [ 0.05230803 -0.50483702  0.39151461 -0.51880805  0.12925371 -0.50304429
  0.22480984]
Epoch: 939, [ 0.05274458 -0.50481303  0.39165432 -0.51861751  0.12959688 -0.50289143
  0.22509977]
Epoch: 940, [ 0.05317859 -0.50478909  0.3917928  -0.51842784  0.12993804 -0.50273928
  0.22538786]
Epoch: 941, [ 0.05361006 -0.50476519  0.39193007 -0.51823902  0.13027717 -0.50258785
  0.22567411]
Epoch: 942, [ 0.05403902 -0.50474133  0.39206614 -0.51805107  0.13061431 -0.50243714
  0.22595855]
Epoch: 943, [ 0.05446548 -0.50471752  0.39220102 -0.51786398  0.13094947 -0.50228713
  0.22624118]
Epoch: 944, [ 0.05488944 -0.50469375  0.39233472 -0.51767774  0.13128264 -0.50213784
  0.22652202]
Epoch: 945, [ 0.05531093 -0.50467003  0.39246725 -0.51749236  0.13161385 -0.50198926
  0.22680107]
Epoch: 946, [ 0.05572995 -0.50464637  0.39259863 -0.51730783  0.13194311 -0.50184138
  0.22707834]
Epoch: 947, [ 0.05614653 -0.50462275  0.39272885 -0.51712415  0.13227042 -0.50169422
  0.22735386]
Epoch: 948, [ 0.05656067 -0.50459919  0.39285794 -0.51694132  0.13259581 -0.50154775
  0.22762762]
Epoch: 949, [ 0.05697239 -0.50457568  0.39298589 -0.51675934  0.13291927 -0.50140199
  0.22789964]
Epoch: 950, [ 0.0573817  -0.50455223  0.39311273 -0.5165782   0.13324082 -0.50125693
  0.22816994]
Epoch: 951, [ 0.05778861 -0.50452883  0.39323845 -0.5163979   0.13356047 -0.50111257
  0.22843852]
Epoch: 952, [ 0.05819314 -0.50450549  0.39336308 -0.51621844  0.13387824 -0.50096891
  0.22870539]
Epoch: 953, [ 0.0585953  -0.5044822   0.39348661 -0.51603983  0.13419413 -0.50082595
  0.22897057]
Epoch: 954, [ 0.05899511 -0.50445898  0.39360907 -0.51586204  0.13450816 -0.50068368
  0.22923406]
Epoch: 955, [ 0.05939257 -0.50443582  0.39373045 -0.51568509  0.13482033 -0.5005421
  0.22949588]
Epoch: 956, [ 0.0597877  -0.50441272  0.39385077 -0.51550898  0.13513065 -0.50040121
  0.22975603]
Epoch: 957, [ 0.06018052 -0.50438968  0.39397004 -0.51533369  0.13543915 -0.50026101
  0.23001453]
Epoch: 958, [ 0.06057103 -0.50436671  0.39408826 -0.51515923  0.13574582 -0.5001215
  0.23027139]
Epoch: 959, [ 0.06095924 -0.5043438   0.39420545 -0.5149856   0.13605067 -0.49998267
  0.23052662]
Epoch: 960, [ 0.06134518 -0.50432095  0.39432161 -0.51481279  0.13635373 -0.49984453
  0.23078023]
Epoch: 961, [ 0.06172885 -0.50429818  0.39443675 -0.51464079  0.13665499 -0.49970706
  0.23103223]
Epoch: 962, [ 0.06211027 -0.50427547  0.39455089 -0.51446962  0.13695448 -0.49957028
  0.23128263]
Epoch: 963, [ 0.06248945 -0.50425283  0.39466403 -0.51429926  0.13725219 -0.49943417
  0.23153143]
Epoch: 964, [ 0.0628664  -0.50423025  0.39477617 -0.51412972  0.13754815 -0.49929874
  0.23177866]
Epoch: 965, [ 0.06324113 -0.50420775  0.39488734 -0.51396099  0.13784235 -0.49916399
  0.23202432]
Epoch: 966, [ 0.06361366 -0.50418532  0.39499753 -0.51379306  0.13813481 -0.4990299
  0.23226842]
Epoch: 967, [ 0.063984   -0.50416296  0.39510675 -0.51362595  0.13842555 -0.49889648
  0.23251097]
Epoch: 968, [ 0.06435216 -0.50414068  0.39521502 -0.51345963  0.13871456 -0.49876373
  0.23275198]
Epoch: 969, [ 0.06471815 -0.50411846  0.39532234 -0.51329412  0.13900187 -0.49863165
  0.23299147]
Epoch: 970, [ 0.06508199 -0.50409632  0.39542872 -0.51312941  0.13928747 -0.49850023
  0.23322943]
Epoch: 971, [ 0.06544368 -0.50407426  0.39553417 -0.51296549  0.13957139 -0.49836947
  0.23346588]
Epoch: 972, [ 0.06580325 -0.50405227  0.3956387  -0.51280237  0.13985363 -0.49823937
  0.23370083]
Epoch: 973, [ 0.06616069 -0.50403036  0.39574231 -0.51264004  0.14013419 -0.49810992
  0.23393429]
Epoch: 974, [ 0.06651603 -0.50400852  0.39584501 -0.5124785   0.1404131  -0.49798113
  0.23416627]
Epoch: 975, [ 0.06686928 -0.50398676  0.39594681 -0.51231775  0.14069036 -0.497853
  0.23439678]
Epoch: 976, [ 0.06722044 -0.50396508  0.39604772 -0.51215778  0.14096597 -0.49772551
  0.23462583]
Epoch: 977, [ 0.06756953 -0.50394348  0.39614775 -0.51199859  0.14123996 -0.49759867
  0.23485343]
Epoch: 978, [ 0.06791657 -0.50392196  0.3962469  -0.51184018  0.14151232 -0.49747248
  0.23507958]
Epoch: 979, [ 0.06826155 -0.50390051  0.39634518 -0.51168255  0.14178307 -0.49734694
  0.2353043 ]
Epoch: 980, [ 0.0686045  -0.50387915  0.3964426  -0.51152569  0.14205222 -0.49722203
  0.23552759]
Epoch: 981, [ 0.06894542 -0.50385787  0.39653916 -0.51136961  0.14231978 -0.49709776
  0.23574947]
Epoch: 982, [ 0.06928433 -0.50383667  0.39663488 -0.51121429  0.14258575 -0.49697413
  0.23596994]
Epoch: 983, [ 0.06962124 -0.50381555  0.39672976 -0.51105974  0.14285015 -0.49685114
  0.23618901]
Epoch: 984, [ 0.06995616 -0.50379451  0.39682381 -0.51090595  0.14311298 -0.49672878
  0.2364067 ]
Epoch: 985, [ 0.0702891  -0.50377355  0.39691704 -0.51075292  0.14337426 -0.49660705
  0.23662301]
Epoch: 986, [ 0.07062008 -0.50375268  0.39700944 -0.51060065  0.14363399 -0.49648595
  0.23683794]
Epoch: 987, [ 0.07094909 -0.50373189  0.39710104 -0.51044914  0.14389218 -0.49636548
  0.23705152]
Epoch: 988, [ 0.07127616 -0.50371119  0.39719183 -0.51029838  0.14414884 -0.49624563
  0.23726374]
Epoch: 989, [ 0.0716013  -0.50369056  0.39728183 -0.51014837  0.14440398 -0.4961264
  0.23747462]
Epoch: 990, [ 0.07192451 -0.50367003  0.39737104 -0.50999911  0.14465762 -0.49600779
  0.23768416]
Epoch: 991, [ 0.07224582 -0.50364958  0.39745947 -0.50985059  0.14490975 -0.49588979
  0.23789238]
Epoch: 992, [ 0.07256522 -0.50362921  0.39754712 -0.50970282  0.14516038 -0.49577242
  0.23809928]
Epoch: 993, [ 0.07288273 -0.50360893  0.39763401 -0.50955578  0.14540954 -0.49565565
  0.23830487]
Epoch: 994, [ 0.07319836 -0.50358873  0.39772013 -0.50940948  0.14565722 -0.4955395
  0.23850916]
Epoch: 995, [ 0.07351212 -0.50356862  0.39780549 -0.50926392  0.14590343 -0.49542395
  0.23871215]
Epoch: 996, [ 0.07382402 -0.5035486   0.39789011 -0.50911909  0.14614818 -0.49530901
  0.23891386]
Epoch: 997, [ 0.07413408 -0.50352867  0.39797399 -0.50897499  0.14639148 -0.49519468
  0.2391143 ]
Epoch: 998, [ 0.0744423  -0.50350882  0.39805713 -0.50883161  0.14663335 -0.49508094
  0.23931346]
Epoch: 999, [ 0.07474869 -0.50348905  0.39813954 -0.50868896  0.14687378 -0.4949678
  0.23951137]
