Epoch: 0
[[7,4,3],
 [8,0,3],
 [2,0,1]]
Epoch: 1
[[23, 2, 1],
 [ 1, 0, 0],
 [ 1, 0, 0]]
Epoch: 2
[[28, 0, 0],
 [ 0, 0, 0],
 [ 0, 0, 0]]
Epoch: 3
[[28, 0, 0],
 [ 0, 0, 0],
 [ 0, 0, 0]]
Epoch: 4
[[28, 0, 0],
 [ 0, 0, 0],
 [ 0, 0, 0]]
Epoch: 5
[[28, 0, 0],
 [ 0, 0, 0],
 [ 0, 0, 0]]
Epoch: 6
[[28, 0, 0],
 [ 0, 0, 0],
 [ 0, 0, 0]]
Epoch: 7
[[28, 0, 0],
 [ 0, 0, 0],
 [ 0, 0, 0]]
Epoch: 8
[[28, 0, 0],
 [ 0, 0, 0],
 [ 0, 0, 0]]
Epoch: 9
[[28, 0, 0],
 [ 0, 0, 0],
 [ 0, 0, 0]]
Epoch: 10
[[28, 0, 0],
 [ 0, 0, 0],
 [ 0, 0, 0]]
Epoch: 11
[[28, 0, 0],
 [ 0, 0, 0],
 [ 0, 0, 0]]
Epoch: 12
[[28, 0, 0],
 [ 0, 0, 0],
 [ 0, 0, 0]]
Epoch: 13
[[28, 0, 0],
 [ 0, 0, 0],
 [ 0, 0, 0]]
Epoch: 14
[[28, 0, 0],
 [ 0, 0, 0],
 [ 0, 0, 0]]
Epoch: 15
[[28, 0, 0],
 [ 0, 0, 0],
 [ 0, 0, 0]]
Epoch: 16
[[28, 0, 0],
 [ 0, 0, 0],
 [ 0, 0, 0]]
Epoch: 17
[[28, 0, 0],
 [ 0, 0, 0],
 [ 0, 0, 0]]
Epoch: 18
[[28, 0, 0],
 [ 0, 0, 0],
 [ 0, 0, 0]]
Epoch: 19
[[28, 0, 0],
 [ 0, 0, 0],
 [ 0, 0, 0]]
Epoch: 20
[[28, 0, 0],
 [ 0, 0, 0],
 [ 0, 0, 0]]
Epoch: 21
[[28, 0, 0],
 [ 0, 0, 0],
 [ 0, 0, 0]]
Epoch: 22
[[28, 0, 0],
 [ 0, 0, 0],
 [ 0, 0, 0]]
Epoch: 23
[[28, 0, 0],
 [ 0, 0, 0],
 [ 0, 0, 0]]
Epoch: 24
[[28, 0, 0],
 [ 0, 0, 0],
 [ 0, 0, 0]]
Epoch: 25
[[28, 0, 0],
 [ 0, 0, 0],
 [ 0, 0, 0]]
Epoch: 26
[[28, 0, 0],
 [ 0, 0, 0],
 [ 0, 0, 0]]
Epoch: 27
[[26, 1, 0],
 [ 0, 0, 1],
 [ 0, 0, 0]]
Epoch: 28
[[6,4,0],
 [0,1,8],
 [5,0,4]]
Epoch: 29
[[4,4,0],
 [0,1,9],
 [7,0,3]]
Epoch: 30
[[4,5,0],
 [0,1,8],
 [7,0,3]]
Epoch: 31
[[4,5,0],
 [0,1,8],
 [7,0,3]]
Epoch: 32
[[4,5,0],
 [0,1,8],
 [7,0,3]]
Epoch: 33
[[4,5,0],
 [0,1,8],
 [7,0,3]]
Epoch: 34
[[4,5,0],
 [0,1,8],
 [7,0,3]]
Epoch: 35
[[4,5,0],
 [0,1,8],
 [7,0,3]]
Epoch: 36
[[4,4,0],
 [0,1,9],
 [7,0,3]]
Epoch: 37
[[4,4,0],
 [0,1,9],
 [7,0,3]]
Epoch: 38
[[4,4,0],
 [0,1,9],
 [7,0,3]]
Epoch: 39
[[4,4,0],
 [0,1,9],
 [7,0,3]]
Epoch: 40
[[4,4,0],
 [0,1,9],
 [7,0,3]]
Epoch: 41
[[4,4,1],
 [1,0,8],
 [7,0,3]]
Epoch: 42
[[4,3,4],
 [0,0,5],
 [6,2,4]]
Epoch: 43
[[3,3,4],
 [1,1,4],
 [6,2,4]]
Epoch: 44
[[3,3,4],
 [1,1,3],
 [6,2,5]]
Epoch: 45
[[3,3,4],
 [1,1,3],
 [6,2,5]]
Epoch: 46
[[2,4,3],
 [2,1,3],
 [6,2,5]]
Epoch: 47
[[2,4,3],
 [2,1,3],
 [6,3,4]]
Epoch: 48
[[2,4,3],
 [2,1,3],
 [6,3,4]]
Epoch: 49
[[3,3,3],
 [2,1,3],
 [6,3,4]]
Epoch: 50
[[3,3,3],
 [2,1,3],
 [6,3,4]]
Epoch: 51
[[3,3,3],
 [2,1,3],
 [6,3,4]]
Epoch: 52
[[3,3,3],
 [2,1,3],
 [6,3,4]]
Epoch: 53
[[3,3,3],
 [2,1,3],
 [6,3,4]]
Epoch: 54
[[3,3,3],
 [2,2,3],
 [6,2,4]]
Epoch: 55
[[3,3,3],
 [2,2,3],
 [6,2,4]]
Epoch: 56
[[3,3,3],
 [2,2,3],
 [6,2,4]]
Epoch: 57
[[3,3,3],
 [2,2,3],
 [6,2,4]]
Epoch: 58
[[3,3,3],
 [2,2,3],
 [6,2,4]]
Epoch: 59
[[3,3,3],
 [2,2,3],
 [6,2,4]]
Epoch: 60
[[3,3,3],
 [2,2,3],
 [6,2,4]]
Epoch: 61
[[3,3,3],
 [2,2,3],
 [6,2,4]]
Epoch: 62
[[3,3,3],
 [2,2,3],
 [6,2,4]]
Epoch: 63
[[3,3,3],
 [2,2,3],
 [6,2,4]]
Epoch: 64
[[3,3,3],
 [2,2,3],
 [6,2,4]]
Epoch: 65
[[3,3,3],
 [2,2,3],
 [6,2,4]]
Epoch: 66
[[3,3,3],
 [2,2,3],
 [6,2,4]]
Epoch: 67
[[3,3,3],
 [2,2,3],
 [6,2,4]]
Epoch: 68
[[3,3,3],
 [2,2,3],
 [6,2,4]]
Epoch: 69
[[3,3,3],
 [2,2,3],
 [6,2,4]]
Epoch: 70
[[3,3,3],
 [2,2,3],
 [6,2,4]]
Epoch: 71
[[3,3,3],
 [2,2,3],
 [6,2,4]]
Epoch: 72
[[3,3,3],
 [2,2,3],
 [6,2,4]]
Epoch: 73
[[3,3,3],
 [2,2,3],
 [6,2,4]]
Epoch: 74
[[3,3,3],
 [2,2,3],
 [6,2,4]]
Epoch: 75
[[3,3,3],
 [2,2,3],
 [6,2,4]]
Epoch: 76
[[3,3,3],
 [2,2,3],
 [6,2,4]]
Epoch: 77
[[3,3,3],
 [2,2,3],
 [6,2,4]]
Epoch: 78
[[3,3,3],
 [2,2,3],
 [6,2,4]]
Epoch: 79
[[3,3,3],
 [2,2,3],
 [6,2,4]]
Epoch: 80
[[3,3,3],
 [2,2,3],
 [6,2,4]]
Epoch: 81
[[3,3,3],
 [2,2,3],
 [6,2,4]]
Epoch: 82
[[3,3,3],
 [2,2,3],
 [6,2,4]]
Epoch: 83
[[3,3,3],
 [2,2,3],
 [6,2,4]]
Epoch: 84
[[3,3,3],
 [2,2,3],
 [6,2,4]]
Epoch: 85
[[3,3,3],
 [2,2,3],
 [6,2,4]]
Epoch: 86
[[3,3,3],
 [2,2,3],
 [6,2,4]]
Epoch: 87
[[3,3,3],
 [2,2,3],
 [6,2,4]]
Epoch: 88
[[3,3,3],
 [2,2,3],
 [6,2,4]]
Epoch: 89
[[3,3,3],
 [2,2,2],
 [6,2,5]]
Epoch: 90
[[3,3,3],
 [2,3,2],
 [6,1,5]]
Epoch: 91
[[3,3,3],
 [2,3,2],
 [6,1,5]]
Epoch: 92
[[3,3,3],
 [2,3,2],
 [6,1,5]]
Epoch: 93
[[3,3,3],
 [3,3,2],
 [5,1,5]]
Epoch: 94
[[3,3,3],
 [3,3,2],
 [5,1,5]]
Epoch: 95
[[3,3,3],
 [3,3,2],
 [5,1,5]]
Epoch: 96
[[3,3,3],
 [3,3,2],
 [5,1,5]]
Epoch: 97
[[3,3,3],
 [3,3,2],
 [5,1,5]]
Epoch: 98
[[3,3,3],
 [3,3,2],
 [5,1,5]]
Epoch: 99
[[3,3,3],
 [3,3,2],
 [5,1,5]]
