Epoch: 0
[[[0.92,-0.09,1.14,-0.13,0.80,0.38,-0.47],
  [0.92,-0.09,1.14,-0.13,0.80,0.38,-0.47],
  [0.92,-0.09,1.14,-0.13,0.80,0.38,-0.47]],

 [[0.92,-0.09,1.14,-0.13,0.80,0.38,-0.47],
  [0.92,-0.09,1.14,-0.13,0.80,0.38,-0.47],
  [0.92,-0.09,1.14,-0.13,0.80,0.38,-0.47]],

 [[0.92,-0.09,1.14,-0.13,0.80,0.38,-0.47],
  [0.92,-0.09,1.14,-0.13,0.80,0.38,-0.47],
  [0.92,-0.09,1.14,-0.13,0.80,0.38,-0.47]]]
Epoch: 1
[[[0.94,-0.11,1.11,-0.16,0.73,0.35,-0.47],
  [0.94,-0.11,1.11,-0.16,0.73,0.35,-0.47],
  [0.94,-0.11,1.11,-0.16,0.73,0.35,-0.47]],

 [[0.94,-0.11,1.11,-0.16,0.73,0.35,-0.47],
  [0.94,-0.11,1.11,-0.16,0.73,0.35,-0.47],
  [0.94,-0.11,1.11,-0.16,0.73,0.35,-0.47]],

 [[0.94,-0.11,1.11,-0.16,0.73,0.35,-0.47],
  [0.94,-0.11,1.11,-0.16,0.73,0.35,-0.47],
  [0.94,-0.11,1.11,-0.16,0.73,0.35,-0.47]]]
Epoch: 2
[[[0.95,-0.12,1.08,-0.19,0.67,0.33,-0.47],
  [0.95,-0.12,1.08,-0.19,0.67,0.33,-0.47],
  [0.95,-0.12,1.08,-0.19,0.67,0.33,-0.47]],

 [[0.95,-0.12,1.08,-0.19,0.67,0.33,-0.47],
  [0.95,-0.12,1.08,-0.19,0.67,0.33,-0.47],
  [0.95,-0.12,1.08,-0.19,0.67,0.33,-0.47]],

 [[0.95,-0.12,1.08,-0.19,0.67,0.33,-0.47],
  [0.95,-0.12,1.08,-0.19,0.67,0.33,-0.47],
  [0.95,-0.12,1.08,-0.19,0.67,0.33,-0.47]]]
Epoch: 3
[[[0.96,-0.13,1.04,-0.20,0.62,0.32,-0.46],
  [0.96,-0.13,1.04,-0.20,0.62,0.32,-0.46],
  [0.96,-0.13,1.04,-0.20,0.62,0.32,-0.46]],

 [[0.96,-0.13,1.04,-0.20,0.62,0.32,-0.46],
  [0.96,-0.13,1.04,-0.20,0.62,0.32,-0.46],
  [0.96,-0.13,1.04,-0.20,0.62,0.32,-0.46]],

 [[0.96,-0.13,1.04,-0.20,0.62,0.32,-0.46],
  [0.96,-0.13,1.04,-0.20,0.62,0.32,-0.46],
  [0.96,-0.13,1.04,-0.20,0.62,0.32,-0.46]]]
Epoch: 4
[[[0.97,-0.13,1.00,-0.21,0.56,0.31,-0.46],
  [0.97,-0.13,1.00,-0.21,0.56,0.31,-0.46],
  [0.97,-0.13,1.00,-0.21,0.56,0.31,-0.46]],

 [[0.97,-0.13,1.00,-0.21,0.56,0.31,-0.46],
  [0.97,-0.13,1.00,-0.21,0.56,0.31,-0.46],
  [0.97,-0.13,1.00,-0.21,0.56,0.31,-0.46]],

 [[0.97,-0.13,1.00,-0.21,0.56,0.31,-0.46],
  [0.97,-0.13,1.00,-0.21,0.56,0.31,-0.46],
  [0.97,-0.13,1.00,-0.21,0.56,0.31,-0.46]]]
Epoch: 5
[[[0.97,-0.13,0.95,-0.22,0.51,0.30,-0.44],
  [0.97,-0.13,0.95,-0.22,0.51,0.30,-0.44],
  [0.97,-0.13,0.95,-0.22,0.51,0.30,-0.44]],

 [[0.97,-0.13,0.95,-0.22,0.51,0.30,-0.44],
  [0.97,-0.13,0.95,-0.22,0.51,0.30,-0.44],
  [0.97,-0.13,0.95,-0.22,0.51,0.30,-0.44]],

 [[0.97,-0.13,0.95,-0.22,0.51,0.30,-0.44],
  [0.97,-0.13,0.95,-0.22,0.51,0.30,-0.44],
  [0.97,-0.13,0.95,-0.22,0.51,0.30,-0.44]]]
Epoch: 6
[[[0.97,-0.13,0.91,-0.22,0.47,0.29,-0.43],
  [0.97,-0.13,0.91,-0.22,0.47,0.29,-0.43],
  [0.97,-0.13,0.91,-0.22,0.47,0.29,-0.43]],

 [[0.97,-0.13,0.91,-0.22,0.47,0.29,-0.43],
  [0.97,-0.13,0.91,-0.22,0.47,0.29,-0.43],
  [0.97,-0.13,0.91,-0.22,0.47,0.29,-0.43]],

 [[0.97,-0.13,0.91,-0.22,0.47,0.29,-0.43],
  [0.97,-0.13,0.91,-0.22,0.47,0.29,-0.43],
  [0.97,-0.13,0.91,-0.22,0.47,0.29,-0.43]]]
Epoch: 7
[[[0.96,-0.13,0.86,-0.21,0.42,0.28,-0.41],
  [0.96,-0.13,0.86,-0.21,0.42,0.28,-0.41],
  [0.96,-0.13,0.86,-0.21,0.42,0.28,-0.41]],

 [[0.96,-0.13,0.86,-0.21,0.42,0.28,-0.41],
  [0.96,-0.13,0.86,-0.21,0.42,0.28,-0.41],
  [0.96,-0.13,0.86,-0.21,0.42,0.28,-0.41]],

 [[0.96,-0.13,0.86,-0.21,0.42,0.28,-0.41],
  [0.96,-0.13,0.86,-0.21,0.42,0.28,-0.41],
  [0.96,-0.13,0.86,-0.21,0.42,0.28,-0.41]]]
Epoch: 8
[[[0.96,-0.13,0.81,-0.21,0.38,0.28,-0.39],
  [0.96,-0.13,0.81,-0.21,0.38,0.28,-0.39],
  [0.96,-0.13,0.81,-0.21,0.38,0.28,-0.39]],

 [[0.96,-0.13,0.81,-0.21,0.38,0.28,-0.39],
  [0.96,-0.13,0.81,-0.21,0.38,0.28,-0.39],
  [0.96,-0.13,0.81,-0.21,0.38,0.28,-0.39]],

 [[0.96,-0.13,0.81,-0.21,0.38,0.28,-0.39],
  [0.96,-0.13,0.81,-0.21,0.38,0.28,-0.39],
  [0.96,-0.13,0.81,-0.21,0.38,0.28,-0.39]]]
Epoch: 9
[[[0.95,-0.13,0.77,-0.20,0.35,0.27,-0.37],
  [0.95,-0.13,0.77,-0.20,0.35,0.27,-0.37],
  [0.95,-0.13,0.77,-0.20,0.35,0.27,-0.37]],

 [[0.95,-0.13,0.77,-0.20,0.35,0.27,-0.37],
  [0.95,-0.13,0.77,-0.20,0.35,0.27,-0.37],
  [0.95,-0.13,0.77,-0.20,0.35,0.27,-0.37]],

 [[0.95,-0.13,0.77,-0.20,0.35,0.27,-0.37],
  [0.95,-0.13,0.77,-0.20,0.35,0.27,-0.37],
  [0.95,-0.13,0.77,-0.20,0.35,0.27,-0.37]]]
Epoch: 10
[[[0.93,-0.12,0.72,-0.19,0.31,0.27,-0.35],
  [0.93,-0.12,0.72,-0.19,0.31,0.27,-0.35],
  [0.93,-0.12,0.72,-0.19,0.31,0.27,-0.35]],

 [[0.93,-0.12,0.72,-0.19,0.31,0.27,-0.35],
  [0.93,-0.12,0.72,-0.19,0.31,0.27,-0.35],
  [0.93,-0.12,0.72,-0.19,0.31,0.27,-0.35]],

 [[0.93,-0.12,0.72,-0.19,0.31,0.27,-0.35],
  [0.93,-0.12,0.72,-0.19,0.31,0.27,-0.35],
  [0.93,-0.12,0.72,-0.19,0.31,0.27,-0.35]]]
Epoch: 11
[[[0.92,-0.12,0.68,-0.18,0.28,0.26,-0.33],
  [0.92,-0.12,0.68,-0.18,0.28,0.26,-0.33],
  [0.92,-0.12,0.68,-0.18,0.28,0.26,-0.33]],

 [[0.92,-0.12,0.68,-0.18,0.28,0.26,-0.33],
  [0.92,-0.12,0.68,-0.18,0.28,0.26,-0.33],
  [0.92,-0.12,0.68,-0.18,0.28,0.26,-0.33]],

 [[0.92,-0.12,0.68,-0.18,0.28,0.26,-0.33],
  [0.92,-0.12,0.68,-0.18,0.28,0.26,-0.33],
  [0.92,-0.12,0.68,-0.18,0.28,0.26,-0.33]]]
Epoch: 12
[[[0.90,-0.11,0.63,-0.17,0.26,0.26,-0.31],
  [0.90,-0.11,0.63,-0.17,0.26,0.26,-0.31],
  [0.90,-0.11,0.63,-0.17,0.26,0.26,-0.31]],

 [[0.90,-0.11,0.63,-0.17,0.26,0.26,-0.31],
  [0.90,-0.11,0.63,-0.17,0.26,0.26,-0.31],
  [0.90,-0.11,0.63,-0.17,0.26,0.26,-0.31]],

 [[0.90,-0.11,0.63,-0.17,0.26,0.26,-0.31],
  [0.90,-0.11,0.63,-0.17,0.26,0.26,-0.31],
  [0.90,-0.11,0.63,-0.17,0.26,0.26,-0.31]]]
Epoch: 13
[[[0.88,-0.11,0.59,-0.16,0.23,0.26,-0.29],
  [0.88,-0.11,0.59,-0.16,0.23,0.26,-0.29],
  [0.88,-0.11,0.59,-0.16,0.23,0.26,-0.29]],

 [[0.88,-0.11,0.59,-0.16,0.23,0.26,-0.29],
  [0.88,-0.11,0.59,-0.16,0.23,0.26,-0.29],
  [0.88,-0.11,0.59,-0.16,0.23,0.26,-0.29]],

 [[0.88,-0.11,0.59,-0.16,0.23,0.26,-0.29],
  [0.88,-0.11,0.59,-0.16,0.23,0.26,-0.29],
  [0.88,-0.11,0.59,-0.16,0.23,0.26,-0.29]]]
Epoch: 14
[[[0.86,-0.10,0.55,-0.14,0.21,0.26,-0.27],
  [0.86,-0.10,0.55,-0.14,0.21,0.26,-0.27],
  [0.86,-0.10,0.55,-0.14,0.21,0.26,-0.27]],

 [[0.86,-0.10,0.55,-0.14,0.21,0.26,-0.27],
  [0.86,-0.10,0.55,-0.14,0.21,0.26,-0.27],
  [0.86,-0.10,0.55,-0.14,0.21,0.26,-0.27]],

 [[0.86,-0.10,0.55,-0.14,0.21,0.26,-0.27],
  [0.86,-0.10,0.55,-0.14,0.21,0.26,-0.27],
  [0.86,-0.10,0.55,-0.14,0.21,0.26,-0.27]]]
Epoch: 15
[[[0.84,-0.10,0.51,-0.13,0.18,0.26,-0.25],
  [0.84,-0.10,0.51,-0.13,0.18,0.26,-0.25],
  [0.84,-0.10,0.51,-0.13,0.18,0.26,-0.25]],

 [[0.84,-0.10,0.51,-0.13,0.18,0.26,-0.25],
  [0.84,-0.10,0.51,-0.13,0.18,0.26,-0.25],
  [0.84,-0.10,0.51,-0.13,0.18,0.26,-0.25]],

 [[0.84,-0.10,0.51,-0.13,0.18,0.26,-0.25],
  [0.84,-0.10,0.51,-0.13,0.18,0.26,-0.25],
  [0.84,-0.10,0.51,-0.13,0.18,0.26,-0.25]]]
Epoch: 16
[[[0.81,-0.09,0.48,-0.12,0.16,0.25,-0.23],
  [0.81,-0.09,0.48,-0.12,0.16,0.25,-0.23],
  [0.81,-0.09,0.48,-0.12,0.16,0.25,-0.23]],

 [[0.81,-0.09,0.48,-0.12,0.16,0.25,-0.23],
  [0.81,-0.09,0.48,-0.12,0.16,0.25,-0.23],
  [0.81,-0.09,0.48,-0.12,0.16,0.25,-0.23]],

 [[0.81,-0.09,0.48,-0.12,0.16,0.25,-0.23],
  [0.81,-0.09,0.48,-0.12,0.16,0.25,-0.23],
  [0.81,-0.09,0.48,-0.12,0.16,0.25,-0.23]]]
Epoch: 17
[[[0.79,-0.08,0.44,-0.11,0.14,0.25,-0.21],
  [0.79,-0.08,0.44,-0.11,0.14,0.25,-0.21],
  [0.79,-0.08,0.44,-0.11,0.14,0.25,-0.21]],

 [[0.79,-0.08,0.44,-0.11,0.14,0.25,-0.21],
  [0.79,-0.08,0.44,-0.11,0.14,0.25,-0.21],
  [0.79,-0.08,0.44,-0.11,0.14,0.25,-0.21]],

 [[0.79,-0.08,0.44,-0.11,0.14,0.25,-0.21],
  [0.79,-0.08,0.44,-0.11,0.14,0.25,-0.21],
  [0.79,-0.08,0.44,-0.11,0.14,0.25,-0.21]]]
Epoch: 18
[[[0.76,-0.08,0.41,-0.10,0.13,0.25,-0.19],
  [0.76,-0.08,0.41,-0.10,0.13,0.25,-0.19],
  [0.76,-0.08,0.41,-0.10,0.13,0.25,-0.19]],

 [[0.76,-0.08,0.41,-0.10,0.13,0.25,-0.19],
  [0.76,-0.08,0.41,-0.10,0.13,0.25,-0.19],
  [0.76,-0.08,0.41,-0.10,0.13,0.25,-0.19]],

 [[0.76,-0.08,0.41,-0.10,0.13,0.25,-0.19],
  [0.76,-0.08,0.41,-0.10,0.13,0.25,-0.19],
  [0.76,-0.08,0.41,-0.10,0.13,0.25,-0.19]]]
Epoch: 19
[[[0.74,-0.07,0.38,-0.09,0.11,0.25,-0.17],
  [0.74,-0.07,0.38,-0.09,0.11,0.25,-0.17],
  [0.74,-0.07,0.38,-0.09,0.11,0.25,-0.17]],

 [[0.74,-0.07,0.38,-0.09,0.11,0.25,-0.17],
  [0.74,-0.07,0.38,-0.09,0.11,0.25,-0.17],
  [0.74,-0.07,0.38,-0.09,0.11,0.25,-0.17]],

 [[0.74,-0.07,0.38,-0.09,0.11,0.25,-0.17],
  [0.74,-0.07,0.38,-0.09,0.11,0.25,-0.17],
  [0.74,-0.07,0.38,-0.09,0.11,0.25,-0.17]]]
Epoch: 20
[[[0.71,-0.06,0.35,-0.08,0.10,0.24,-0.16],
  [0.71,-0.06,0.35,-0.08,0.10,0.24,-0.16],
  [0.71,-0.06,0.35,-0.08,0.10,0.24,-0.16]],

 [[0.71,-0.06,0.35,-0.08,0.10,0.24,-0.16],
  [0.71,-0.06,0.35,-0.08,0.10,0.24,-0.16],
  [0.71,-0.06,0.35,-0.08,0.10,0.24,-0.16]],

 [[0.71,-0.06,0.35,-0.08,0.10,0.24,-0.16],
  [0.71,-0.06,0.35,-0.08,0.10,0.24,-0.16],
  [0.71,-0.06,0.35,-0.08,0.10,0.24,-0.16]]]
Epoch: 21
[[[0.68,-0.05,0.33,-0.07,0.08,0.24,-0.14],
  [0.68,-0.05,0.33,-0.07,0.08,0.24,-0.14],
  [0.68,-0.05,0.33,-0.07,0.08,0.24,-0.14]],

 [[0.68,-0.05,0.33,-0.07,0.08,0.24,-0.14],
  [0.68,-0.05,0.33,-0.07,0.08,0.24,-0.14],
  [0.68,-0.05,0.33,-0.07,0.08,0.24,-0.14]],

 [[0.68,-0.05,0.33,-0.07,0.08,0.24,-0.14],
  [0.68,-0.05,0.33,-0.07,0.08,0.24,-0.14],
  [0.68,-0.05,0.33,-0.07,0.08,0.24,-0.14]]]
Epoch: 22
[[[0.65,-0.05,0.30,-0.06,0.07,0.24,-0.13],
  [0.65,-0.05,0.30,-0.06,0.07,0.24,-0.13],
  [0.65,-0.05,0.30,-0.06,0.07,0.24,-0.13]],

 [[0.65,-0.05,0.30,-0.06,0.07,0.24,-0.13],
  [0.65,-0.05,0.30,-0.06,0.07,0.24,-0.13],
  [0.65,-0.05,0.30,-0.06,0.07,0.24,-0.13]],

 [[0.65,-0.05,0.30,-0.06,0.07,0.24,-0.13],
  [0.65,-0.05,0.30,-0.06,0.07,0.24,-0.13],
  [0.65,-0.05,0.30,-0.06,0.07,0.24,-0.13]]]
Epoch: 23
[[[0.63,-0.04,0.28,-0.06,0.06,0.24,-0.12],
  [0.63,-0.04,0.28,-0.06,0.06,0.24,-0.12],
  [0.63,-0.04,0.28,-0.06,0.06,0.24,-0.12]],

 [[0.63,-0.04,0.28,-0.06,0.06,0.24,-0.12],
  [0.63,-0.04,0.28,-0.06,0.06,0.24,-0.12],
  [0.63,-0.04,0.28,-0.06,0.06,0.24,-0.12]],

 [[0.63,-0.04,0.28,-0.06,0.06,0.24,-0.12],
  [0.63,-0.04,0.28,-0.06,0.06,0.24,-0.12],
  [0.63,-0.04,0.28,-0.06,0.06,0.24,-0.12]]]
Epoch: 24
[[[0.60,-0.03,0.26,-0.05,0.05,0.23,-0.10],
  [0.60,-0.03,0.26,-0.05,0.05,0.23,-0.10],
  [0.60,-0.03,0.26,-0.05,0.05,0.23,-0.10]],

 [[0.60,-0.03,0.26,-0.05,0.05,0.23,-0.10],
  [0.60,-0.03,0.26,-0.05,0.05,0.23,-0.10],
  [0.60,-0.03,0.26,-0.05,0.05,0.23,-0.10]],

 [[0.60,-0.03,0.26,-0.05,0.05,0.23,-0.10],
  [0.60,-0.03,0.26,-0.05,0.05,0.23,-0.10],
  [0.60,-0.03,0.26,-0.05,0.05,0.23,-0.10]]]
Epoch: 25
[[[0.57,-0.03,0.24,-0.04,0.04,0.23,-0.09],
  [0.57,-0.03,0.24,-0.04,0.04,0.23,-0.09],
  [0.57,-0.03,0.24,-0.04,0.04,0.23,-0.09]],

 [[0.57,-0.03,0.24,-0.04,0.04,0.23,-0.09],
  [0.57,-0.03,0.24,-0.04,0.04,0.23,-0.09],
  [0.57,-0.03,0.24,-0.04,0.04,0.23,-0.09]],

 [[0.57,-0.03,0.24,-0.04,0.04,0.23,-0.09],
  [0.57,-0.03,0.24,-0.04,0.04,0.23,-0.09],
  [0.57,-0.03,0.24,-0.04,0.04,0.23,-0.09]]]
Epoch: 26
[[[0.55,-0.02,0.22,-0.03,0.03,0.23,-0.08],
  [0.55,-0.02,0.22,-0.03,0.03,0.23,-0.08],
  [0.55,-0.02,0.22,-0.03,0.03,0.23,-0.08]],

 [[0.55,-0.02,0.22,-0.03,0.03,0.23,-0.08],
  [0.55,-0.02,0.22,-0.03,0.03,0.23,-0.08],
  [0.55,-0.02,0.22,-0.03,0.03,0.23,-0.08]],

 [[0.55,-0.02,0.22,-0.03,0.03,0.23,-0.08],
  [0.55,-0.02,0.22,-0.03,0.03,0.23,-0.08],
  [0.55,-0.02,0.22,-0.03,0.03,0.23,-0.08]]]
Epoch: 27
[[[0.64,-0.10,0.43,-0.11,0.10,0.07,0.13],
  [0.52,-0.02,0.20,-0.03,0.03,0.22,-0.07],
  [0.52,-0.02,0.20,-0.03,0.03,0.22,-0.07]],

 [[0.52,-0.02,0.20,-0.03,0.03,0.22,-0.07],
  [0.52,-0.02,0.20,-0.03,0.03,0.22,-0.07],
  [-0.23,0.17,-0.27,0.18,0.09,0.36,-0.17]],

 [[0.66,-0.17,0.36,-0.24,-0.12,-0.07,0.22],
  [-0.23,0.17,-0.27,0.18,0.09,0.36,-0.17],
  [-0.35,0.15,-0.46,0.10,-0.13,0.27,-0.13]]]
Epoch: 28
[[[0.49,-0.51,0.60,-0.40,0.25,-0.19,0.48],
  [0.31,0.33,-0.34,0.52,0.15,0.54,-0.08],
  [0.28,0.34,-0.36,0.53,0.13,0.54,-0.11]],

 [[0.51,-0.02,0.19,-0.03,0.03,0.22,-0.05],
  [0.50,-0.01,0.18,-0.02,0.02,0.22,-0.06],
  [0.24,0.58,-0.50,0.67,-0.08,0.68,-0.33]],

 [[0.06,-0.70,0.58,-0.81,0.08,-0.60,0.37],
  [0.46,0.13,0.10,0.03,-0.11,0.28,-0.19],
  [0.17,0.14,-0.04,-0.18,-0.39,0.10,-0.39]]]
Epoch: 29
[[[0.46,-0.55,0.61,-0.42,0.27,-0.22,0.52],
  [0.30,0.38,-0.39,0.58,0.14,0.60,-0.10],
  [0.27,0.37,-0.40,0.58,0.11,0.57,-0.12]],

 [[0.48,-0.01,0.18,-0.02,0.02,0.22,-0.05],
  [0.47,-0.01,0.17,-0.02,0.01,0.21,-0.06],
  [0.26,0.61,-0.52,0.70,-0.10,0.69,-0.35]],

 [[0.00,-0.76,0.60,-0.87,0.12,-0.67,0.41],
  [0.45,0.11,0.12,0.01,-0.12,0.25,-0.17],
  [0.17,0.11,0.01,-0.23,-0.37,0.04,-0.38]]]
Epoch: 30
[[[0.42,-0.51,0.57,-0.39,0.22,-0.15,0.54],
  [0.29,0.38,-0.40,0.58,0.13,0.60,-0.10],
  [0.26,0.38,-0.40,0.57,0.11,0.57,-0.12]],

 [[0.46,-0.01,0.16,-0.02,0.02,0.21,-0.04],
  [0.45,-0.00,0.16,-0.01,0.01,0.21,-0.05],
  [0.26,0.62,-0.52,0.70,-0.11,0.69,-0.35]],

 [[-0.02,-0.76,0.59,-0.87,0.13,-0.68,0.42],
  [0.43,0.12,0.10,0.01,-0.13,0.24,-0.17],
  [0.16,0.09,0.03,-0.25,-0.35,-0.04,-0.41]]]
Epoch: 31
[[[0.40,-0.51,0.55,-0.38,0.21,-0.15,0.55],
  [0.28,0.38,-0.40,0.58,0.13,0.59,-0.09],
  [0.25,0.38,-0.39,0.57,0.10,0.56,-0.12]],

 [[0.44,-0.00,0.15,-0.02,0.02,0.21,-0.03],
  [0.42,0.00,0.14,-0.01,0.00,0.20,-0.04],
  [0.25,0.62,-0.52,0.69,-0.13,0.68,-0.35]],

 [[-0.03,-0.76,0.58,-0.85,0.14,-0.68,0.42],
  [0.40,0.12,0.09,0.02,-0.14,0.23,-0.17],
  [0.14,0.10,0.02,-0.25,-0.35,-0.05,-0.41]]]
Epoch: 32
[[[0.38,-0.51,0.54,-0.38,0.22,-0.15,0.55],
  [0.28,0.38,-0.39,0.58,0.13,0.58,-0.09],
  [0.24,0.38,-0.39,0.56,0.10,0.55,-0.12]],

 [[0.42,-0.00,0.14,-0.01,0.01,0.20,-0.03],
  [0.40,0.00,0.13,-0.01,0.00,0.20,-0.04],
  [0.24,0.62,-0.51,0.69,-0.14,0.67,-0.36]],

 [[-0.05,-0.75,0.56,-0.84,0.14,-0.68,0.42],
  [0.38,0.13,0.08,0.02,-0.14,0.23,-0.16],
  [0.12,0.10,0.02,-0.24,-0.35,-0.05,-0.41]]]
Epoch: 33
[[[0.36,-0.51,0.53,-0.38,0.22,-0.16,0.55],
  [0.27,0.38,-0.39,0.57,0.13,0.58,-0.09],
  [0.23,0.38,-0.39,0.56,0.09,0.54,-0.11]],

 [[0.40,0.00,0.13,-0.01,0.01,0.20,-0.02],
  [0.38,0.01,0.12,-0.00,-0.00,0.19,-0.03],
  [0.23,0.62,-0.51,0.69,-0.15,0.66,-0.36]],

 [[-0.06,-0.75,0.55,-0.83,0.15,-0.68,0.42],
  [0.36,0.13,0.07,0.02,-0.15,0.22,-0.16],
  [0.10,0.10,0.02,-0.24,-0.35,-0.06,-0.40]]]
Epoch: 34
[[[0.35,-0.51,0.51,-0.38,0.22,-0.16,0.56],
  [0.26,0.38,-0.39,0.57,0.13,0.57,-0.08],
  [0.22,0.37,-0.39,0.56,0.09,0.54,-0.11]],

 [[0.38,0.00,0.12,-0.01,0.01,0.19,-0.01],
  [0.36,0.01,0.11,-0.00,-0.00,0.18,-0.03],
  [0.23,0.62,-0.51,0.68,-0.16,0.66,-0.36]],

 [[-0.08,-0.74,0.54,-0.82,0.15,-0.68,0.42],
  [0.34,0.13,0.07,0.02,-0.16,0.21,-0.16],
  [0.08,0.10,0.01,-0.23,-0.35,-0.06,-0.40]]]
Epoch: 35
[[[0.33,-0.51,0.50,-0.38,0.23,-0.17,0.56],
  [0.26,0.38,-0.39,0.57,0.13,0.57,-0.08],
  [0.21,0.37,-0.39,0.55,0.09,0.53,-0.11]],

 [[0.36,0.00,0.12,-0.01,0.01,0.19,-0.01],
  [0.34,0.01,0.10,0.00,-0.01,0.18,-0.02],
  [0.22,0.62,-0.50,0.68,-0.16,0.65,-0.36]],

 [[-0.09,-0.73,0.53,-0.81,0.16,-0.67,0.42],
  [0.32,0.13,0.06,0.02,-0.17,0.21,-0.16],
  [0.07,0.11,0.01,-0.23,-0.35,-0.07,-0.39]]]
Epoch: 36
[[[0.34,-0.56,0.53,-0.42,0.29,-0.26,0.55],
  [0.25,0.38,-0.39,0.56,0.13,0.57,-0.08],
  [0.21,0.37,-0.38,0.55,0.08,0.52,-0.11]],

 [[0.35,0.01,0.11,-0.01,0.01,0.18,-0.00],
  [0.32,0.01,0.10,0.00,-0.01,0.17,-0.02],
  [0.21,0.62,-0.50,0.68,-0.17,0.64,-0.37]],

 [[-0.10,-0.73,0.52,-0.80,0.16,-0.67,0.42],
  [0.31,0.13,0.05,0.03,-0.17,0.20,-0.16],
  [0.04,0.13,-0.01,-0.19,-0.37,0.01,-0.34]]]
Epoch: 37
[[[0.33,-0.57,0.53,-0.43,0.31,-0.29,0.55],
  [0.25,0.38,-0.39,0.56,0.13,0.56,-0.08],
  [0.20,0.37,-0.38,0.54,0.08,0.51,-0.11]],

 [[0.33,0.01,0.10,-0.01,0.01,0.18,0.01],
  [0.30,0.01,0.09,0.00,-0.01,0.16,-0.02],
  [0.20,0.62,-0.50,0.67,-0.18,0.64,-0.37]],

 [[-0.11,-0.72,0.51,-0.80,0.17,-0.67,0.42],
  [0.29,0.13,0.05,0.03,-0.18,0.19,-0.16],
  [0.02,0.13,-0.02,-0.19,-0.37,0.02,-0.33]]]
Epoch: 38
[[[0.32,-0.57,0.52,-0.43,0.31,-0.30,0.55],
  [0.24,0.38,-0.39,0.56,0.13,0.56,-0.07],
  [0.19,0.37,-0.38,0.54,0.08,0.51,-0.11]],

 [[0.32,0.01,0.10,-0.00,0.01,0.17,0.01],
  [0.29,0.01,0.08,0.00,-0.01,0.16,-0.01],
  [0.20,0.61,-0.50,0.67,-0.19,0.63,-0.37]],

 [[-0.12,-0.72,0.50,-0.79,0.17,-0.67,0.42],
  [0.27,0.13,0.04,0.03,-0.18,0.19,-0.16],
  [0.01,0.14,-0.02,-0.18,-0.37,0.01,-0.33]]]
Epoch: 39
[[[0.31,-0.58,0.52,-0.44,0.32,-0.31,0.55],
  [0.24,0.38,-0.38,0.56,0.13,0.55,-0.07],
  [0.18,0.37,-0.38,0.54,0.07,0.50,-0.11]],

 [[0.30,0.01,0.09,-0.00,0.01,0.17,0.01],
  [0.27,0.02,0.08,0.01,-0.01,0.15,-0.01],
  [0.19,0.61,-0.49,0.67,-0.19,0.63,-0.37]],

 [[-0.13,-0.72,0.49,-0.78,0.17,-0.67,0.42],
  [0.26,0.13,0.04,0.03,-0.19,0.18,-0.16],
  [-0.01,0.14,-0.02,-0.18,-0.37,0.01,-0.32]]]
Epoch: 40
[[[0.30,-0.58,0.51,-0.44,0.32,-0.31,0.55],
  [0.23,0.38,-0.38,0.55,0.13,0.55,-0.07],
  [0.17,0.37,-0.38,0.53,0.07,0.49,-0.11]],

 [[0.29,0.01,0.09,-0.00,0.01,0.16,0.02],
  [0.25,0.02,0.07,0.01,-0.01,0.15,-0.01],
  [0.18,0.61,-0.49,0.66,-0.20,0.62,-0.38]],

 [[-0.14,-0.71,0.49,-0.77,0.18,-0.67,0.42],
  [0.25,0.14,0.03,0.03,-0.19,0.17,-0.16],
  [-0.02,0.14,-0.02,-0.17,-0.37,0.01,-0.32]]]
Epoch: 41
[[[0.18,-0.51,0.31,-0.26,0.42,-0.27,0.61],
  [0.35,0.38,-0.21,0.56,0.18,0.53,0.01],
  [0.24,0.45,-0.37,0.58,0.02,0.56,-0.19]],

 [[0.07,-0.10,0.19,-0.23,0.01,-0.06,0.06],
  [0.03,0.17,-0.19,0.18,-0.01,0.25,-0.00],
  [0.09,0.73,-0.56,0.69,-0.33,0.63,-0.61]],

 [[-0.13,-0.71,0.49,-0.81,0.15,-0.72,0.41],
  [0.06,0.10,0.19,-0.17,-0.30,0.01,-0.22],
  [-0.29,0.33,-0.22,0.01,-0.41,0.15,-0.39]]]
Epoch: 42
[[[0.30,-0.43,0.25,-0.06,0.63,-0.09,0.71],
  [0.50,0.16,-0.12,0.53,0.36,0.43,0.25],
  [0.34,0.62,-0.42,0.71,-0.09,0.72,-0.30]],

 [[0.07,-0.52,0.49,-0.61,0.25,-0.44,0.33],
  [0.03,0.38,-0.31,0.35,-0.10,0.48,-0.11],
  [0.01,0.78,-0.60,0.70,-0.41,0.65,-0.70]],

 [[-0.14,-0.80,0.62,-1.01,0.04,-0.85,0.40],
  [-0.12,-0.30,0.37,-0.57,-0.27,-0.43,-0.04],
  [-0.43,0.50,-0.44,0.20,-0.47,0.32,-0.53]]]
Epoch: 43
[[[0.37,-0.38,0.21,0.06,0.76,0.01,0.77],
  [0.57,0.17,-0.18,0.58,0.45,0.42,0.27],
  [0.42,0.70,-0.43,0.77,-0.11,0.74,-0.40]],

 [[0.04,-0.67,0.59,-0.74,0.30,-0.51,0.49],
  [-0.00,0.39,-0.29,0.38,-0.17,0.61,-0.04],
  [-0.02,0.80,-0.62,0.70,-0.45,0.66,-0.73]],

 [[-0.08,-0.85,0.69,-1.09,0.00,-0.89,0.40],
  [-0.22,-0.42,0.40,-0.68,-0.29,-0.50,0.08],
  [-0.57,0.53,-0.48,0.27,-0.55,0.39,-0.56]]]
Epoch: 44
[[[0.41,-0.35,0.18,0.13,0.83,0.08,0.80],
  [0.61,0.18,-0.21,0.60,0.49,0.41,0.28],
  [0.48,0.74,-0.47,0.79,-0.05,0.73,-0.45]],

 [[0.02,-0.74,0.64,-0.79,0.33,-0.54,0.57],
  [-0.00,0.40,-0.30,0.38,-0.14,0.66,0.01],
  [-0.04,0.81,-0.62,0.70,-0.46,0.66,-0.75]],

 [[-0.05,-0.88,0.73,-1.14,-0.02,-0.91,0.40],
  [-0.27,-0.44,0.42,-0.66,-0.37,-0.46,0.11],
  [-0.64,0.55,-0.50,0.30,-0.59,0.43,-0.57]]]
Epoch: 45
[[[0.43,-0.34,0.17,0.17,0.88,0.12,0.83],
  [0.62,0.18,-0.22,0.61,0.51,0.41,0.29],
  [0.52,0.76,-0.49,0.80,-0.02,0.72,-0.47]],

 [[0.01,-0.77,0.66,-0.82,0.35,-0.56,0.60],
  [-0.00,0.40,-0.31,0.38,-0.13,0.68,0.04],
  [-0.05,0.81,-0.62,0.70,-0.47,0.66,-0.75]],

 [[-0.04,-0.89,0.75,-1.17,-0.03,-0.93,0.41],
  [-0.29,-0.44,0.43,-0.65,-0.40,-0.45,0.12],
  [-0.68,0.56,-0.50,0.32,-0.62,0.45,-0.58]]]
Epoch: 46
[[[0.47,-0.32,0.14,0.24,0.88,0.16,0.79],
  [0.67,0.21,-0.22,0.66,0.51,0.43,0.24],
  [0.54,0.77,-0.50,0.80,-0.01,0.72,-0.48]],

 [[-0.00,-0.79,0.66,-0.84,0.36,-0.57,0.63],
  [0.00,0.35,-0.33,0.38,-0.07,0.66,0.09],
  [-0.09,0.84,-0.62,0.68,-0.51,0.65,-0.76]],

 [[-0.05,-0.90,0.71,-1.16,-0.00,-0.92,0.45],
  [-0.30,-0.44,0.43,-0.64,-0.42,-0.44,0.12],
  [-0.70,0.57,-0.50,0.33,-0.63,0.46,-0.58]]]
Epoch: 47
[[[0.49,-0.30,0.12,0.28,0.88,0.19,0.77],
  [0.69,0.24,-0.21,0.68,0.50,0.44,0.22],
  [0.55,0.78,-0.51,0.80,0.00,0.71,-0.49]],

 [[-0.01,-0.80,0.66,-0.84,0.36,-0.57,0.64],
  [-0.01,0.30,-0.36,0.36,-0.06,0.61,0.10],
  [-0.10,0.89,-0.60,0.69,-0.52,0.68,-0.79]],

 [[-0.08,-0.89,0.63,-1.13,-0.01,-0.90,0.45],
  [-0.31,-0.44,0.42,-0.63,-0.42,-0.43,0.12],
  [-0.71,0.57,-0.50,0.33,-0.64,0.46,-0.59]]]
Epoch: 48
[[[0.50,-0.30,0.11,0.31,0.89,0.20,0.76],
  [0.71,0.25,-0.21,0.70,0.50,0.45,0.21],
  [0.56,0.79,-0.51,0.80,0.01,0.71,-0.50]],

 [[-0.01,-0.80,0.66,-0.84,0.37,-0.58,0.65],
  [-0.01,0.28,-0.37,0.35,-0.06,0.59,0.11],
  [-0.11,0.91,-0.59,0.70,-0.53,0.70,-0.80]],

 [[-0.09,-0.88,0.59,-1.11,-0.01,-0.89,0.45],
  [-0.31,-0.44,0.42,-0.63,-0.42,-0.43,0.12],
  [-0.72,0.57,-0.50,0.34,-0.64,0.46,-0.59]]]
Epoch: 49
[[[0.51,-0.29,0.10,0.33,0.89,0.21,0.75],
  [0.72,0.25,-0.21,0.70,0.50,0.45,0.20],
  [0.51,0.82,-0.52,0.80,0.03,0.69,-0.62]],

 [[0.07,-0.78,0.63,-0.77,0.34,-0.51,0.73],
  [-0.10,0.28,-0.38,0.31,-0.04,0.55,0.02],
  [-0.12,0.93,-0.59,0.71,-0.54,0.71,-0.80]],

 [[-0.11,-0.88,0.56,-1.10,-0.01,-0.88,0.45],
  [-0.32,-0.43,0.42,-0.62,-0.42,-0.43,0.12],
  [-0.72,0.57,-0.50,0.34,-0.64,0.46,-0.59]]]
Epoch: 50
[[[0.52,-0.29,0.09,0.34,0.89,0.22,0.74],
  [0.72,0.26,-0.21,0.71,0.50,0.46,0.19],
  [0.47,0.85,-0.53,0.79,0.04,0.68,-0.70]],

 [[0.12,-0.76,0.61,-0.73,0.32,-0.48,0.77],
  [-0.15,0.28,-0.39,0.29,-0.03,0.53,-0.03],
  [-0.12,0.94,-0.58,0.71,-0.55,0.71,-0.81]],

 [[-0.11,-0.87,0.54,-1.09,-0.01,-0.88,0.45],
  [-0.32,-0.43,0.41,-0.62,-0.42,-0.43,0.11],
  [-0.72,0.57,-0.50,0.34,-0.65,0.46,-0.59]]]
Epoch: 51
[[[0.52,-0.29,0.09,0.35,0.89,0.22,0.74],
  [0.72,0.26,-0.21,0.71,0.50,0.46,0.19],
  [0.45,0.87,-0.54,0.79,0.05,0.67,-0.75]],

 [[0.14,-0.75,0.60,-0.71,0.31,-0.46,0.80],
  [-0.18,0.28,-0.40,0.28,-0.02,0.52,-0.06],
  [-0.12,0.94,-0.57,0.71,-0.55,0.71,-0.81]],

 [[-0.12,-0.87,0.53,-1.09,-0.01,-0.88,0.45],
  [-0.33,-0.43,0.41,-0.61,-0.42,-0.43,0.11],
  [-0.73,0.57,-0.50,0.34,-0.65,0.46,-0.59]]]
Epoch: 52
[[[0.52,-0.29,0.08,0.35,0.89,0.22,0.74],
  [0.72,0.26,-0.21,0.71,0.50,0.46,0.19],
  [0.43,0.88,-0.54,0.79,0.06,0.67,-0.78]],

 [[0.15,-0.75,0.59,-0.70,0.31,-0.45,0.81],
  [-0.20,0.28,-0.40,0.27,-0.02,0.51,-0.08],
  [-0.12,0.94,-0.57,0.71,-0.55,0.71,-0.81]],

 [[-0.12,-0.87,0.52,-1.08,-0.01,-0.88,0.46],
  [-0.33,-0.42,0.41,-0.61,-0.42,-0.43,0.11],
  [-0.73,0.57,-0.49,0.34,-0.65,0.46,-0.59]]]
Epoch: 53
[[[0.52,-0.28,0.08,0.36,0.89,0.22,0.73],
  [0.72,0.26,-0.22,0.71,0.50,0.45,0.19],
  [0.42,0.88,-0.54,0.79,0.06,0.66,-0.80]],

 [[0.16,-0.74,0.58,-0.69,0.31,-0.44,0.82],
  [-0.21,0.28,-0.40,0.27,-0.01,0.50,-0.09],
  [-0.13,0.94,-0.57,0.71,-0.55,0.71,-0.81]],

 [[-0.13,-0.87,0.52,-1.08,-0.00,-0.88,0.46],
  [-0.33,-0.42,0.40,-0.60,-0.42,-0.43,0.10],
  [-0.73,0.57,-0.49,0.34,-0.65,0.46,-0.59]]]
Epoch: 54
[[[0.52,-0.28,0.08,0.36,0.89,0.22,0.73],
  [0.68,0.25,-0.24,0.69,0.49,0.42,0.19],
  [0.42,0.89,-0.55,0.78,0.06,0.66,-0.82]],

 [[0.13,-0.73,0.53,-0.67,0.30,-0.44,0.82],
  [-0.22,0.28,-0.40,0.26,-0.01,0.50,-0.09],
  [-0.15,0.91,-0.58,0.68,-0.53,0.67,-0.77]],

 [[-0.11,-0.89,0.56,-1.11,-0.01,-0.88,0.46],
  [-0.34,-0.42,0.40,-0.60,-0.42,-0.43,0.10],
  [-0.72,0.60,-0.47,0.36,-0.68,0.49,-0.63]]]
Epoch: 55
[[[0.52,-0.28,0.08,0.36,0.89,0.22,0.73],
  [0.65,0.24,-0.26,0.67,0.48,0.40,0.20],
  [0.41,0.89,-0.55,0.78,0.07,0.65,-0.83]],

 [[0.11,-0.72,0.50,-0.66,0.30,-0.44,0.81],
  [-0.22,0.28,-0.41,0.26,-0.01,0.50,-0.09],
  [-0.17,0.88,-0.59,0.66,-0.52,0.64,-0.75]],

 [[-0.10,-0.90,0.59,-1.12,-0.01,-0.89,0.46],
  [-0.34,-0.42,0.40,-0.60,-0.42,-0.43,0.10],
  [-0.72,0.62,-0.45,0.37,-0.69,0.51,-0.65]]]
Epoch: 56
[[[0.52,-0.28,0.07,0.36,0.89,0.22,0.73],
  [0.63,0.23,-0.27,0.66,0.48,0.39,0.20],
  [0.41,0.90,-0.55,0.78,0.07,0.65,-0.84]],

 [[0.10,-0.71,0.47,-0.65,0.30,-0.45,0.81],
  [-0.22,0.28,-0.41,0.26,-0.01,0.50,-0.10],
  [-0.18,0.87,-0.59,0.65,-0.51,0.62,-0.73]],

 [[-0.09,-0.91,0.61,-1.13,-0.01,-0.89,0.46],
  [-0.34,-0.41,0.40,-0.59,-0.42,-0.43,0.10],
  [-0.71,0.63,-0.43,0.38,-0.71,0.53,-0.67]]]
Epoch: 57
[[[0.52,-0.28,0.07,0.36,0.90,0.22,0.73],
  [0.61,0.23,-0.28,0.65,0.48,0.38,0.20],
  [0.41,0.90,-0.55,0.78,0.07,0.65,-0.84]],

 [[0.09,-0.71,0.46,-0.64,0.30,-0.45,0.81],
  [-0.23,0.28,-0.41,0.26,-0.01,0.49,-0.10],
  [-0.19,0.86,-0.60,0.64,-0.51,0.61,-0.72]],

 [[-0.09,-0.92,0.62,-1.14,-0.00,-0.90,0.46],
  [-0.34,-0.41,0.39,-0.59,-0.42,-0.42,0.09],
  [-0.71,0.64,-0.42,0.39,-0.72,0.54,-0.68]]]
Epoch: 58
[[[0.52,-0.29,0.07,0.36,0.90,0.22,0.73],
  [0.60,0.23,-0.29,0.65,0.47,0.37,0.20],
  [0.41,0.90,-0.55,0.78,0.07,0.65,-0.85]],

 [[0.08,-0.70,0.45,-0.64,0.30,-0.45,0.81],
  [-0.23,0.28,-0.41,0.26,-0.01,0.49,-0.10],
  [-0.19,0.85,-0.60,0.64,-0.51,0.60,-0.71]],

 [[-0.09,-0.92,0.63,-1.15,-0.00,-0.90,0.47],
  [-0.35,-0.41,0.39,-0.59,-0.42,-0.42,0.09],
  [-0.71,0.65,-0.42,0.39,-0.72,0.55,-0.69]]]
Epoch: 59
[[[0.52,-0.29,0.07,0.36,0.90,0.22,0.73],
  [0.59,0.23,-0.29,0.64,0.47,0.36,0.20],
  [0.41,0.90,-0.55,0.78,0.07,0.65,-0.85]],

 [[0.08,-0.70,0.44,-0.64,0.30,-0.45,0.81],
  [-0.23,0.28,-0.41,0.26,-0.01,0.49,-0.10],
  [-0.19,0.85,-0.60,0.63,-0.51,0.60,-0.71]],

 [[-0.08,-0.93,0.64,-1.15,-0.00,-0.90,0.47],
  [-0.35,-0.41,0.39,-0.58,-0.42,-0.42,0.09],
  [-0.71,0.65,-0.41,0.40,-0.73,0.55,-0.69]]]
Epoch: 60
[[[0.52,-0.29,0.07,0.36,0.90,0.22,0.73],
  [0.59,0.22,-0.30,0.64,0.47,0.36,0.20],
  [0.41,0.90,-0.55,0.78,0.07,0.64,-0.85]],

 [[0.07,-0.70,0.43,-0.64,0.30,-0.45,0.81],
  [-0.23,0.28,-0.41,0.26,-0.01,0.49,-0.09],
  [-0.20,0.84,-0.60,0.63,-0.50,0.59,-0.71]],

 [[-0.08,-0.93,0.64,-1.15,-0.00,-0.90,0.47],
  [-0.35,-0.41,0.39,-0.58,-0.42,-0.42,0.09],
  [-0.71,0.65,-0.41,0.40,-0.73,0.55,-0.70]]]
Epoch: 61
[[[0.52,-0.29,0.07,0.36,0.90,0.22,0.73],
  [0.58,0.22,-0.30,0.64,0.47,0.36,0.20],
  [0.40,0.90,-0.55,0.78,0.07,0.64,-0.85]],

 [[0.07,-0.70,0.43,-0.64,0.31,-0.45,0.81],
  [-0.23,0.28,-0.41,0.25,-0.01,0.49,-0.09],
  [-0.20,0.84,-0.60,0.63,-0.50,0.59,-0.70]],

 [[-0.08,-0.93,0.64,-1.15,-0.00,-0.90,0.47],
  [-0.35,-0.40,0.38,-0.58,-0.42,-0.42,0.08],
  [-0.71,0.66,-0.40,0.40,-0.74,0.56,-0.70]]]
Epoch: 62
[[[0.52,-0.29,0.07,0.36,0.90,0.22,0.73],
  [0.58,0.22,-0.30,0.64,0.47,0.35,0.20],
  [0.40,0.90,-0.55,0.78,0.07,0.64,-0.85]],

 [[0.06,-0.70,0.43,-0.64,0.31,-0.45,0.81],
  [-0.23,0.28,-0.41,0.25,-0.01,0.49,-0.09],
  [-0.20,0.84,-0.59,0.63,-0.50,0.58,-0.70]],

 [[-0.08,-0.93,0.64,-1.15,0.00,-0.90,0.47],
  [-0.35,-0.40,0.38,-0.58,-0.42,-0.42,0.08],
  [-0.71,0.66,-0.40,0.40,-0.74,0.56,-0.71]]]
Epoch: 63
[[[0.51,-0.29,0.07,0.36,0.90,0.22,0.73],
  [0.58,0.22,-0.30,0.63,0.47,0.35,0.20],
  [0.40,0.90,-0.55,0.78,0.07,0.64,-0.85]],

 [[0.06,-0.70,0.42,-0.64,0.31,-0.45,0.81],
  [-0.23,0.28,-0.41,0.25,-0.01,0.49,-0.09],
  [-0.20,0.84,-0.59,0.63,-0.50,0.58,-0.70]],

 [[-0.09,-0.93,0.64,-1.15,0.00,-0.91,0.47],
  [-0.36,-0.40,0.38,-0.57,-0.42,-0.42,0.08],
  [-0.70,0.66,-0.40,0.40,-0.74,0.56,-0.71]]]
Epoch: 64
[[[0.51,-0.29,0.07,0.36,0.90,0.22,0.73],
  [0.58,0.22,-0.30,0.63,0.47,0.35,0.20],
  [0.40,0.90,-0.55,0.78,0.07,0.64,-0.85]],

 [[0.05,-0.70,0.42,-0.64,0.31,-0.46,0.81],
  [-0.23,0.28,-0.41,0.25,-0.01,0.49,-0.09],
  [-0.20,0.84,-0.59,0.62,-0.50,0.58,-0.70]],

 [[-0.09,-0.93,0.64,-1.16,0.00,-0.91,0.47],
  [-0.36,-0.40,0.38,-0.57,-0.42,-0.42,0.08],
  [-0.70,0.66,-0.39,0.40,-0.74,0.56,-0.71]]]
Epoch: 65
[[[0.51,-0.29,0.06,0.36,0.90,0.21,0.73],
  [0.57,0.22,-0.30,0.63,0.47,0.35,0.20],
  [0.40,0.90,-0.55,0.78,0.07,0.64,-0.86]],

 [[0.05,-0.70,0.42,-0.63,0.31,-0.46,0.81],
  [-0.23,0.28,-0.41,0.25,-0.01,0.49,-0.09],
  [-0.21,0.83,-0.59,0.62,-0.50,0.58,-0.70]],

 [[-0.09,-0.93,0.64,-1.16,0.00,-0.91,0.47],
  [-0.36,-0.40,0.38,-0.57,-0.42,-0.42,0.08],
  [-0.70,0.66,-0.39,0.40,-0.74,0.56,-0.71]]]
Epoch: 66
[[[0.51,-0.29,0.06,0.36,0.90,0.21,0.73],
  [0.57,0.22,-0.31,0.63,0.47,0.35,0.20],
  [0.40,0.90,-0.55,0.78,0.07,0.64,-0.86]],

 [[0.05,-0.70,0.42,-0.63,0.32,-0.46,0.81],
  [-0.23,0.27,-0.41,0.25,-0.01,0.49,-0.09],
  [-0.21,0.83,-0.59,0.62,-0.51,0.58,-0.70]],

 [[-0.09,-0.93,0.64,-1.16,0.01,-0.91,0.47],
  [-0.36,-0.40,0.38,-0.57,-0.42,-0.42,0.08],
  [-0.70,0.66,-0.39,0.40,-0.74,0.56,-0.71]]]
Epoch: 67
[[[0.51,-0.29,0.06,0.36,0.90,0.21,0.73],
  [0.57,0.22,-0.31,0.63,0.47,0.35,0.20],
  [0.41,0.90,-0.55,0.78,0.07,0.64,-0.86]],

 [[0.05,-0.70,0.42,-0.63,0.32,-0.46,0.81],
  [-0.23,0.27,-0.41,0.25,-0.01,0.49,-0.09],
  [-0.21,0.83,-0.59,0.62,-0.51,0.58,-0.70]],

 [[-0.09,-0.94,0.64,-1.15,0.01,-0.91,0.47],
  [-0.36,-0.40,0.38,-0.57,-0.42,-0.42,0.07],
  [-0.70,0.66,-0.39,0.40,-0.75,0.56,-0.71]]]
Epoch: 68
[[[0.51,-0.29,0.06,0.36,0.90,0.21,0.73],
  [0.57,0.22,-0.31,0.63,0.47,0.35,0.20],
  [0.41,0.90,-0.55,0.78,0.07,0.64,-0.86]],

 [[0.04,-0.70,0.42,-0.63,0.32,-0.46,0.81],
  [-0.23,0.27,-0.41,0.25,-0.01,0.49,-0.09],
  [-0.21,0.83,-0.59,0.62,-0.51,0.58,-0.70]],

 [[-0.09,-0.94,0.64,-1.15,0.01,-0.91,0.47],
  [-0.36,-0.39,0.37,-0.56,-0.42,-0.42,0.07],
  [-0.70,0.66,-0.39,0.41,-0.75,0.56,-0.71]]]
Epoch: 69
[[[0.51,-0.29,0.06,0.36,0.90,0.21,0.73],
  [0.57,0.22,-0.31,0.63,0.47,0.35,0.20],
  [0.41,0.90,-0.55,0.78,0.07,0.63,-0.86]],

 [[0.04,-0.70,0.42,-0.63,0.32,-0.46,0.81],
  [-0.23,0.27,-0.41,0.25,-0.01,0.49,-0.09],
  [-0.21,0.83,-0.58,0.62,-0.51,0.57,-0.70]],

 [[-0.09,-0.94,0.64,-1.15,0.01,-0.91,0.47],
  [-0.36,-0.39,0.37,-0.56,-0.42,-0.42,0.07],
  [-0.70,0.66,-0.39,0.41,-0.75,0.56,-0.71]]]
Epoch: 70
[[[0.51,-0.29,0.06,0.36,0.90,0.21,0.73],
  [0.57,0.22,-0.31,0.63,0.47,0.35,0.20],
  [0.41,0.90,-0.55,0.78,0.07,0.63,-0.86]],

 [[0.04,-0.70,0.41,-0.63,0.32,-0.46,0.81],
  [-0.23,0.27,-0.41,0.25,-0.01,0.48,-0.08],
  [-0.21,0.83,-0.58,0.62,-0.51,0.57,-0.70]],

 [[-0.09,-0.94,0.64,-1.15,0.01,-0.91,0.47],
  [-0.36,-0.39,0.37,-0.56,-0.41,-0.42,0.07],
  [-0.70,0.66,-0.39,0.41,-0.75,0.56,-0.72]]]
Epoch: 71
[[[0.51,-0.29,0.06,0.36,0.90,0.21,0.73],
  [0.57,0.22,-0.31,0.63,0.47,0.34,0.20],
  [0.41,0.90,-0.55,0.78,0.07,0.63,-0.86]],

 [[0.04,-0.70,0.41,-0.63,0.32,-0.46,0.81],
  [-0.23,0.27,-0.41,0.25,-0.01,0.48,-0.08],
  [-0.21,0.83,-0.58,0.62,-0.51,0.57,-0.70]],

 [[-0.09,-0.94,0.64,-1.15,0.01,-0.91,0.47],
  [-0.37,-0.39,0.37,-0.56,-0.41,-0.42,0.07],
  [-0.70,0.66,-0.38,0.41,-0.75,0.56,-0.72]]]
Epoch: 72
[[[0.51,-0.29,0.06,0.36,0.91,0.21,0.73],
  [0.57,0.22,-0.31,0.63,0.47,0.34,0.20],
  [0.41,0.90,-0.55,0.78,0.07,0.63,-0.86]],

 [[0.04,-0.70,0.41,-0.63,0.32,-0.46,0.81],
  [-0.23,0.27,-0.41,0.25,-0.01,0.48,-0.08],
  [-0.21,0.83,-0.58,0.62,-0.51,0.57,-0.70]],

 [[-0.10,-0.94,0.64,-1.15,0.01,-0.91,0.47],
  [-0.37,-0.39,0.37,-0.56,-0.41,-0.42,0.07],
  [-0.70,0.66,-0.38,0.41,-0.75,0.56,-0.72]]]
Epoch: 73
[[[0.51,-0.29,0.06,0.35,0.91,0.21,0.73],
  [0.57,0.22,-0.31,0.63,0.47,0.34,0.20],
  [0.41,0.90,-0.55,0.78,0.07,0.63,-0.86]],

 [[0.03,-0.70,0.41,-0.63,0.33,-0.46,0.81],
  [-0.23,0.27,-0.41,0.25,-0.01,0.48,-0.08],
  [-0.21,0.83,-0.58,0.62,-0.51,0.57,-0.70]],

 [[-0.10,-0.94,0.64,-1.15,0.01,-0.91,0.47],
  [-0.37,-0.39,0.37,-0.56,-0.41,-0.42,0.07],
  [-0.70,0.67,-0.38,0.41,-0.75,0.56,-0.72]]]
Epoch: 74
[[[0.51,-0.29,0.06,0.35,0.91,0.21,0.73],
  [0.57,0.22,-0.31,0.63,0.47,0.34,0.20],
  [0.41,0.90,-0.55,0.78,0.07,0.63,-0.86]],

 [[0.03,-0.70,0.41,-0.63,0.33,-0.46,0.81],
  [-0.23,0.27,-0.41,0.25,-0.01,0.48,-0.08],
  [-0.21,0.83,-0.58,0.62,-0.51,0.57,-0.70]],

 [[-0.10,-0.94,0.64,-1.15,0.01,-0.91,0.47],
  [-0.37,-0.39,0.37,-0.56,-0.41,-0.42,0.07],
  [-0.70,0.67,-0.38,0.41,-0.75,0.56,-0.72]]]
Epoch: 75
[[[0.51,-0.29,0.06,0.35,0.91,0.21,0.73],
  [0.57,0.22,-0.31,0.63,0.47,0.34,0.20],
  [0.41,0.90,-0.54,0.78,0.07,0.63,-0.86]],

 [[0.03,-0.70,0.41,-0.63,0.33,-0.46,0.81],
  [-0.23,0.27,-0.41,0.25,-0.01,0.48,-0.08],
  [-0.21,0.83,-0.58,0.62,-0.51,0.57,-0.70]],

 [[-0.10,-0.94,0.63,-1.15,0.01,-0.91,0.47],
  [-0.37,-0.39,0.37,-0.55,-0.41,-0.42,0.06],
  [-0.70,0.67,-0.38,0.41,-0.75,0.56,-0.72]]]
Epoch: 76
[[[0.51,-0.29,0.06,0.35,0.91,0.21,0.73],
  [0.57,0.22,-0.31,0.63,0.47,0.34,0.20],
  [0.41,0.90,-0.54,0.78,0.07,0.63,-0.86]],

 [[0.03,-0.70,0.41,-0.63,0.33,-0.46,0.81],
  [-0.23,0.27,-0.41,0.25,-0.01,0.48,-0.08],
  [-0.21,0.83,-0.58,0.62,-0.51,0.57,-0.70]],

 [[-0.10,-0.94,0.63,-1.15,0.01,-0.91,0.47],
  [-0.37,-0.39,0.37,-0.55,-0.41,-0.42,0.06],
  [-0.70,0.67,-0.38,0.41,-0.75,0.56,-0.72]]]
Epoch: 77
[[[0.51,-0.29,0.06,0.35,0.91,0.21,0.73],
  [0.57,0.22,-0.31,0.63,0.47,0.34,0.20],
  [0.41,0.90,-0.54,0.78,0.07,0.63,-0.86]],

 [[0.03,-0.70,0.41,-0.63,0.33,-0.46,0.81],
  [-0.23,0.27,-0.41,0.25,-0.01,0.48,-0.08],
  [-0.21,0.83,-0.58,0.62,-0.51,0.57,-0.70]],

 [[-0.10,-0.94,0.63,-1.15,0.01,-0.91,0.47],
  [-0.37,-0.39,0.37,-0.55,-0.41,-0.42,0.06],
  [-0.70,0.66,-0.38,0.41,-0.75,0.56,-0.72]]]
Epoch: 78
[[[0.51,-0.29,0.06,0.35,0.91,0.21,0.73],
  [0.57,0.22,-0.31,0.63,0.47,0.34,0.20],
  [0.41,0.90,-0.54,0.78,0.07,0.63,-0.86]],

 [[0.03,-0.70,0.41,-0.63,0.33,-0.46,0.81],
  [-0.23,0.27,-0.41,0.25,-0.01,0.48,-0.08],
  [-0.21,0.83,-0.57,0.62,-0.51,0.57,-0.70]],

 [[-0.10,-0.94,0.63,-1.15,0.02,-0.91,0.47],
  [-0.37,-0.39,0.36,-0.55,-0.41,-0.42,0.06],
  [-0.70,0.66,-0.38,0.41,-0.75,0.55,-0.72]]]
Epoch: 79
[[[0.51,-0.29,0.06,0.35,0.91,0.21,0.73],
  [0.57,0.22,-0.31,0.63,0.47,0.34,0.20],
  [0.41,0.90,-0.54,0.78,0.07,0.63,-0.86]],

 [[0.03,-0.70,0.41,-0.63,0.33,-0.46,0.81],
  [-0.23,0.27,-0.41,0.25,-0.01,0.48,-0.08],
  [-0.21,0.83,-0.57,0.62,-0.51,0.57,-0.70]],

 [[-0.10,-0.94,0.63,-1.15,0.02,-0.91,0.47],
  [-0.37,-0.39,0.36,-0.55,-0.41,-0.42,0.06],
  [-0.70,0.66,-0.38,0.41,-0.75,0.55,-0.72]]]
Epoch: 80
[[[0.51,-0.29,0.06,0.35,0.91,0.21,0.73],
  [0.57,0.22,-0.31,0.63,0.47,0.34,0.20],
  [0.41,0.90,-0.54,0.78,0.07,0.63,-0.86]],

 [[0.02,-0.70,0.41,-0.63,0.33,-0.46,0.81],
  [-0.23,0.27,-0.41,0.25,-0.01,0.48,-0.08],
  [-0.21,0.83,-0.57,0.62,-0.51,0.57,-0.70]],

 [[-0.10,-0.94,0.63,-1.15,0.02,-0.91,0.47],
  [-0.37,-0.38,0.36,-0.55,-0.41,-0.42,0.06],
  [-0.70,0.66,-0.38,0.41,-0.75,0.55,-0.72]]]
Epoch: 81
[[[0.51,-0.29,0.06,0.35,0.91,0.21,0.73],
  [0.57,0.22,-0.31,0.63,0.47,0.34,0.20],
  [0.41,0.90,-0.54,0.78,0.07,0.63,-0.86]],

 [[0.02,-0.70,0.41,-0.63,0.33,-0.47,0.81],
  [-0.23,0.27,-0.41,0.25,-0.01,0.48,-0.08],
  [-0.21,0.83,-0.57,0.62,-0.51,0.57,-0.69]],

 [[-0.10,-0.94,0.63,-1.15,0.02,-0.91,0.47],
  [-0.37,-0.38,0.36,-0.55,-0.41,-0.42,0.06],
  [-0.70,0.66,-0.38,0.41,-0.75,0.55,-0.72]]]
Epoch: 82
[[[0.51,-0.29,0.06,0.35,0.91,0.21,0.73],
  [0.57,0.22,-0.31,0.63,0.47,0.34,0.20],
  [0.41,0.90,-0.54,0.78,0.07,0.63,-0.86]],

 [[0.02,-0.70,0.41,-0.63,0.33,-0.47,0.81],
  [-0.23,0.27,-0.41,0.25,-0.01,0.48,-0.08],
  [-0.22,0.83,-0.57,0.62,-0.51,0.57,-0.69]],

 [[-0.10,-0.94,0.63,-1.15,0.02,-0.91,0.47],
  [-0.37,-0.38,0.36,-0.55,-0.41,-0.42,0.06],
  [-0.70,0.66,-0.38,0.41,-0.75,0.55,-0.72]]]
Epoch: 83
[[[0.50,-0.29,0.05,0.35,0.91,0.20,0.75],
  [0.56,0.22,-0.31,0.63,0.48,0.34,0.19],
  [0.42,0.91,-0.54,0.77,0.06,0.62,-0.86]],

 [[0.01,-0.70,0.41,-0.64,0.35,-0.47,0.79],
  [-0.24,0.28,-0.42,0.24,-0.02,0.48,-0.07],
  [-0.21,0.83,-0.58,0.62,-0.50,0.56,-0.70]],

 [[-0.11,-0.94,0.63,-1.16,0.02,-0.92,0.47],
  [-0.37,-0.38,0.36,-0.56,-0.40,-0.43,0.06],
  [-0.70,0.67,-0.37,0.41,-0.75,0.55,-0.72]]]
Epoch: 84
[[[0.50,-0.29,0.05,0.36,0.92,0.21,0.76],
  [0.55,0.23,-0.32,0.62,0.47,0.33,0.16],
  [0.43,0.93,-0.54,0.77,0.05,0.62,-0.86]],

 [[0.00,-0.70,0.41,-0.66,0.34,-0.48,0.78],
  [-0.25,0.29,-0.42,0.24,-0.03,0.48,-0.06],
  [-0.21,0.84,-0.59,0.62,-0.49,0.57,-0.70]],

 [[-0.11,-0.94,0.64,-1.17,0.02,-0.93,0.46],
  [-0.37,-0.40,0.36,-0.57,-0.39,-0.44,0.06],
  [-0.70,0.68,-0.36,0.41,-0.76,0.54,-0.72]]]
Epoch: 85
[[[0.50,-0.30,0.05,0.36,0.93,0.21,0.78],
  [0.55,0.23,-0.32,0.62,0.46,0.33,0.14],
  [0.43,0.94,-0.54,0.77,0.05,0.61,-0.86]],

 [[-0.00,-0.71,0.42,-0.67,0.34,-0.49,0.76],
  [-0.26,0.31,-0.43,0.24,-0.04,0.49,-0.06],
  [-0.20,0.84,-0.60,0.62,-0.49,0.57,-0.70]],

 [[-0.11,-0.94,0.65,-1.17,0.01,-0.94,0.45],
  [-0.36,-0.40,0.37,-0.59,-0.38,-0.45,0.07],
  [-0.70,0.68,-0.35,0.41,-0.76,0.54,-0.72]]]
Epoch: 86
[[[0.50,-0.30,0.05,0.36,0.93,0.21,0.79],
  [0.54,0.24,-0.32,0.62,0.45,0.33,0.13],
  [0.44,0.95,-0.54,0.77,0.04,0.61,-0.86]],

 [[-0.01,-0.71,0.42,-0.69,0.33,-0.50,0.75],
  [-0.27,0.32,-0.44,0.24,-0.06,0.50,-0.06],
  [-0.19,0.85,-0.61,0.62,-0.48,0.57,-0.70]],

 [[-0.11,-0.94,0.65,-1.18,0.01,-0.95,0.44],
  [-0.36,-0.41,0.37,-0.60,-0.37,-0.46,0.07],
  [-0.70,0.69,-0.34,0.41,-0.77,0.54,-0.72]]]
Epoch: 87
[[[0.50,-0.30,0.05,0.37,0.94,0.21,0.80],
  [0.54,0.24,-0.32,0.62,0.44,0.33,0.11],
  [0.45,0.96,-0.54,0.77,0.04,0.61,-0.86]],

 [[-0.02,-0.71,0.42,-0.70,0.33,-0.51,0.74],
  [-0.28,0.33,-0.44,0.24,-0.07,0.50,-0.06],
  [-0.19,0.85,-0.61,0.62,-0.48,0.57,-0.70]],

 [[-0.11,-0.95,0.66,-1.19,0.01,-0.96,0.44],
  [-0.35,-0.42,0.37,-0.61,-0.36,-0.47,0.07],
  [-0.70,0.69,-0.33,0.41,-0.77,0.53,-0.72]]]
Epoch: 88
[[[0.50,-0.30,0.05,0.37,0.94,0.21,0.81],
  [0.54,0.24,-0.32,0.62,0.43,0.33,0.09],
  [0.45,0.97,-0.55,0.77,0.03,0.61,-0.86]],

 [[-0.02,-0.72,0.43,-0.71,0.32,-0.51,0.73],
  [-0.29,0.34,-0.45,0.24,-0.08,0.51,-0.05],
  [-0.18,0.86,-0.62,0.62,-0.47,0.57,-0.70]],

 [[-0.11,-0.95,0.67,-1.19,0.01,-0.97,0.43],
  [-0.35,-0.43,0.37,-0.62,-0.35,-0.48,0.08],
  [-0.70,0.70,-0.33,0.41,-0.78,0.53,-0.72]]]
Epoch: 89
[[[0.50,-0.30,0.05,0.37,0.95,0.22,0.82],
  [0.54,0.25,-0.33,0.62,0.43,0.33,0.08],
  [0.46,0.97,-0.55,0.77,0.03,0.60,-0.86]],

 [[-0.03,-0.72,0.43,-0.72,0.32,-0.52,0.72],
  [-0.30,0.34,-0.45,0.23,-0.08,0.50,-0.05],
  [-0.18,0.86,-0.63,0.62,-0.47,0.57,-0.70]],

 [[-0.10,-0.95,0.67,-1.20,0.00,-0.97,0.43],
  [-0.35,-0.41,0.37,-0.63,-0.35,-0.47,0.08],
  [-0.70,0.70,-0.32,0.41,-0.78,0.53,-0.72]]]
Epoch: 90
[[[0.50,-0.30,0.05,0.38,0.95,0.22,0.83],
  [0.53,0.25,-0.33,0.61,0.41,0.32,0.07],
  [0.47,0.97,-0.55,0.77,0.03,0.59,-0.87]],

 [[-0.03,-0.72,0.43,-0.72,0.31,-0.52,0.70],
  [-0.30,0.33,-0.46,0.23,-0.09,0.50,-0.04],
  [-0.18,0.86,-0.63,0.62,-0.47,0.57,-0.70]],

 [[-0.10,-0.95,0.68,-1.21,0.00,-0.98,0.42],
  [-0.35,-0.40,0.38,-0.63,-0.34,-0.47,0.07],
  [-0.70,0.71,-0.31,0.41,-0.78,0.53,-0.73]]]
Epoch: 91
[[[0.50,-0.30,0.05,0.38,0.96,0.22,0.84],
  [0.52,0.25,-0.33,0.61,0.41,0.32,0.06],
  [0.48,0.97,-0.55,0.77,0.03,0.58,-0.87]],

 [[-0.04,-0.72,0.42,-0.73,0.31,-0.53,0.69],
  [-0.31,0.33,-0.46,0.23,-0.09,0.50,-0.04],
  [-0.17,0.86,-0.64,0.62,-0.46,0.57,-0.70]],

 [[-0.10,-0.96,0.70,-1.21,0.00,-0.99,0.42],
  [-0.35,-0.39,0.38,-0.63,-0.34,-0.46,0.07],
  [-0.70,0.71,-0.31,0.41,-0.79,0.53,-0.73]]]
Epoch: 92
[[[0.50,-0.30,0.05,0.38,0.96,0.22,0.85],
  [0.52,0.25,-0.34,0.60,0.40,0.32,0.04],
  [0.49,0.97,-0.56,0.77,0.03,0.57,-0.87]],

 [[-0.04,-0.72,0.42,-0.73,0.30,-0.53,0.68],
  [-0.31,0.33,-0.47,0.23,-0.10,0.49,-0.03],
  [-0.17,0.86,-0.65,0.62,-0.46,0.57,-0.70]],

 [[-0.10,-0.96,0.71,-1.22,0.00,-1.00,0.42],
  [-0.35,-0.39,0.38,-0.64,-0.34,-0.46,0.07],
  [-0.70,0.72,-0.30,0.42,-0.79,0.53,-0.73]]]
Epoch: 93
[[[0.49,-0.30,0.05,0.38,0.96,0.22,0.86],
  [0.51,0.25,-0.34,0.60,0.39,0.31,0.03],
  [0.50,0.97,-0.56,0.77,0.03,0.57,-0.87]],

 [[-0.05,-0.72,0.42,-0.74,0.30,-0.53,0.67],
  [-0.31,0.32,-0.47,0.22,-0.10,0.49,-0.03],
  [-0.17,0.86,-0.65,0.61,-0.46,0.56,-0.69]],

 [[-0.10,-0.96,0.72,-1.23,0.01,-1.01,0.42],
  [-0.35,-0.38,0.38,-0.64,-0.33,-0.46,0.07],
  [-0.70,0.73,-0.29,0.42,-0.79,0.54,-0.73]]]
Epoch: 94
[[[0.49,-0.31,0.05,0.38,0.96,0.22,0.86],
  [0.51,0.25,-0.34,0.60,0.38,0.31,0.03],
  [0.51,0.97,-0.56,0.77,0.03,0.56,-0.87]],

 [[-0.05,-0.72,0.41,-0.74,0.29,-0.54,0.66],
  [-0.32,0.31,-0.47,0.22,-0.10,0.48,-0.02],
  [-0.17,0.86,-0.66,0.61,-0.46,0.56,-0.69]],

 [[-0.10,-0.97,0.73,-1.24,0.01,-1.01,0.42],
  [-0.35,-0.37,0.38,-0.64,-0.33,-0.45,0.07],
  [-0.70,0.73,-0.28,0.42,-0.79,0.54,-0.73]]]
Epoch: 95
[[[0.49,-0.31,0.05,0.37,0.96,0.22,0.87],
  [0.50,0.25,-0.35,0.59,0.37,0.31,0.02],
  [0.52,0.96,-0.56,0.77,0.03,0.55,-0.87]],

 [[-0.06,-0.72,0.41,-0.75,0.29,-0.54,0.65],
  [-0.32,0.30,-0.47,0.21,-0.10,0.48,-0.02],
  [-0.17,0.86,-0.66,0.61,-0.45,0.56,-0.69]],

 [[-0.09,-0.97,0.73,-1.24,0.01,-1.02,0.42],
  [-0.35,-0.36,0.38,-0.64,-0.33,-0.45,0.07],
  [-0.70,0.74,-0.28,0.42,-0.80,0.54,-0.73]]]
Epoch: 96
[[[0.48,-0.31,0.05,0.37,0.96,0.22,0.87],
  [0.50,0.25,-0.35,0.59,0.37,0.30,0.01],
  [0.53,0.96,-0.57,0.77,0.03,0.55,-0.87]],

 [[-0.06,-0.72,0.41,-0.75,0.28,-0.54,0.65],
  [-0.33,0.30,-0.47,0.21,-0.11,0.47,-0.02],
  [-0.17,0.86,-0.66,0.61,-0.45,0.56,-0.69]],

 [[-0.09,-0.97,0.74,-1.25,0.01,-1.02,0.41],
  [-0.35,-0.35,0.38,-0.64,-0.33,-0.45,0.07],
  [-0.70,0.74,-0.27,0.42,-0.80,0.54,-0.74]]]
Epoch: 97
[[[0.48,-0.31,0.05,0.37,0.96,0.22,0.88],
  [0.50,0.25,-0.35,0.59,0.36,0.30,0.00],
  [0.53,0.96,-0.57,0.77,0.03,0.54,-0.87]],

 [[-0.06,-0.72,0.41,-0.75,0.28,-0.54,0.64],
  [-0.33,0.29,-0.48,0.20,-0.11,0.47,-0.01],
  [-0.16,0.86,-0.67,0.61,-0.45,0.55,-0.69]],

 [[-0.09,-0.97,0.75,-1.25,0.01,-1.03,0.41],
  [-0.35,-0.35,0.38,-0.64,-0.33,-0.45,0.06],
  [-0.70,0.75,-0.27,0.43,-0.80,0.54,-0.74]]]
Epoch: 98
[[[0.48,-0.32,0.05,0.37,0.96,0.21,0.88],
  [0.49,0.25,-0.35,0.59,0.36,0.30,-0.00],
  [0.54,0.96,-0.57,0.77,0.03,0.54,-0.87]],

 [[-0.07,-0.72,0.40,-0.75,0.28,-0.55,0.63],
  [-0.33,0.29,-0.48,0.20,-0.11,0.46,-0.01],
  [-0.16,0.86,-0.67,0.60,-0.45,0.55,-0.69]],

 [[-0.09,-0.98,0.76,-1.26,0.01,-1.03,0.41],
  [-0.34,-0.34,0.38,-0.64,-0.33,-0.44,0.06],
  [-0.70,0.75,-0.26,0.43,-0.80,0.54,-0.74]]]
Epoch: 99
[[[0.47,-0.32,0.05,0.37,0.96,0.21,0.89],
  [0.49,0.25,-0.36,0.58,0.35,0.30,-0.01],
  [0.55,0.96,-0.57,0.77,0.03,0.53,-0.87]],

 [[-0.07,-0.72,0.40,-0.76,0.27,-0.55,0.63],
  [-0.34,0.28,-0.48,0.19,-0.11,0.46,-0.00],
  [-0.16,0.86,-0.68,0.60,-0.45,0.55,-0.69]],

 [[-0.09,-0.98,0.76,-1.26,0.01,-1.04,0.41],
  [-0.34,-0.33,0.38,-0.64,-0.33,-0.44,0.06],
  [-0.70,0.76,-0.26,0.43,-0.81,0.54,-0.74]]]
