Epoch: 0
[[0.00,0.00,0.00],
 [0.00,0.00,0.00],
 [0.00,0.00,0.00]]
Epoch: 1
[[0.00,0.00,0.00],
 [0.00,0.00,0.00],
 [0.00,0.00,0.00]]
Epoch: 2
[[0.00,0.00,0.00],
 [0.00,0.00,0.00],
 [0.00,0.00,0.00]]
Epoch: 3
[[0.00,0.00,0.00],
 [0.00,0.00,0.00],
 [0.00,0.00,0.00]]
Epoch: 4
[[0.00,0.00,0.00],
 [0.00,0.00,0.00],
 [0.00,0.00,0.00]]
Epoch: 5
[[0.00,0.00,0.00],
 [0.00,0.00,0.00],
 [0.00,0.00,0.00]]
Epoch: 6
[[0.00,0.00,0.00],
 [0.00,0.00,0.00],
 [0.00,0.00,0.00]]
Epoch: 7
[[0.00,0.00,0.00],
 [0.00,0.00,0.00],
 [0.00,0.00,0.00]]
Epoch: 8
[[0.00,0.00,0.00],
 [0.00,0.00,0.00],
 [0.00,0.00,0.00]]
Epoch: 9
[[0.00,0.00,0.00],
 [0.00,0.00,0.00],
 [0.00,0.00,0.00]]
Epoch: 10
[[0.00,0.00,0.00],
 [0.00,0.00,0.00],
 [0.00,0.00,0.00]]
Epoch: 11
[[0.00,0.00,0.00],
 [0.00,0.00,0.00],
 [0.00,0.00,0.00]]
Epoch: 12
[[0.00,0.00,0.00],
 [0.00,0.00,0.00],
 [0.00,0.00,0.00]]
Epoch: 13
[[0.00,0.00,0.00],
 [0.00,0.00,0.00],
 [0.00,0.00,0.00]]
Epoch: 14
[[0.00,0.00,0.00],
 [0.00,0.00,0.00],
 [0.00,0.00,0.00]]
Epoch: 15
[[0.00,0.00,0.00],
 [0.00,0.00,0.00],
 [0.00,0.00,0.00]]
Epoch: 16
[[0.00,0.00,0.00],
 [0.00,0.00,0.00],
 [0.00,0.00,0.00]]
Epoch: 17
[[0.00,0.00,0.00],
 [0.00,0.00,0.00],
 [0.00,0.00,0.00]]
Epoch: 18
[[0.00,0.00,0.00],
 [0.00,0.00,0.00],
 [0.00,0.00,0.00]]
Epoch: 19
[[0.00,0.00,0.00],
 [0.00,0.00,0.00],
 [0.00,0.00,0.00]]
Epoch: 20
[[0.00,0.00,0.00],
 [0.00,0.00,0.00],
 [0.00,0.00,0.00]]
Epoch: 21
[[0.00,0.00,0.00],
 [0.00,0.00,0.00],
 [0.00,0.00,0.00]]
Epoch: 22
[[0.00,0.00,0.00],
 [0.00,0.00,0.00],
 [0.00,0.00,0.00]]
Epoch: 23
[[0.00,0.00,0.00],
 [0.00,0.00,0.00],
 [0.00,0.00,0.00]]
Epoch: 24
[[0.00,0.00,0.00],
 [0.00,0.00,0.00],
 [0.00,0.00,0.00]]
Epoch: 25
[[0.00,0.00,0.00],
 [0.00,0.00,0.00],
 [0.00,0.00,0.00]]
Epoch: 26
[[0.00,0.00,0.00],
 [0.00,0.00,0.00],
 [0.00,0.00,0.00]]
Epoch: 27
[[0.39,0.13,0.47],
 [0.31,0.47,0.75],
 [0.96,0.89,0.34]]
Epoch: 28
[[1.42,0.93,0.26],
 [0.85,0.62,1.00],
 [1.61,0.84,0.90]]
Epoch: 29
[[1.54,1.02,0.25],
 [0.92,0.64,1.05],
 [1.72,0.85,0.96]]
Epoch: 30
[[1.47,0.99,0.25],
 [0.90,0.64,1.07],
 [1.72,0.87,1.01]]
Epoch: 31
[[1.46,0.98,0.26],
 [0.90,0.64,1.06],
 [1.71,0.87,1.00]]
Epoch: 32
[[1.45,0.97,0.26],
 [0.89,0.63,1.06],
 [1.70,0.86,0.99]]
Epoch: 33
[[1.45,0.97,0.27],
 [0.89,0.63,1.05],
 [1.69,0.86,0.98]]
Epoch: 34
[[1.45,0.97,0.28],
 [0.89,0.62,1.05],
 [1.68,0.85,0.97]]
Epoch: 35
[[1.44,0.96,0.28],
 [0.88,0.62,1.04],
 [1.67,0.85,0.97]]
Epoch: 36
[[1.53,0.99,0.29],
 [0.91,0.62,1.01],
 [1.66,0.83,0.90]]
Epoch: 37
[[1.55,0.99,0.29],
 [0.91,0.62,1.01],
 [1.65,0.82,0.88]]
Epoch: 38
[[1.55,0.99,0.29],
 [0.91,0.62,1.00],
 [1.63,0.81,0.87]]
Epoch: 39
[[1.56,0.99,0.30],
 [0.91,0.61,1.00],
 [1.62,0.81,0.86]]
Epoch: 40
[[1.55,0.99,0.30],
 [0.91,0.61,1.00],
 [1.61,0.81,0.86]]
Epoch: 41
[[1.27,0.88,0.50],
 [0.91,0.79,0.97],
 [1.36,0.95,0.87]]
Epoch: 42
[[1.06,1.00,0.82],
 [1.17,1.31,0.80],
 [0.85,1.43,1.26]]
Epoch: 43
[[1.18,1.08,0.90],
 [1.37,1.51,0.83],
 [0.77,1.60,1.42]]
Epoch: 44
[[1.27,1.09,0.96],
 [1.48,1.58,0.87],
 [0.83,1.65,1.45]]
Epoch: 45
[[1.31,1.10,0.99],
 [1.55,1.61,0.90],
 [0.86,1.69,1.46]]
Epoch: 46
[[1.36,1.06,1.01],
 [1.56,1.61,0.95],
 [0.85,1.68,1.45]]
Epoch: 47
[[1.38,1.06,1.01],
 [1.56,1.61,1.00],
 [0.82,1.65,1.46]]
Epoch: 48
[[1.40,1.05,1.02],
 [1.56,1.62,1.03],
 [0.80,1.64,1.47]]
Epoch: 49
[[1.35,1.11,1.04],
 [1.54,1.60,1.00],
 [0.84,1.62,1.47]]
Epoch: 50
[[1.33,1.15,1.05],
 [1.54,1.60,0.99],
 [0.87,1.60,1.47]]
Epoch: 51
[[1.31,1.17,1.07],
 [1.54,1.60,0.98],
 [0.89,1.60,1.46]]
Epoch: 52
[[1.31,1.18,1.08],
 [1.54,1.60,0.98],
 [0.90,1.59,1.46]]
Epoch: 53
[[1.30,1.19,1.09],
 [1.54,1.60,0.98],
 [0.91,1.59,1.45]]
Epoch: 54
[[1.28,1.18,1.09],
 [1.52,1.55,0.93],
 [0.93,1.61,1.42]]
Epoch: 55
[[1.27,1.16,1.10],
 [1.51,1.53,0.90],
 [0.96,1.62,1.41]]
Epoch: 56
[[1.26,1.16,1.11],
 [1.50,1.51,0.88],
 [0.98,1.63,1.40]]
Epoch: 57
[[1.25,1.15,1.12],
 [1.50,1.50,0.87],
 [0.99,1.64,1.40]]
Epoch: 58
[[1.25,1.15,1.12],
 [1.50,1.49,0.87],
 [1.00,1.64,1.40]]
Epoch: 59
[[1.25,1.15,1.12],
 [1.50,1.48,0.86],
 [1.01,1.65,1.39]]
Epoch: 60
[[1.25,1.15,1.13],
 [1.50,1.48,0.86],
 [1.01,1.65,1.39]]
Epoch: 61
[[1.25,1.15,1.13],
 [1.50,1.47,0.86],
 [1.02,1.65,1.39]]
Epoch: 62
[[1.25,1.15,1.13],
 [1.50,1.47,0.86],
 [1.02,1.65,1.39]]
Epoch: 63
[[1.25,1.15,1.13],
 [1.50,1.47,0.86],
 [1.02,1.65,1.39]]
Epoch: 64
[[1.25,1.15,1.13],
 [1.50,1.47,0.86],
 [1.03,1.65,1.38]]
Epoch: 65
[[1.25,1.15,1.13],
 [1.50,1.47,0.86],
 [1.03,1.65,1.38]]
Epoch: 66
[[1.25,1.15,1.13],
 [1.50,1.46,0.86],
 [1.03,1.65,1.38]]
Epoch: 67
[[1.25,1.15,1.13],
 [1.50,1.46,0.86],
 [1.03,1.65,1.38]]
Epoch: 68
[[1.25,1.15,1.13],
 [1.49,1.46,0.86],
 [1.03,1.64,1.38]]
Epoch: 69
[[1.25,1.14,1.13],
 [1.49,1.46,0.86],
 [1.03,1.64,1.38]]
Epoch: 70
[[1.25,1.14,1.13],
 [1.49,1.46,0.86],
 [1.03,1.64,1.37]]
Epoch: 71
[[1.25,1.14,1.13],
 [1.49,1.46,0.86],
 [1.04,1.64,1.37]]
Epoch: 72
[[1.25,1.14,1.14],
 [1.49,1.46,0.86],
 [1.04,1.64,1.37]]
Epoch: 73
[[1.25,1.14,1.14],
 [1.49,1.46,0.86],
 [1.04,1.64,1.37]]
Epoch: 74
[[1.25,1.14,1.14],
 [1.49,1.46,0.86],
 [1.04,1.64,1.37]]
Epoch: 75
[[1.25,1.14,1.14],
 [1.49,1.46,0.86],
 [1.04,1.64,1.37]]
Epoch: 76
[[1.25,1.14,1.14],
 [1.49,1.45,0.86],
 [1.04,1.64,1.36]]
Epoch: 77
[[1.25,1.14,1.14],
 [1.49,1.45,0.86],
 [1.04,1.64,1.36]]
Epoch: 78
[[1.25,1.14,1.14],
 [1.49,1.45,0.86],
 [1.04,1.64,1.36]]
Epoch: 79
[[1.25,1.14,1.14],
 [1.49,1.45,0.86],
 [1.04,1.64,1.36]]
Epoch: 80
[[1.25,1.14,1.14],
 [1.49,1.45,0.86],
 [1.04,1.64,1.36]]
Epoch: 81
[[1.25,1.14,1.14],
 [1.49,1.45,0.86],
 [1.04,1.63,1.36]]
Epoch: 82
[[1.25,1.14,1.14],
 [1.49,1.45,0.86],
 [1.04,1.63,1.36]]
Epoch: 83
[[1.26,1.15,1.13],
 [1.49,1.45,0.86],
 [1.04,1.64,1.37]]
Epoch: 84
[[1.29,1.15,1.12],
 [1.51,1.46,0.86],
 [1.02,1.65,1.39]]
Epoch: 85
[[1.31,1.16,1.11],
 [1.52,1.47,0.86],
 [1.01,1.66,1.40]]
Epoch: 86
[[1.34,1.17,1.10],
 [1.53,1.48,0.86],
 [1.00,1.66,1.42]]
Epoch: 87
[[1.36,1.17,1.10],
 [1.54,1.49,0.86],
 [1.00,1.67,1.44]]
Epoch: 88
[[1.38,1.18,1.09],
 [1.55,1.50,0.86],
 [0.99,1.68,1.45]]
Epoch: 89
[[1.40,1.18,1.08],
 [1.56,1.50,0.87],
 [0.99,1.68,1.45]]
Epoch: 90
[[1.42,1.18,1.08],
 [1.56,1.50,0.87],
 [1.00,1.68,1.46]]
Epoch: 91
[[1.44,1.18,1.08],
 [1.57,1.49,0.88],
 [1.01,1.69,1.46]]
Epoch: 92
[[1.46,1.18,1.07],
 [1.57,1.49,0.88],
 [1.02,1.69,1.47]]
Epoch: 93
[[1.47,1.18,1.07],
 [1.57,1.48,0.89],
 [1.03,1.69,1.47]]
Epoch: 94
[[1.48,1.19,1.07],
 [1.57,1.48,0.90],
 [1.04,1.69,1.47]]
Epoch: 95
[[1.49,1.19,1.07],
 [1.57,1.47,0.90],
 [1.05,1.69,1.47]]
Epoch: 96
[[1.49,1.19,1.06],
 [1.57,1.47,0.91],
 [1.06,1.69,1.48]]
Epoch: 97
[[1.50,1.19,1.06],
 [1.57,1.46,0.91],
 [1.07,1.69,1.48]]
Epoch: 98
[[1.51,1.19,1.06],
 [1.57,1.46,0.92],
 [1.07,1.69,1.48]]
Epoch: 99
[[1.52,1.19,1.06],
 [1.57,1.46,0.92],
 [1.08,1.69,1.48]]
